2025-10-26T23:13:27.611980Z  INFO tailwindcss_oxide::scanner: Provided sources:
2025-10-26T23:13:27.612055Z  INFO tailwindcss_oxide::scanner: Source: PublicSourceEntry { base: "/app", pattern: "**/*", negated: false }
2025-10-26T23:13:27.612153Z  INFO tailwindcss_oxide::scanner: Optimized sources:
2025-10-26T23:13:27.612158Z  INFO tailwindcss_oxide::scanner: Source: Auto { base: "/app" }
2025-10-26T23:13:27.614267Z  INFO scan_sources: tailwindcss_oxide::scanner: enter
2025-10-26T23:13:27.615005Z  INFO scan_sources: tailwindcss_oxide::scanner: Discovering "/app/eslint.config.js"
2025-10-26T23:13:27.615039Z  INFO scan_sources: tailwindcss_oxide::scanner: Discovering "/app/next-env.d.ts"
2025-10-26T23:13:27.615106Z  INFO scan_sources: tailwindcss_oxide::scanner: Discovering "/app/lib"
2025-10-26T23:13:27.615150Z  INFO scan_sources: tailwindcss_oxide::scanner: Discovering "/app/lib/firebase-admin.ts"
2025-10-26T23:13:27.615165Z  INFO scan_sources: tailwindcss_oxide::scanner: Discovering "/app/lib/auth.ts"
2025-10-26T23:13:27.615178Z  INFO scan_sources: tailwindcss_oxide::scanner: Discovering "/app/lib/utils.ts"
2025-10-26T23:13:27.615190Z  INFO scan_sources: tailwindcss_oxide::scanner: Discovering "/app/lib/firebase.ts"
2025-10-26T23:13:27.615211Z  INFO scan_sources: tailwindcss_oxide::scanner: Discovering "/app/postcss.config.mjs"
2025-10-26T23:13:27.615228Z  INFO scan_sources: tailwindcss_oxide::scanner: Discovering "/app/package.json"
2025-10-26T23:13:27.615278Z  INFO scan_sources: tailwindcss_oxide::scanner: Discovering "/app/README.md"
2025-10-26T23:13:27.615297Z  INFO scan_sources: tailwindcss_oxide::scanner: Discovering "/app/app"
2025-10-26T23:13:27.615342Z  INFO scan_sources: tailwindcss_oxide::scanner: Discovering "/app/app/FirebaseProvider.tsx"
2025-10-26T23:13:27.615355Z  INFO scan_sources: tailwindcss_oxide::scanner: Discovering "/app/app/page.tsx"
2025-10-26T23:13:27.615369Z  INFO scan_sources: tailwindcss_oxide::scanner: Discovering "/app/app/globals.css"
2025-10-26T23:13:27.615387Z  INFO scan_sources: tailwindcss_oxide::scanner: Discovering "/app/app/maintenance"
2025-10-26T23:13:27.615416Z  INFO scan_sources: tailwindcss_oxide::scanner: Discovering "/app/app/maintenance/page.tsx"
2025-10-26T23:13:27.615438Z  INFO scan_sources: tailwindcss_oxide::scanner: Discovering "/app/app/api"
2025-10-26T23:13:27.615481Z  INFO scan_sources: tailwindcss_oxide::scanner: Discovering "/app/app/api/user-profile"
2025-10-26T23:13:27.615521Z  INFO scan_sources: tailwindcss_oxide::scanner: Discovering "/app/app/api/user-profile/route.ts"
2025-10-26T23:13:27.615545Z  INFO scan_sources: tailwindcss_oxide::scanner: Discovering "/app/app/api/query"
2025-10-26T23:13:27.615579Z  INFO scan_sources: tailwindcss_oxide::scanner: Discovering "/app/app/api/query/route.ts"
2025-10-26T23:13:27.615600Z  INFO scan_sources: tailwindcss_oxide::scanner: Discovering "/app/app/api/user-activity"
2025-10-26T23:13:27.615635Z  INFO scan_sources: tailwindcss_oxide::scanner: Discovering "/app/app/api/user-activity/route.ts"
2025-10-26T23:13:27.615659Z  INFO scan_sources: tailwindcss_oxide::scanner: Discovering "/app/app/api/verify-token"
2025-10-26T23:13:27.615731Z  INFO scan_sources: tailwindcss_oxide::scanner: Discovering "/app/app/api/verify-token/route.ts"
2025-10-26T23:13:27.615757Z  INFO scan_sources: tailwindcss_oxide::scanner: Discovering "/app/app/api/heartbeat"
2025-10-26T23:13:27.615794Z  INFO scan_sources: tailwindcss_oxide::scanner: Discovering "/app/app/api/heartbeat/route.ts"
2025-10-26T23:13:27.615816Z  INFO scan_sources: tailwindcss_oxide::scanner: Discovering "/app/app/api/admin"
2025-10-26T23:13:27.615853Z  INFO scan_sources: tailwindcss_oxide::scanner: Discovering "/app/app/api/admin/users"
2025-10-26T23:13:27.615884Z  INFO scan_sources: tailwindcss_oxide::scanner: Discovering "/app/app/api/admin/users/route.ts"
2025-10-26T23:13:27.615908Z  INFO scan_sources: tailwindcss_oxide::scanner: Discovering "/app/app/api/admin/notifications"
2025-10-26T23:13:27.615937Z  INFO scan_sources: tailwindcss_oxide::scanner: Discovering "/app/app/api/admin/notifications/route.ts"
2025-10-26T23:13:27.615975Z  INFO scan_sources: tailwindcss_oxide::scanner: Discovering "/app/app/api/admin/devices"
2025-10-26T23:13:27.616003Z  INFO scan_sources: tailwindcss_oxide::scanner: Discovering "/app/app/api/admin/devices/route.ts"
2025-10-26T23:13:27.616025Z  INFO scan_sources: tailwindcss_oxide::scanner: Discovering "/app/app/api/admin/maintenance"
2025-10-26T23:13:27.616054Z  INFO scan_sources: tailwindcss_oxide::scanner: Discovering "/app/app/api/admin/maintenance/route.ts"
2025-10-26T23:13:27.616074Z  INFO scan_sources: tailwindcss_oxide::scanner: Discovering "/app/app/api/admin/active"
2025-10-26T23:13:27.616103Z  INFO scan_sources: tailwindcss_oxide::scanner: Discovering "/app/app/api/admin/active/route.ts"
2025-10-26T23:13:27.616121Z  INFO scan_sources: tailwindcss_oxide::scanner: Discovering "/app/app/api/admin/queries"
2025-10-26T23:13:27.616149Z  INFO scan_sources: tailwindcss_oxide::scanner: Discovering "/app/app/api/admin/queries/route.ts"
2025-10-26T23:13:27.616168Z  INFO scan_sources: tailwindcss_oxide::scanner: Discovering "/app/app/api/admin/logs"
2025-10-26T23:13:27.616198Z  INFO scan_sources: tailwindcss_oxide::scanner: Discovering "/app/app/api/admin/logs/route.ts"
2025-10-26T23:13:27.616222Z  INFO scan_sources: tailwindcss_oxide::scanner: Discovering "/app/app/api/maintenance-check"
2025-10-26T23:13:27.616263Z  INFO scan_sources: tailwindcss_oxide::scanner: Discovering "/app/app/api/maintenance-check/route.ts"
2025-10-26T23:13:27.616284Z  INFO scan_sources: tailwindcss_oxide::scanner: Discovering "/app/app/api/test-firebase"
2025-10-26T23:13:27.616312Z  INFO scan_sources: tailwindcss_oxide::scanner: Discovering "/app/app/api/test-firebase/route.ts"
2025-10-26T23:13:27.616337Z  INFO scan_sources: tailwindcss_oxide::scanner: Discovering "/app/app/settings"
2025-10-26T23:13:27.616364Z  INFO scan_sources: tailwindcss_oxide::scanner: Discovering "/app/app/settings/loading.tsx"
2025-10-26T23:13:27.616380Z  INFO scan_sources: tailwindcss_oxide::scanner: Discovering "/app/app/settings/page.tsx"
2025-10-26T23:13:27.616397Z  INFO scan_sources: tailwindcss_oxide::scanner: Discovering "/app/app/layout.tsx"
2025-10-26T23:13:27.616413Z  INFO scan_sources: tailwindcss_oxide::scanner: Discovering "/app/app/profile"
2025-10-26T23:13:27.616440Z  INFO scan_sources: tailwindcss_oxide::scanner: Discovering "/app/app/profile/loading.tsx"
2025-10-26T23:13:27.616453Z  INFO scan_sources: tailwindcss_oxide::scanner: Discovering "/app/app/profile/page.tsx"
2025-10-26T23:13:27.616472Z  INFO scan_sources: tailwindcss_oxide::scanner: Discovering "/app/app/vip"
2025-10-26T23:13:27.616497Z  INFO scan_sources: tailwindcss_oxide::scanner: Discovering "/app/app/vip/loading.tsx"
2025-10-26T23:13:27.616516Z  INFO scan_sources: tailwindcss_oxide::scanner: Discovering "/app/app/vip/page.tsx"
2025-10-26T23:13:27.616538Z  INFO scan_sources: tailwindcss_oxide::scanner: Discovering "/app/app/boss"
2025-10-26T23:13:27.616636Z  INFO scan_sources: tailwindcss_oxide::scanner: Discovering "/app/app/boss/loading.tsx"
2025-10-26T23:13:27.616690Z  INFO scan_sources: tailwindcss_oxide::scanner: Discovering "/app/app/boss/page.tsx"
2025-10-26T23:13:27.616713Z  INFO scan_sources: tailwindcss_oxide::scanner: Discovering "/app/app/boss/login"
2025-10-26T23:13:27.616745Z  INFO scan_sources: tailwindcss_oxide::scanner: Discovering "/app/app/boss/login/page.tsx"
2025-10-26T23:13:27.616779Z  INFO scan_sources: tailwindcss_oxide::scanner: Discovering "/app/styles"
2025-10-26T23:13:27.616808Z  INFO scan_sources: tailwindcss_oxide::scanner: Discovering "/app/styles/globals.css"
2025-10-26T23:13:27.616848Z  INFO scan_sources: tailwindcss_oxide::scanner: Discovering "/app/next.config.mjs"
2025-10-26T23:13:27.616912Z  INFO scan_sources: tailwindcss_oxide::scanner: Discovering "/app/jules-scratch"
2025-10-26T23:13:27.617001Z  INFO scan_sources: tailwindcss_oxide::scanner: Discovering "/app/jules-scratch/verification"
2025-10-26T23:13:27.617102Z  INFO scan_sources: tailwindcss_oxide::scanner: Discovering "/app/jules-scratch/verification/full_verification.py"
2025-10-26T23:13:27.617137Z  INFO scan_sources: tailwindcss_oxide::scanner: Discovering "/app/jules-scratch/verification/trigger_query.py"
2025-10-26T23:13:27.617166Z  INFO scan_sources: tailwindcss_oxide::scanner: Discovering "/app/public"
2025-10-26T23:13:27.617206Z  INFO scan_sources: tailwindcss_oxide::scanner: Discovering "/app/public/placeholder.svg"
2025-10-26T23:13:27.617221Z  INFO scan_sources: tailwindcss_oxide::scanner: Discovering "/app/public/placeholder-logo.svg"
2025-10-26T23:13:27.617242Z  INFO scan_sources: tailwindcss_oxide::scanner: Discovering "/app/components"
2025-10-26T23:13:27.617285Z  INFO scan_sources: tailwindcss_oxide::scanner: Discovering "/app/components/theme-provider.tsx"
2025-10-26T23:13:27.617297Z  INFO scan_sources: tailwindcss_oxide::scanner: Discovering "/app/components/splash-screen.tsx"
2025-10-26T23:13:27.617313Z  INFO scan_sources: tailwindcss_oxide::scanner: Discovering "/app/components/ui"
2025-10-26T23:13:27.617357Z  INFO scan_sources: tailwindcss_oxide::scanner: Discovering "/app/components/ui/hover-card.tsx"
2025-10-26T23:13:27.617369Z  INFO scan_sources: tailwindcss_oxide::scanner: Discovering "/app/components/ui/use-toast.ts"
2025-10-26T23:13:27.617382Z  INFO scan_sources: tailwindcss_oxide::scanner: Discovering "/app/components/ui/calendar.tsx"
2025-10-26T23:13:27.617394Z  INFO scan_sources: tailwindcss_oxide::scanner: Discovering "/app/components/ui/pagination.tsx"
2025-10-26T23:13:27.617408Z  INFO scan_sources: tailwindcss_oxide::scanner: Discovering "/app/components/ui/input.tsx"
2025-10-26T23:13:27.617419Z  INFO scan_sources: tailwindcss_oxide::scanner: Discovering "/app/components/ui/dialog.tsx"
2025-10-26T23:13:27.617431Z  INFO scan_sources: tailwindcss_oxide::scanner: Discovering "/app/components/ui/sonner.tsx"
2025-10-26T23:13:27.617445Z  INFO scan_sources: tailwindcss_oxide::scanner: Discovering "/app/components/ui/button-group.tsx"
2025-10-26T23:13:27.617458Z  INFO scan_sources: tailwindcss_oxide::scanner: Discovering "/app/components/ui/avatar.tsx"
2025-10-26T23:13:27.617470Z  INFO scan_sources: tailwindcss_oxide::scanner: Discovering "/app/components/ui/form.tsx"
2025-10-26T23:13:27.617482Z  INFO scan_sources: tailwindcss_oxide::scanner: Discovering "/app/components/ui/breadcrumb.tsx"
2025-10-26T23:13:27.617501Z  INFO scan_sources: tailwindcss_oxide::scanner: Discovering "/app/components/ui/use-mobile.tsx"
2025-10-26T23:13:27.617522Z  INFO scan_sources: tailwindcss_oxide::scanner: Discovering "/app/components/ui/textarea.tsx"
2025-10-26T23:13:27.617535Z  INFO scan_sources: tailwindcss_oxide::scanner: Discovering "/app/components/ui/alert-dialog.tsx"
2025-10-26T23:13:27.617547Z  INFO scan_sources: tailwindcss_oxide::scanner: Discovering "/app/components/ui/scroll-area.tsx"
2025-10-26T23:13:27.617559Z  INFO scan_sources: tailwindcss_oxide::scanner: Discovering "/app/components/ui/aspect-ratio.tsx"
2025-10-26T23:13:27.617571Z  INFO scan_sources: tailwindcss_oxide::scanner: Discovering "/app/components/ui/menubar.tsx"
2025-10-26T23:13:27.617583Z  INFO scan_sources: tailwindcss_oxide::scanner: Discovering "/app/components/ui/input-group.tsx"
2025-10-26T23:13:27.617595Z  INFO scan_sources: tailwindcss_oxide::scanner: Discovering "/app/components/ui/label.tsx"
2025-10-26T23:13:27.617607Z  INFO scan_sources: tailwindcss_oxide::scanner: Discovering "/app/components/ui/progress.tsx"
2025-10-26T23:13:27.617620Z  INFO scan_sources: tailwindcss_oxide::scanner: Discovering "/app/components/ui/collapsible.tsx"
2025-10-26T23:13:27.617631Z  INFO scan_sources: tailwindcss_oxide::scanner: Discovering "/app/components/ui/chart.tsx"
2025-10-26T23:13:27.617644Z  INFO scan_sources: tailwindcss_oxide::scanner: Discovering "/app/components/ui/accordion.tsx"
2025-10-26T23:13:27.617656Z  INFO scan_sources: tailwindcss_oxide::scanner: Discovering "/app/components/ui/dropdown-menu.tsx"
2025-10-26T23:13:27.617705Z  INFO scan_sources: tailwindcss_oxide::scanner: Discovering "/app/components/ui/popover.tsx"
2025-10-26T23:13:27.617723Z  INFO scan_sources: tailwindcss_oxide::scanner: Discovering "/app/components/ui/navigation-menu.tsx"
2025-10-26T23:13:27.617746Z  INFO scan_sources: tailwindcss_oxide::scanner: Discovering "/app/components/ui/switch.tsx"
2025-10-26T23:13:27.617760Z  INFO scan_sources: tailwindcss_oxide::scanner: Discovering "/app/components/ui/kbd.tsx"
2025-10-26T23:13:27.617772Z  INFO scan_sources: tailwindcss_oxide::scanner: Discovering "/app/components/ui/item.tsx"
2025-10-26T23:13:27.617783Z  INFO scan_sources: tailwindcss_oxide::scanner: Discovering "/app/components/ui/tabs.tsx"
2025-10-26T23:13:27.617795Z  INFO scan_sources: tailwindcss_oxide::scanner: Discovering "/app/components/ui/toggle.tsx"
2025-10-26T23:13:27.617811Z  INFO scan_sources: tailwindcss_oxide::scanner: Discovering "/app/components/ui/badge.tsx"
2025-10-26T23:13:27.617824Z  INFO scan_sources: tailwindcss_oxide::scanner: Discovering "/app/components/ui/empty.tsx"
2025-10-26T23:13:27.617835Z  INFO scan_sources: tailwindcss_oxide::scanner: Discovering "/app/components/ui/alert.tsx"
2025-10-26T23:13:27.617848Z  INFO scan_sources: tailwindcss_oxide::scanner: Discovering "/app/components/ui/resizable.tsx"
2025-10-26T23:13:27.617860Z  INFO scan_sources: tailwindcss_oxide::scanner: Discovering "/app/components/ui/toggle-group.tsx"
2025-10-26T23:13:27.617872Z  INFO scan_sources: tailwindcss_oxide::scanner: Discovering "/app/components/ui/sheet.tsx"
2025-10-26T23:13:27.617883Z  INFO scan_sources: tailwindcss_oxide::scanner: Discovering "/app/components/ui/button.tsx"
2025-10-26T23:13:27.617895Z  INFO scan_sources: tailwindcss_oxide::scanner: Discovering "/app/components/ui/separator.tsx"
2025-10-26T23:13:27.617907Z  INFO scan_sources: tailwindcss_oxide::scanner: Discovering "/app/components/ui/toast.tsx"
2025-10-26T23:13:27.617918Z  INFO scan_sources: tailwindcss_oxide::scanner: Discovering "/app/components/ui/card.tsx"
2025-10-26T23:13:27.617930Z  INFO scan_sources: tailwindcss_oxide::scanner: Discovering "/app/components/ui/checkbox.tsx"
2025-10-26T23:13:27.617941Z  INFO scan_sources: tailwindcss_oxide::scanner: Discovering "/app/components/ui/slider.tsx"
2025-10-26T23:13:27.617953Z  INFO scan_sources: tailwindcss_oxide::scanner: Discovering "/app/components/ui/field.tsx"
2025-10-26T23:13:27.617965Z  INFO scan_sources: tailwindcss_oxide::scanner: Discovering "/app/components/ui/sidebar.tsx"
2025-10-26T23:13:27.617976Z  INFO scan_sources: tailwindcss_oxide::scanner: Discovering "/app/components/ui/toaster.tsx"
2025-10-26T23:13:27.617988Z  INFO scan_sources: tailwindcss_oxide::scanner: Discovering "/app/components/ui/drawer.tsx"
2025-10-26T23:13:27.617999Z  INFO scan_sources: tailwindcss_oxide::scanner: Discovering "/app/components/ui/input-otp.tsx"
2025-10-26T23:13:27.618010Z  INFO scan_sources: tailwindcss_oxide::scanner: Discovering "/app/components/ui/radio-group.tsx"
2025-10-26T23:13:27.618022Z  INFO scan_sources: tailwindcss_oxide::scanner: Discovering "/app/components/ui/skeleton.tsx"
2025-10-26T23:13:27.618034Z  INFO scan_sources: tailwindcss_oxide::scanner: Discovering "/app/components/ui/table.tsx"
2025-10-26T23:13:27.618045Z  INFO scan_sources: tailwindcss_oxide::scanner: Discovering "/app/components/ui/tooltip.tsx"
2025-10-26T23:13:27.618060Z  INFO scan_sources: tailwindcss_oxide::scanner: Discovering "/app/components/ui/context-menu.tsx"
2025-10-26T23:13:27.618071Z  INFO scan_sources: tailwindcss_oxide::scanner: Discovering "/app/components/ui/select.tsx"
2025-10-26T23:13:27.618083Z  INFO scan_sources: tailwindcss_oxide::scanner: Discovering "/app/components/ui/spinner.tsx"
2025-10-26T23:13:27.618095Z  INFO scan_sources: tailwindcss_oxide::scanner: Discovering "/app/components/ui/command.tsx"
2025-10-26T23:13:27.618106Z  INFO scan_sources: tailwindcss_oxide::scanner: Discovering "/app/components/ui/carousel.tsx"
2025-10-26T23:13:27.618129Z  INFO scan_sources: tailwindcss_oxide::scanner: Discovering "/app/components/login-form.tsx"
2025-10-26T23:13:27.618141Z  INFO scan_sources: tailwindcss_oxide::scanner: Discovering "/app/components/maintenance-page.tsx"
2025-10-26T23:13:27.618153Z  INFO scan_sources: tailwindcss_oxide::scanner: Discovering "/app/components/query-interface.tsx"
2025-10-26T23:13:27.618168Z  INFO scan_sources: tailwindcss_oxide::scanner: Discovering "/app/components/query-result.tsx"
2025-10-26T23:13:27.618186Z  INFO scan_sources: tailwindcss_oxide::scanner: Discovering "/app/tsconfig.json"
2025-10-26T23:13:27.618197Z  INFO scan_sources: tailwindcss_oxide::scanner: Discovering "/app/components.json"
2025-10-26T23:13:27.618214Z  INFO scan_sources: tailwindcss_oxide::scanner: Discovering "/app/hooks"
2025-10-26T23:13:27.618244Z  INFO scan_sources: tailwindcss_oxide::scanner: Discovering "/app/hooks/use-toast.ts"
2025-10-26T23:13:27.618256Z  INFO scan_sources: tailwindcss_oxide::scanner: Discovering "/app/hooks/use-mobile.ts"
2025-10-26T23:13:27.618324Z  INFO scan_sources: tailwindcss_oxide::scanner: exit
2025-10-26T23:13:27.618332Z  INFO extract_candidates: tailwindcss_oxide::scanner: enter
2025-10-26T23:13:27.618357Z  INFO extract_candidates:read_all_files: tailwindcss_oxide::scanner: enter
2025-10-26T23:13:27.618361Z  INFO extract_candidates:read_all_files: tailwindcss_oxide::scanner: Reading 108 file(s)
2025-10-26T23:13:27.619244Z  INFO tailwindcss_oxide::scanner: Reading "/app/eslint.config.js"
2025-10-26T23:13:27.619245Z  INFO tailwindcss_oxide::scanner: Reading "/app/components/ui/use-mobile.tsx"
2025-10-26T23:13:27.619267Z  INFO tailwindcss_oxide::scanner: Reading "/app/components/ui/separator.tsx"
2025-10-26T23:13:27.619300Z  INFO tailwindcss_oxide::scanner: Reading "/app/next-env.d.ts"
2025-10-26T23:13:27.619301Z  INFO tailwindcss_oxide::scanner: Reading "/app/components/ui/textarea.tsx"
2025-10-26T23:13:27.619314Z  INFO tailwindcss_oxide::scanner: Reading "/app/components/ui/toast.tsx"
2025-10-26T23:13:27.619319Z  INFO tailwindcss_oxide::scanner: Reading "/app/lib/firebase-admin.ts"
2025-10-26T23:13:27.619333Z  INFO tailwindcss_oxide::scanner: Reading "/app/components/ui/card.tsx"
2025-10-26T23:13:27.619336Z  INFO tailwindcss_oxide::scanner: Reading "/app/components/ui/alert-dialog.tsx"
2025-10-26T23:13:27.619343Z  INFO tailwindcss_oxide::scanner: Reading "/app/lib/auth.ts"
2025-10-26T23:13:27.619364Z  INFO tailwindcss_oxide::scanner: Reading "/app/lib/utils.ts"
2025-10-26T23:13:27.619370Z  INFO tailwindcss_oxide::scanner: Reading "/app/components/ui/scroll-area.tsx"
2025-10-26T23:13:27.619386Z  INFO tailwindcss_oxide::scanner: Reading "/app/lib/firebase.ts"
2025-10-26T23:13:27.619397Z  INFO tailwindcss_oxide::scanner: Reading "/app/components/ui/aspect-ratio.tsx"
2025-10-26T23:13:27.619403Z  INFO tailwindcss_oxide::scanner: Reading "/app/postcss.config.mjs"
2025-10-26T23:13:27.619412Z  INFO tailwindcss_oxide::scanner: Reading "/app/components/ui/checkbox.tsx"
2025-10-26T23:13:27.619431Z  INFO tailwindcss_oxide::scanner: Reading "/app/package.json"
2025-10-26T23:13:27.619450Z  INFO tailwindcss_oxide::scanner: Reading "/app/components/ui/menubar.tsx"
2025-10-26T23:13:27.619492Z  INFO tailwindcss_oxide::scanner: Reading "/app/README.md"
2025-10-26T23:13:27.619512Z  INFO tailwindcss_oxide::scanner: Reading "/app/components/ui/input-group.tsx"
2025-10-26T23:13:27.619514Z  INFO tailwindcss_oxide::scanner: Reading "/app/app/FirebaseProvider.tsx"
2025-10-26T23:13:27.619515Z  INFO tailwindcss_oxide::scanner: Reading "/app/components/ui/slider.tsx"
2025-10-26T23:13:27.619540Z  INFO tailwindcss_oxide::scanner: Reading "/app/components/ui/label.tsx"
2025-10-26T23:13:27.619547Z  INFO tailwindcss_oxide::scanner: Reading "/app/app/page.tsx"
2025-10-26T23:13:27.619568Z  INFO tailwindcss_oxide::scanner: Reading "/app/components/ui/progress.tsx"
2025-10-26T23:13:27.619571Z  INFO tailwindcss_oxide::scanner: Reading "/app/app/maintenance/page.tsx"
2025-10-26T23:13:27.619590Z  INFO tailwindcss_oxide::scanner: Reading "/app/components/ui/collapsible.tsx"
2025-10-26T23:13:27.619610Z  INFO tailwindcss_oxide::scanner: Reading "/app/components/ui/field.tsx"
2025-10-26T23:13:27.619643Z  INFO tailwindcss_oxide::scanner: Reading "/app/app/api/user-profile/route.ts"
2025-10-26T23:13:27.619644Z  INFO tailwindcss_oxide::scanner: Reading "/app/components/ui/chart.tsx"
2025-10-26T23:13:27.619741Z  INFO tailwindcss_oxide::scanner: Reading "/app/app/api/query/route.ts"
2025-10-26T23:13:27.619775Z  INFO tailwindcss_oxide::scanner: Reading "/app/components/ui/accordion.tsx"
2025-10-26T23:13:27.619765Z  INFO tailwindcss_oxide::scanner: Reading "/app/app/settings/page.tsx"
2025-10-26T23:13:27.619808Z  INFO tailwindcss_oxide::scanner: Reading "/app/app/api/user-activity/route.ts"
2025-10-26T23:13:27.619699Z  INFO tailwindcss_oxide::scanner: Reading "/app/components/ui/sidebar.tsx"
2025-10-26T23:13:27.619855Z  INFO tailwindcss_oxide::scanner: Reading "/app/app/layout.tsx"
2025-10-26T23:13:27.619864Z  INFO tailwindcss_oxide::scanner: Reading "/app/app/api/verify-token/route.ts"
2025-10-26T23:13:27.619839Z  INFO tailwindcss_oxide::scanner: Reading "/app/components/ui/dropdown-menu.tsx"
2025-10-26T23:13:27.619879Z  INFO tailwindcss_oxide::scanner: Reading "/app/app/profile/loading.tsx"
2025-10-26T23:13:27.619888Z  INFO tailwindcss_oxide::scanner: Reading "/app/app/api/heartbeat/route.ts"
2025-10-26T23:13:27.619908Z  INFO tailwindcss_oxide::scanner: Reading "/app/components/ui/toaster.tsx"
2025-10-26T23:13:27.619925Z  INFO tailwindcss_oxide::scanner: Reading "/app/app/api/admin/users/route.ts"
2025-10-26T23:13:27.619944Z  INFO tailwindcss_oxide::scanner: Reading "/app/components/ui/drawer.tsx"
2025-10-26T23:13:27.619949Z  INFO tailwindcss_oxide::scanner: Reading "/app/components/ui/popover.tsx"
2025-10-26T23:13:27.619966Z  INFO tailwindcss_oxide::scanner: Reading "/app/components/ui/input-otp.tsx"
2025-10-26T23:13:27.619968Z  INFO tailwindcss_oxide::scanner: Reading "/app/app/api/admin/notifications/route.ts"
2025-10-26T23:13:27.619976Z  INFO tailwindcss_oxide::scanner: Reading "/app/components/ui/navigation-menu.tsx"
2025-10-26T23:13:27.619986Z  INFO tailwindcss_oxide::scanner: Reading "/app/components/ui/radio-group.tsx"
2025-10-26T23:13:27.619987Z  INFO tailwindcss_oxide::scanner: Reading "/app/app/api/admin/devices/route.ts"
2025-10-26T23:13:27.619996Z  INFO tailwindcss_oxide::scanner: Reading "/app/app/profile/page.tsx"
2025-10-26T23:13:27.620005Z  INFO tailwindcss_oxide::scanner: Reading "/app/components/ui/skeleton.tsx"
2025-10-26T23:13:27.620022Z  INFO tailwindcss_oxide::scanner: Reading "/app/app/api/admin/maintenance/route.ts"
2025-10-26T23:13:27.620035Z  INFO tailwindcss_oxide::scanner: Reading "/app/components/ui/table.tsx"
2025-10-26T23:13:27.620041Z  INFO tailwindcss_oxide::scanner: Reading "/app/components/ui/switch.tsx"
2025-10-26T23:13:27.620042Z  INFO tailwindcss_oxide::scanner: Reading "/app/app/vip/loading.tsx"
2025-10-26T23:13:27.620081Z  INFO tailwindcss_oxide::scanner: Reading "/app/components/ui/kbd.tsx"
2025-10-26T23:13:27.620092Z  INFO tailwindcss_oxide::scanner: Reading "/app/components/ui/tooltip.tsx"
2025-10-26T23:13:27.620109Z  INFO tailwindcss_oxide::scanner: Reading "/app/components/ui/item.tsx"
2025-10-26T23:13:27.620108Z  INFO tailwindcss_oxide::scanner: Reading "/app/app/api/admin/active/route.ts"
2025-10-26T23:13:27.620094Z  INFO tailwindcss_oxide::scanner: Reading "/app/app/vip/page.tsx"
2025-10-26T23:13:27.620137Z  INFO tailwindcss_oxide::scanner: Reading "/app/app/api/admin/queries/route.ts"
2025-10-26T23:13:27.620139Z  INFO tailwindcss_oxide::scanner: Reading "/app/components/ui/tabs.tsx"
2025-10-26T23:13:27.620142Z  INFO tailwindcss_oxide::scanner: Reading "/app/components/ui/context-menu.tsx"
2025-10-26T23:13:27.620149Z  INFO tailwindcss_oxide::scanner: Reading "/app/app/boss/loading.tsx"
2025-10-26T23:13:27.620165Z  INFO tailwindcss_oxide::scanner: Reading "/app/components/ui/toggle.tsx"
2025-10-26T23:13:27.620182Z  INFO tailwindcss_oxide::scanner: Reading "/app/components/ui/badge.tsx"
2025-10-26T23:13:27.620184Z  INFO tailwindcss_oxide::scanner: Reading "/app/components/ui/select.tsx"
2025-10-26T23:13:27.620196Z  INFO tailwindcss_oxide::scanner: Reading "/app/app/api/admin/logs/route.ts"
2025-10-26T23:13:27.620208Z  INFO tailwindcss_oxide::scanner: Reading "/app/components/ui/empty.tsx"
2025-10-26T23:13:27.620212Z  INFO tailwindcss_oxide::scanner: Reading "/app/components/ui/spinner.tsx"
2025-10-26T23:13:27.620222Z  INFO tailwindcss_oxide::scanner: Reading "/app/components/ui/alert.tsx"
2025-10-26T23:13:27.620267Z  INFO tailwindcss_oxide::scanner: Reading "/app/components/ui/command.tsx"
2025-10-26T23:13:27.620295Z  INFO tailwindcss_oxide::scanner: Reading "/app/components/ui/carousel.tsx"
2025-10-26T23:13:27.620305Z  INFO tailwindcss_oxide::scanner: Reading "/app/components/ui/resizable.tsx"
2025-10-26T23:13:27.620313Z  INFO tailwindcss_oxide::scanner: Reading "/app/components/login-form.tsx"
2025-10-26T23:13:27.620223Z  INFO tailwindcss_oxide::scanner: Reading "/app/app/api/maintenance-check/route.ts"
2025-10-26T23:13:27.620327Z  INFO tailwindcss_oxide::scanner: Reading "/app/components/maintenance-page.tsx"
2025-10-26T23:13:27.620330Z  INFO tailwindcss_oxide::scanner: Reading "/app/components/ui/toggle-group.tsx"
2025-10-26T23:13:27.620362Z  INFO tailwindcss_oxide::scanner: Reading "/app/components/ui/sheet.tsx"
2025-10-26T23:13:27.620367Z  INFO tailwindcss_oxide::scanner: Reading "/app/components/query-interface.tsx"
2025-10-26T23:13:27.620229Z  INFO tailwindcss_oxide::scanner: Reading "/app/app/boss/page.tsx"
2025-10-26T23:13:27.620388Z  INFO tailwindcss_oxide::scanner: Reading "/app/components/ui/button.tsx"
2025-10-26T23:13:27.620403Z  INFO tailwindcss_oxide::scanner: Reading "/app/components/query-result.tsx"
2025-10-26T23:13:27.620382Z  INFO tailwindcss_oxide::scanner: Reading "/app/app/api/test-firebase/route.ts"
2025-10-26T23:13:27.620420Z  INFO tailwindcss_oxide::scanner: Reading "/app/tsconfig.json"
2025-10-26T23:13:27.620455Z  INFO tailwindcss_oxide::scanner: Reading "/app/components.json"
2025-10-26T23:13:27.620481Z  INFO tailwindcss_oxide::scanner: Reading "/app/app/settings/loading.tsx"
2025-10-26T23:13:27.620483Z  INFO tailwindcss_oxide::scanner: Reading "/app/hooks/use-toast.ts"
2025-10-26T23:13:27.620504Z  INFO tailwindcss_oxide::scanner: Reading "/app/public/placeholder-logo.svg"
2025-10-26T23:13:27.620528Z  INFO tailwindcss_oxide::scanner: Reading "/app/hooks/use-mobile.ts"
2025-10-26T23:13:27.620549Z  INFO tailwindcss_oxide::scanner: Reading "/app/components/theme-provider.tsx"
2025-10-26T23:13:27.620550Z  INFO tailwindcss_oxide::scanner: Reading "/app/components/ui/input.tsx"
2025-10-26T23:13:27.620553Z  INFO tailwindcss_oxide::scanner: Reading "/app/components/ui/hover-card.tsx"
2025-10-26T23:13:27.620558Z  INFO tailwindcss_oxide::scanner: Reading "/app/app/boss/login/page.tsx"
2025-10-26T23:13:27.620625Z  INFO tailwindcss_oxide::scanner: Reading "/app/components/splash-screen.tsx"
2025-10-26T23:13:27.620700Z  INFO tailwindcss_oxide::scanner: Reading "/app/next.config.mjs"
2025-10-26T23:13:27.620722Z  INFO tailwindcss_oxide::scanner: Reading "/app/jules-scratch/verification/full_verification.py"
2025-10-26T23:13:27.620727Z  INFO tailwindcss_oxide::scanner: Reading "/app/jules-scratch/verification/trigger_query.py"
2025-10-26T23:13:27.620630Z  INFO tailwindcss_oxide::scanner: Reading "/app/components/ui/use-toast.ts"
2025-10-26T23:13:27.620744Z  INFO tailwindcss_oxide::scanner: Reading "/app/public/placeholder.svg"
2025-10-26T23:13:27.620751Z  INFO tailwindcss_oxide::scanner: Reading "/app/components/ui/button-group.tsx"
2025-10-26T23:13:27.620769Z  INFO tailwindcss_oxide::scanner: Reading "/app/components/ui/form.tsx"
2025-10-26T23:13:27.620777Z  INFO tailwindcss_oxide::scanner: Reading "/app/components/ui/avatar.tsx"
2025-10-26T23:13:27.620789Z  INFO tailwindcss_oxide::scanner: Reading "/app/components/ui/breadcrumb.tsx"
2025-10-26T23:13:27.620632Z  INFO tailwindcss_oxide::scanner: Reading "/app/components/ui/dialog.tsx"
2025-10-26T23:13:27.620806Z  INFO tailwindcss_oxide::scanner: Reading "/app/components/ui/calendar.tsx"
2025-10-26T23:13:27.620809Z  INFO tailwindcss_oxide::scanner: Reading "/app/components/ui/sonner.tsx"
2025-10-26T23:13:27.620797Z  INFO tailwindcss_oxide::scanner: Reading "/app/components/ui/pagination.tsx"
2025-10-26T23:13:27.620869Z  INFO extract_candidates:read_all_files: tailwindcss_oxide::scanner: exit
2025-10-26T23:13:27.620888Z  INFO extract_candidates:parse_all_blobs: tailwindcss_oxide::scanner: enter
2025-10-26T23:13:27.620893Z  INFO extract_candidates:parse_all_blobs:extract: tailwindcss_oxide::scanner: enter
2025-10-26T23:13:27.625353Z  INFO extract_candidates:parse_all_blobs:extract: tailwindcss_oxide::scanner: exit
2025-10-26T23:13:27.625392Z  INFO extract_candidates:parse_all_blobs: tailwindcss_oxide::scanner: exit
2025-10-26T23:13:27.625398Z  INFO extract_candidates:read_all_files: tailwindcss_oxide::scanner: enter
2025-10-26T23:13:27.625402Z  INFO extract_candidates:read_all_files: tailwindcss_oxide::scanner: Reading 2 file(s)
2025-10-26T23:13:27.625543Z  INFO tailwindcss_oxide::scanner: Reading "/app/app/globals.css"
2025-10-26T23:13:27.625582Z  INFO tailwindcss_oxide::scanner: Reading "/app/styles/globals.css"
2025-10-26T23:13:27.625633Z  INFO extract_candidates:read_all_files: tailwindcss_oxide::scanner: exit
2025-10-26T23:13:27.625651Z  INFO extract_candidates:extract_css_variables: tailwindcss_oxide::scanner: enter
2025-10-26T23:13:27.625655Z  INFO extract_candidates:extract_css_variables:extract: tailwindcss_oxide::scanner: enter
2025-10-26T23:13:27.625838Z  INFO extract_candidates:extract_css_variables:extract: tailwindcss_oxide::scanner: exit
2025-10-26T23:13:27.625847Z  INFO extract_candidates:extract_css_variables: tailwindcss_oxide::scanner: exit
2025-10-26T23:13:27.627115Z  INFO extract_candidates: tailwindcss_oxide::scanner: exit
2025-10-26T23:13:27.628800Z  INFO get_files: tailwindcss_oxide::scanner: enter
2025-10-26T23:13:27.628828Z  INFO get_files:scan_sources: tailwindcss_oxide::scanner: enter
2025-10-26T23:13:27.629332Z  INFO get_files:scan_sources: tailwindcss_oxide::scanner: Discovering "/app/lib"
2025-10-26T23:13:27.629460Z  INFO get_files:scan_sources: tailwindcss_oxide::scanner: Discovering "/app/app"
2025-10-26T23:13:27.629527Z  INFO get_files:scan_sources: tailwindcss_oxide::scanner: Discovering "/app/app/maintenance"
2025-10-26T23:13:27.629572Z  INFO get_files:scan_sources: tailwindcss_oxide::scanner: Discovering "/app/app/api"
2025-10-26T23:13:27.629606Z  INFO get_files:scan_sources: tailwindcss_oxide::scanner: Discovering "/app/app/api/user-profile"
2025-10-26T23:13:27.629652Z  INFO get_files:scan_sources: tailwindcss_oxide::scanner: Discovering "/app/app/api/query"
2025-10-26T23:13:27.629739Z  INFO get_files:scan_sources: tailwindcss_oxide::scanner: Discovering "/app/app/api/user-activity"
2025-10-26T23:13:27.629789Z  INFO get_files:scan_sources: tailwindcss_oxide::scanner: Discovering "/app/app/api/verify-token"
2025-10-26T23:13:27.629833Z  INFO get_files:scan_sources: tailwindcss_oxide::scanner: Discovering "/app/app/api/heartbeat"
2025-10-26T23:13:27.629875Z  INFO get_files:scan_sources: tailwindcss_oxide::scanner: Discovering "/app/app/api/admin"
2025-10-26T23:13:27.629910Z  INFO get_files:scan_sources: tailwindcss_oxide::scanner: Discovering "/app/app/api/admin/users"
2025-10-26T23:13:27.629954Z  INFO get_files:scan_sources: tailwindcss_oxide::scanner: Discovering "/app/app/api/admin/notifications"
2025-10-26T23:13:27.629997Z  INFO get_files:scan_sources: tailwindcss_oxide::scanner: Discovering "/app/app/api/admin/devices"
2025-10-26T23:13:27.630039Z  INFO get_files:scan_sources: tailwindcss_oxide::scanner: Discovering "/app/app/api/admin/maintenance"
2025-10-26T23:13:27.630080Z  INFO get_files:scan_sources: tailwindcss_oxide::scanner: Discovering "/app/app/api/admin/active"
2025-10-26T23:13:27.630120Z  INFO get_files:scan_sources: tailwindcss_oxide::scanner: Discovering "/app/app/api/admin/queries"
2025-10-26T23:13:27.630160Z  INFO get_files:scan_sources: tailwindcss_oxide::scanner: Discovering "/app/app/api/admin/logs"
2025-10-26T23:13:27.630204Z  INFO get_files:scan_sources: tailwindcss_oxide::scanner: Discovering "/app/app/api/maintenance-check"
2025-10-26T23:13:27.630246Z  INFO get_files:scan_sources: tailwindcss_oxide::scanner: Discovering "/app/app/api/test-firebase"
2025-10-26T23:13:27.630291Z  INFO get_files:scan_sources: tailwindcss_oxide::scanner: Discovering "/app/app/settings"
2025-10-26T23:13:27.630361Z  INFO get_files:scan_sources: tailwindcss_oxide::scanner: Discovering "/app/app/profile"
2025-10-26T23:13:27.630408Z  INFO get_files:scan_sources: tailwindcss_oxide::scanner: Discovering "/app/app/vip"
2025-10-26T23:13:27.630453Z  INFO get_files:scan_sources: tailwindcss_oxide::scanner: Discovering "/app/app/boss"
2025-10-26T23:13:27.630495Z  INFO get_files:scan_sources: tailwindcss_oxide::scanner: Discovering "/app/app/boss/login"
2025-10-26T23:13:27.630552Z  INFO get_files:scan_sources: tailwindcss_oxide::scanner: Discovering "/app/styles"
2025-10-26T23:13:27.630648Z  INFO get_files:scan_sources: tailwindcss_oxide::scanner: Discovering "/app/jules-scratch"
2025-10-26T23:13:27.630714Z  INFO get_files:scan_sources: tailwindcss_oxide::scanner: Discovering "/app/jules-scratch/verification"
2025-10-26T23:13:27.630783Z  INFO get_files:scan_sources: tailwindcss_oxide::scanner: Discovering "/app/public"
2025-10-26T23:13:27.630845Z  INFO get_files:scan_sources: tailwindcss_oxide::scanner: Discovering "/app/components"
2025-10-26T23:13:27.630891Z  INFO get_files:scan_sources: tailwindcss_oxide::scanner: Discovering "/app/components/ui"
2025-10-26T23:13:27.631315Z  INFO get_files:scan_sources: tailwindcss_oxide::scanner: Discovering "/app/hooks"
2025-10-26T23:13:27.631398Z  INFO get_files:scan_sources: tailwindcss_oxide::scanner: exit
2025-10-26T23:13:27.631650Z  INFO get_files: tailwindcss_oxide::scanner: exit
2025-10-26T23:13:27.632035Z  INFO get_globs: tailwindcss_oxide::scanner: enter
2025-10-26T23:13:27.632046Z  INFO get_globs:scan_sources: tailwindcss_oxide::scanner: enter
2025-10-26T23:13:27.632506Z  INFO get_globs:scan_sources: tailwindcss_oxide::scanner: Discovering "/app/lib"
2025-10-26T23:13:27.632758Z  INFO get_globs:scan_sources: tailwindcss_oxide::scanner: Discovering "/app/app"
2025-10-26T23:13:27.632833Z  INFO get_globs:scan_sources: tailwindcss_oxide::scanner: Discovering "/app/app/maintenance"
2025-10-26T23:13:27.632877Z  INFO get_globs:scan_sources: tailwindcss_oxide::scanner: Discovering "/app/app/api"
2025-10-26T23:13:27.632911Z  INFO get_globs:scan_sources: tailwindcss_oxide::scanner: Discovering "/app/app/api/user-profile"
2025-10-26T23:13:27.632957Z  INFO get_globs:scan_sources: tailwindcss_oxide::scanner: Discovering "/app/app/api/query"
2025-10-26T23:13:27.633000Z  INFO get_globs:scan_sources: tailwindcss_oxide::scanner: Discovering "/app/app/api/user-activity"
2025-10-26T23:13:27.633044Z  INFO get_globs:scan_sources: tailwindcss_oxide::scanner: Discovering "/app/app/api/verify-token"
2025-10-26T23:13:27.633090Z  INFO get_globs:scan_sources: tailwindcss_oxide::scanner: Discovering "/app/app/api/heartbeat"
2025-10-26T23:13:27.633130Z  INFO get_globs:scan_sources: tailwindcss_oxide::scanner: Discovering "/app/app/api/admin"
2025-10-26T23:13:27.633163Z  INFO get_globs:scan_sources: tailwindcss_oxide::scanner: Discovering "/app/app/api/admin/users"
2025-10-26T23:13:27.633206Z  INFO get_globs:scan_sources: tailwindcss_oxide::scanner: Discovering "/app/app/api/admin/notifications"
2025-10-26T23:13:27.633249Z  INFO get_globs:scan_sources: tailwindcss_oxide::scanner: Discovering "/app/app/api/admin/devices"
2025-10-26T23:13:27.633290Z  INFO get_globs:scan_sources: tailwindcss_oxide::scanner: Discovering "/app/app/api/admin/maintenance"
2025-10-26T23:13:27.633330Z  INFO get_globs:scan_sources: tailwindcss_oxide::scanner: Discovering "/app/app/api/admin/active"
2025-10-26T23:13:27.633370Z  INFO get_globs:scan_sources: tailwindcss_oxide::scanner: Discovering "/app/app/api/admin/queries"
2025-10-26T23:13:27.633411Z  INFO get_globs:scan_sources: tailwindcss_oxide::scanner: Discovering "/app/app/api/admin/logs"
2025-10-26T23:13:27.633458Z  INFO get_globs:scan_sources: tailwindcss_oxide::scanner: Discovering "/app/app/api/maintenance-check"
2025-10-26T23:13:27.633499Z  INFO get_globs:scan_sources: tailwindcss_oxide::scanner: Discovering "/app/app/api/test-firebase"
2025-10-26T23:13:27.633553Z  INFO get_globs:scan_sources: tailwindcss_oxide::scanner: Discovering "/app/app/settings"
2025-10-26T23:13:27.633618Z  INFO get_globs:scan_sources: tailwindcss_oxide::scanner: Discovering "/app/app/profile"
2025-10-26T23:13:27.633692Z  INFO get_globs:scan_sources: tailwindcss_oxide::scanner: Discovering "/app/app/vip"
2025-10-26T23:13:27.633750Z  INFO get_globs:scan_sources: tailwindcss_oxide::scanner: Discovering "/app/app/boss"
2025-10-26T23:13:27.633794Z  INFO get_globs:scan_sources: tailwindcss_oxide::scanner: Discovering "/app/app/boss/login"
2025-10-26T23:13:27.633845Z  INFO get_globs:scan_sources: tailwindcss_oxide::scanner: Discovering "/app/styles"
2025-10-26T23:13:27.633940Z  INFO get_globs:scan_sources: tailwindcss_oxide::scanner: Discovering "/app/jules-scratch"
2025-10-26T23:13:27.633973Z  INFO get_globs:scan_sources: tailwindcss_oxide::scanner: Discovering "/app/jules-scratch/verification"
2025-10-26T23:13:27.634033Z  INFO get_globs:scan_sources: tailwindcss_oxide::scanner: Discovering "/app/public"
2025-10-26T23:13:27.634094Z  INFO get_globs:scan_sources: tailwindcss_oxide::scanner: Discovering "/app/components"
2025-10-26T23:13:27.634139Z  INFO get_globs:scan_sources: tailwindcss_oxide::scanner: Discovering "/app/components/ui"
2025-10-26T23:13:27.634570Z  INFO get_globs:scan_sources: tailwindcss_oxide::scanner: Discovering "/app/hooks"
2025-10-26T23:13:27.634641Z  INFO get_globs:scan_sources: tailwindcss_oxide::scanner: exit
2025-10-26T23:13:27.635936Z  INFO get_globs: tailwindcss_oxide::scanner: exit
2025-10-26T23:14:05.031279Z  INFO scan_sources: tailwindcss_oxide::scanner: enter
2025-10-26T23:14:05.032022Z  INFO scan_sources: tailwindcss_oxide::scanner: Discovering "/app/lib"
2025-10-26T23:14:05.032227Z  INFO scan_sources: tailwindcss_oxide::scanner: Discovering "/app/app"
2025-10-26T23:14:05.032292Z  INFO scan_sources: tailwindcss_oxide::scanner: Discovering "/app/app/maintenance"
2025-10-26T23:14:05.032342Z  INFO scan_sources: tailwindcss_oxide::scanner: Discovering "/app/app/api"
2025-10-26T23:14:05.032382Z  INFO scan_sources: tailwindcss_oxide::scanner: Discovering "/app/app/api/user-profile"
2025-10-26T23:14:05.032436Z  INFO scan_sources: tailwindcss_oxide::scanner: Discovering "/app/app/api/query"
2025-10-26T23:14:05.032484Z  INFO scan_sources: tailwindcss_oxide::scanner: Discovering "/app/app/api/user-activity"
2025-10-26T23:14:05.032532Z  INFO scan_sources: tailwindcss_oxide::scanner: Discovering "/app/app/api/verify-token"
2025-10-26T23:14:05.032638Z  INFO scan_sources: tailwindcss_oxide::scanner: Discovering "/app/app/api/heartbeat"
2025-10-26T23:14:05.032693Z  INFO scan_sources: tailwindcss_oxide::scanner: Discovering "/app/app/api/admin"
2025-10-26T23:14:05.032733Z  INFO scan_sources: tailwindcss_oxide::scanner: Discovering "/app/app/api/admin/users"
2025-10-26T23:14:05.032786Z  INFO scan_sources: tailwindcss_oxide::scanner: Discovering "/app/app/api/admin/notifications"
2025-10-26T23:14:05.032845Z  INFO scan_sources: tailwindcss_oxide::scanner: Discovering "/app/app/api/admin/devices"
2025-10-26T23:14:05.032893Z  INFO scan_sources: tailwindcss_oxide::scanner: Discovering "/app/app/api/admin/maintenance"
2025-10-26T23:14:05.032938Z  INFO scan_sources: tailwindcss_oxide::scanner: Discovering "/app/app/api/admin/active"
2025-10-26T23:14:05.032981Z  INFO scan_sources: tailwindcss_oxide::scanner: Discovering "/app/app/api/admin/queries"
2025-10-26T23:14:05.033025Z  INFO scan_sources: tailwindcss_oxide::scanner: Discovering "/app/app/api/admin/logs"
2025-10-26T23:14:05.033122Z  INFO scan_sources: tailwindcss_oxide::scanner: Discovering "/app/app/api/maintenance-check"
2025-10-26T23:14:05.033178Z  INFO scan_sources: tailwindcss_oxide::scanner: Discovering "/app/app/api/test-firebase"
2025-10-26T23:14:05.033232Z  INFO scan_sources: tailwindcss_oxide::scanner: Discovering "/app/app/settings"
2025-10-26T23:14:05.033290Z  INFO scan_sources: tailwindcss_oxide::scanner: Discovering "/app/app/profile"
2025-10-26T23:14:05.033343Z  INFO scan_sources: tailwindcss_oxide::scanner: Discovering "/app/app/vip"
2025-10-26T23:14:05.033392Z  INFO scan_sources: tailwindcss_oxide::scanner: Discovering "/app/app/boss"
2025-10-26T23:14:05.033452Z  INFO scan_sources: tailwindcss_oxide::scanner: Discovering "/app/app/boss/login"
2025-10-26T23:14:05.033507Z  INFO scan_sources: tailwindcss_oxide::scanner: Discovering "/app/styles"
2025-10-26T23:14:05.033620Z  INFO scan_sources: tailwindcss_oxide::scanner: Discovering "/app/jules-scratch"
2025-10-26T23:14:05.033654Z  INFO scan_sources: tailwindcss_oxide::scanner: Discovering "/app/jules-scratch/verification"
2025-10-26T23:14:05.033721Z  INFO scan_sources: tailwindcss_oxide::scanner: Discovering "/app/public"
2025-10-26T23:14:05.033785Z  INFO scan_sources: tailwindcss_oxide::scanner: Discovering "/app/components"
2025-10-26T23:14:05.033843Z  INFO scan_sources: tailwindcss_oxide::scanner: Discovering "/app/components/ui"
2025-10-26T23:14:05.034342Z  INFO scan_sources: tailwindcss_oxide::scanner: Discovering "/app/hooks"
2025-10-26T23:14:05.034448Z  INFO scan_sources: tailwindcss_oxide::scanner: exit
2025-10-26T23:14:05.034457Z  INFO extract_candidates: tailwindcss_oxide::scanner: enter
2025-10-26T23:14:05.034462Z  INFO extract_candidates:read_all_files: tailwindcss_oxide::scanner: enter
2025-10-26T23:14:05.034465Z  INFO extract_candidates:read_all_files: tailwindcss_oxide::scanner: Reading 0 file(s)
2025-10-26T23:14:05.034471Z  INFO extract_candidates:read_all_files: tailwindcss_oxide::scanner: exit
2025-10-26T23:14:05.034475Z  INFO extract_candidates:parse_all_blobs: tailwindcss_oxide::scanner: enter
2025-10-26T23:14:05.034479Z  INFO extract_candidates:parse_all_blobs:extract: tailwindcss_oxide::scanner: enter
2025-10-26T23:14:05.034484Z  INFO extract_candidates:parse_all_blobs:extract: tailwindcss_oxide::scanner: exit
2025-10-26T23:14:05.034488Z  INFO extract_candidates:parse_all_blobs: tailwindcss_oxide::scanner: exit
2025-10-26T23:14:05.034494Z  INFO extract_candidates: tailwindcss_oxide::scanner: exit
2025-10-26T23:14:05.036237Z  INFO get_files: tailwindcss_oxide::scanner: enter
2025-10-26T23:14:05.036261Z  INFO get_files:scan_sources: tailwindcss_oxide::scanner: enter
2025-10-26T23:14:05.036913Z  INFO get_files:scan_sources: tailwindcss_oxide::scanner: Discovering "/app/lib"
2025-10-26T23:14:05.037096Z  INFO get_files:scan_sources: tailwindcss_oxide::scanner: Discovering "/app/app"
2025-10-26T23:14:05.037161Z  INFO get_files:scan_sources: tailwindcss_oxide::scanner: Discovering "/app/app/maintenance"
2025-10-26T23:14:05.037209Z  INFO get_files:scan_sources: tailwindcss_oxide::scanner: Discovering "/app/app/api"
2025-10-26T23:14:05.037246Z  INFO get_files:scan_sources: tailwindcss_oxide::scanner: Discovering "/app/app/api/user-profile"
2025-10-26T23:14:05.037295Z  INFO get_files:scan_sources: tailwindcss_oxide::scanner: Discovering "/app/app/api/query"
2025-10-26T23:14:05.037339Z  INFO get_files:scan_sources: tailwindcss_oxide::scanner: Discovering "/app/app/api/user-activity"
2025-10-26T23:14:05.037384Z  INFO get_files:scan_sources: tailwindcss_oxide::scanner: Discovering "/app/app/api/verify-token"
2025-10-26T23:14:05.037431Z  INFO get_files:scan_sources: tailwindcss_oxide::scanner: Discovering "/app/app/api/heartbeat"
2025-10-26T23:14:05.037481Z  INFO get_files:scan_sources: tailwindcss_oxide::scanner: Discovering "/app/app/api/admin"
2025-10-26T23:14:05.037515Z  INFO get_files:scan_sources: tailwindcss_oxide::scanner: Discovering "/app/app/api/admin/users"
2025-10-26T23:14:05.037564Z  INFO get_files:scan_sources: tailwindcss_oxide::scanner: Discovering "/app/app/api/admin/notifications"
2025-10-26T23:14:05.037609Z  INFO get_files:scan_sources: tailwindcss_oxide::scanner: Discovering "/app/app/api/admin/devices"
2025-10-26T23:14:05.037652Z  INFO get_files:scan_sources: tailwindcss_oxide::scanner: Discovering "/app/app/api/admin/maintenance"
2025-10-26T23:14:05.037694Z  INFO get_files:scan_sources: tailwindcss_oxide::scanner: Discovering "/app/app/api/admin/active"
2025-10-26T23:14:05.037734Z  INFO get_files:scan_sources: tailwindcss_oxide::scanner: Discovering "/app/app/api/admin/queries"
2025-10-26T23:14:05.037775Z  INFO get_files:scan_sources: tailwindcss_oxide::scanner: Discovering "/app/app/api/admin/logs"
2025-10-26T23:14:05.037839Z  INFO get_files:scan_sources: tailwindcss_oxide::scanner: Discovering "/app/app/api/maintenance-check"
2025-10-26T23:14:05.037883Z  INFO get_files:scan_sources: tailwindcss_oxide::scanner: Discovering "/app/app/api/test-firebase"
2025-10-26T23:14:05.037928Z  INFO get_files:scan_sources: tailwindcss_oxide::scanner: Discovering "/app/app/settings"
2025-10-26T23:14:05.037984Z  INFO get_files:scan_sources: tailwindcss_oxide::scanner: Discovering "/app/app/profile"
2025-10-26T23:14:05.038069Z  INFO get_files:scan_sources: tailwindcss_oxide::scanner: Discovering "/app/app/vip"
2025-10-26T23:14:05.038125Z  INFO get_files:scan_sources: tailwindcss_oxide::scanner: Discovering "/app/app/boss"
2025-10-26T23:14:05.038172Z  INFO get_files:scan_sources: tailwindcss_oxide::scanner: Discovering "/app/app/boss/login"
2025-10-26T23:14:05.038229Z  INFO get_files:scan_sources: tailwindcss_oxide::scanner: Discovering "/app/styles"
2025-10-26T23:14:05.038337Z  INFO get_files:scan_sources: tailwindcss_oxide::scanner: Discovering "/app/jules-scratch"
2025-10-26T23:14:05.038368Z  INFO get_files:scan_sources: tailwindcss_oxide::scanner: Discovering "/app/jules-scratch/verification"
2025-10-26T23:14:05.038431Z  INFO get_files:scan_sources: tailwindcss_oxide::scanner: Discovering "/app/public"
2025-10-26T23:14:05.038491Z  INFO get_files:scan_sources: tailwindcss_oxide::scanner: Discovering "/app/components"
2025-10-26T23:14:05.038537Z  INFO get_files:scan_sources: tailwindcss_oxide::scanner: Discovering "/app/components/ui"
2025-10-26T23:14:05.038987Z  INFO get_files:scan_sources: tailwindcss_oxide::scanner: Discovering "/app/hooks"
2025-10-26T23:14:05.039111Z  INFO get_files:scan_sources: tailwindcss_oxide::scanner: exit
2025-10-26T23:14:05.039340Z  INFO get_files: tailwindcss_oxide::scanner: exit
2025-10-26T23:14:05.040097Z  INFO get_globs: tailwindcss_oxide::scanner: enter
2025-10-26T23:14:05.040116Z  INFO get_globs: tailwindcss_oxide::scanner: exit
