2025-10-27T00:04:04.701448Z  INFO tailwindcss_oxide::scanner: Provided sources:
2025-10-27T00:04:04.701554Z  INFO tailwindcss_oxide::scanner: Source: PublicSourceEntry { base: "/app", pattern: "**/*", negated: false }
2025-10-27T00:04:04.701926Z  INFO tailwindcss_oxide::scanner: Optimized sources:
2025-10-27T00:04:04.701936Z  INFO tailwindcss_oxide::scanner: Source: Auto { base: "/app" }
2025-10-27T00:04:04.703811Z  INFO scan_sources: tailwindcss_oxide::scanner: enter
2025-10-27T00:04:04.704401Z  INFO scan_sources: tailwindcss_oxide::scanner: Discovering "/app/eslint.config.js"
2025-10-27T00:04:04.704433Z  INFO scan_sources: tailwindcss_oxide::scanner: Discovering "/app/next-env.d.ts"
2025-10-27T00:04:04.704491Z  INFO scan_sources: tailwindcss_oxide::scanner: Discovering "/app/lib"
2025-10-27T00:04:04.704530Z  INFO scan_sources: tailwindcss_oxide::scanner: Discovering "/app/lib/firebase-admin.ts"
2025-10-27T00:04:04.704545Z  INFO scan_sources: tailwindcss_oxide::scanner: Discovering "/app/lib/firebase-initializer.js"
2025-10-27T00:04:04.704558Z  INFO scan_sources: tailwindcss_oxide::scanner: Discovering "/app/lib/auth.ts"
2025-10-27T00:04:04.704571Z  INFO scan_sources: tailwindcss_oxide::scanner: Discovering "/app/lib/utils.ts"
2025-10-27T00:04:04.704583Z  INFO scan_sources: tailwindcss_oxide::scanner: Discovering "/app/lib/firebase.ts"
2025-10-27T00:04:04.704604Z  INFO scan_sources: tailwindcss_oxide::scanner: Discovering "/app/postcss.config.mjs"
2025-10-27T00:04:04.704620Z  INFO scan_sources: tailwindcss_oxide::scanner: Discovering "/app/package.json"
2025-10-27T00:04:04.704663Z  INFO scan_sources: tailwindcss_oxide::scanner: Discovering "/app/README.md"
2025-10-27T00:04:04.704680Z  INFO scan_sources: tailwindcss_oxide::scanner: Discovering "/app/app"
2025-10-27T00:04:04.704711Z  INFO scan_sources: tailwindcss_oxide::scanner: Discovering "/app/app/FirebaseProvider.tsx"
2025-10-27T00:04:04.704724Z  INFO scan_sources: tailwindcss_oxide::scanner: Discovering "/app/app/page.tsx"
2025-10-27T00:04:04.704737Z  INFO scan_sources: tailwindcss_oxide::scanner: Discovering "/app/app/globals.css"
2025-10-27T00:04:04.704753Z  INFO scan_sources: tailwindcss_oxide::scanner: Discovering "/app/app/maintenance"
2025-10-27T00:04:04.704783Z  INFO scan_sources: tailwindcss_oxide::scanner: Discovering "/app/app/maintenance/page.tsx"
2025-10-27T00:04:04.704803Z  INFO scan_sources: tailwindcss_oxide::scanner: Discovering "/app/app/api"
2025-10-27T00:04:04.704841Z  INFO scan_sources: tailwindcss_oxide::scanner: Discovering "/app/app/api/user-profile"
2025-10-27T00:04:04.704884Z  INFO scan_sources: tailwindcss_oxide::scanner: Discovering "/app/app/api/user-profile/route.ts"
2025-10-27T00:04:04.704908Z  INFO scan_sources: tailwindcss_oxide::scanner: Discovering "/app/app/api/query"
2025-10-27T00:04:04.704946Z  INFO scan_sources: tailwindcss_oxide::scanner: Discovering "/app/app/api/query/route.ts"
2025-10-27T00:04:04.704967Z  INFO scan_sources: tailwindcss_oxide::scanner: Discovering "/app/app/api/user-activity"
2025-10-27T00:04:04.704995Z  INFO scan_sources: tailwindcss_oxide::scanner: Discovering "/app/app/api/user-activity/route.ts"
2025-10-27T00:04:04.705019Z  INFO scan_sources: tailwindcss_oxide::scanner: Discovering "/app/app/api/verify-token"
2025-10-27T00:04:04.705051Z  INFO scan_sources: tailwindcss_oxide::scanner: Discovering "/app/app/api/verify-token/route.ts"
2025-10-27T00:04:04.705073Z  INFO scan_sources: tailwindcss_oxide::scanner: Discovering "/app/app/api/heartbeat"
2025-10-27T00:04:04.705101Z  INFO scan_sources: tailwindcss_oxide::scanner: Discovering "/app/app/api/heartbeat/route.ts"
2025-10-27T00:04:04.705164Z  INFO scan_sources: tailwindcss_oxide::scanner: Discovering "/app/app/api/admin"
2025-10-27T00:04:04.705211Z  INFO scan_sources: tailwindcss_oxide::scanner: Discovering "/app/app/api/admin/users"
2025-10-27T00:04:04.705242Z  INFO scan_sources: tailwindcss_oxide::scanner: Discovering "/app/app/api/admin/users/route.ts"
2025-10-27T00:04:04.705268Z  INFO scan_sources: tailwindcss_oxide::scanner: Discovering "/app/app/api/admin/notifications"
2025-10-27T00:04:04.705374Z  INFO scan_sources: tailwindcss_oxide::scanner: Discovering "/app/app/api/admin/notifications/route.ts"
2025-10-27T00:04:04.705403Z  INFO scan_sources: tailwindcss_oxide::scanner: Discovering "/app/app/api/admin/devices"
2025-10-27T00:04:04.705432Z  INFO scan_sources: tailwindcss_oxide::scanner: Discovering "/app/app/api/admin/devices/route.ts"
2025-10-27T00:04:04.705455Z  INFO scan_sources: tailwindcss_oxide::scanner: Discovering "/app/app/api/admin/maintenance"
2025-10-27T00:04:04.705485Z  INFO scan_sources: tailwindcss_oxide::scanner: Discovering "/app/app/api/admin/maintenance/route.ts"
2025-10-27T00:04:04.705506Z  INFO scan_sources: tailwindcss_oxide::scanner: Discovering "/app/app/api/admin/active"
2025-10-27T00:04:04.705535Z  INFO scan_sources: tailwindcss_oxide::scanner: Discovering "/app/app/api/admin/active/route.ts"
2025-10-27T00:04:04.705555Z  INFO scan_sources: tailwindcss_oxide::scanner: Discovering "/app/app/api/admin/queries"
2025-10-27T00:04:04.705584Z  INFO scan_sources: tailwindcss_oxide::scanner: Discovering "/app/app/api/admin/queries/route.ts"
2025-10-27T00:04:04.705664Z  INFO scan_sources: tailwindcss_oxide::scanner: Discovering "/app/app/api/admin/logs"
2025-10-27T00:04:04.705708Z  INFO scan_sources: tailwindcss_oxide::scanner: Discovering "/app/app/api/admin/logs/route.ts"
2025-10-27T00:04:04.705739Z  INFO scan_sources: tailwindcss_oxide::scanner: Discovering "/app/app/api/diag"
2025-10-27T00:04:04.705781Z  INFO scan_sources: tailwindcss_oxide::scanner: Discovering "/app/app/api/diag/route.ts"
2025-10-27T00:04:04.705803Z  INFO scan_sources: tailwindcss_oxide::scanner: Discovering "/app/app/api/maintenance-check"
2025-10-27T00:04:04.705833Z  INFO scan_sources: tailwindcss_oxide::scanner: Discovering "/app/app/api/maintenance-check/route.ts"
2025-10-27T00:04:04.705854Z  INFO scan_sources: tailwindcss_oxide::scanner: Discovering "/app/app/api/test-firebase"
2025-10-27T00:04:04.705887Z  INFO scan_sources: tailwindcss_oxide::scanner: Discovering "/app/app/api/test-firebase/route.ts"
2025-10-27T00:04:04.705915Z  INFO scan_sources: tailwindcss_oxide::scanner: Discovering "/app/app/settings"
2025-10-27T00:04:04.705950Z  INFO scan_sources: tailwindcss_oxide::scanner: Discovering "/app/app/settings/loading.tsx"
2025-10-27T00:04:04.705963Z  INFO scan_sources: tailwindcss_oxide::scanner: Discovering "/app/app/settings/page.tsx"
2025-10-27T00:04:04.705980Z  INFO scan_sources: tailwindcss_oxide::scanner: Discovering "/app/app/layout.tsx"
2025-10-27T00:04:04.705996Z  INFO scan_sources: tailwindcss_oxide::scanner: Discovering "/app/app/profile"
2025-10-27T00:04:04.706024Z  INFO scan_sources: tailwindcss_oxide::scanner: Discovering "/app/app/profile/loading.tsx"
2025-10-27T00:04:04.706037Z  INFO scan_sources: tailwindcss_oxide::scanner: Discovering "/app/app/profile/page.tsx"
2025-10-27T00:04:04.706058Z  INFO scan_sources: tailwindcss_oxide::scanner: Discovering "/app/app/vip"
2025-10-27T00:04:04.706083Z  INFO scan_sources: tailwindcss_oxide::scanner: Discovering "/app/app/vip/loading.tsx"
2025-10-27T00:04:04.706095Z  INFO scan_sources: tailwindcss_oxide::scanner: Discovering "/app/app/vip/page.tsx"
2025-10-27T00:04:04.706150Z  INFO scan_sources: tailwindcss_oxide::scanner: Discovering "/app/app/boss"
2025-10-27T00:04:04.706184Z  INFO scan_sources: tailwindcss_oxide::scanner: Discovering "/app/app/boss/loading.tsx"
2025-10-27T00:04:04.706199Z  INFO scan_sources: tailwindcss_oxide::scanner: Discovering "/app/app/boss/page.tsx"
2025-10-27T00:04:04.706215Z  INFO scan_sources: tailwindcss_oxide::scanner: Discovering "/app/app/boss/login"
2025-10-27T00:04:04.706244Z  INFO scan_sources: tailwindcss_oxide::scanner: Discovering "/app/app/boss/login/page.tsx"
2025-10-27T00:04:04.706276Z  INFO scan_sources: tailwindcss_oxide::scanner: Discovering "/app/styles"
2025-10-27T00:04:04.706301Z  INFO scan_sources: tailwindcss_oxide::scanner: Discovering "/app/styles/globals.css"
2025-10-27T00:04:04.706340Z  INFO scan_sources: tailwindcss_oxide::scanner: Discovering "/app/next.config.mjs"
2025-10-27T00:04:04.706466Z  INFO scan_sources: tailwindcss_oxide::scanner: Discovering "/app/jules-scratch"
2025-10-27T00:04:04.708265Z  INFO scan_sources: tailwindcss_oxide::scanner: Discovering "/app/jules-scratch/verification"
2025-10-27T00:04:04.708654Z  INFO scan_sources: tailwindcss_oxide::scanner: Discovering "/app/jules-scratch/verification/diag_test.py"
2025-10-27T00:04:04.708695Z  INFO scan_sources: tailwindcss_oxide::scanner: Discovering "/app/public"
2025-10-27T00:04:04.708740Z  INFO scan_sources: tailwindcss_oxide::scanner: Discovering "/app/public/placeholder.svg"
2025-10-27T00:04:04.708757Z  INFO scan_sources: tailwindcss_oxide::scanner: Discovering "/app/public/placeholder-logo.svg"
2025-10-27T00:04:04.708779Z  INFO scan_sources: tailwindcss_oxide::scanner: Discovering "/app/components"
2025-10-27T00:04:04.708810Z  INFO scan_sources: tailwindcss_oxide::scanner: Discovering "/app/components/theme-provider.tsx"
2025-10-27T00:04:04.708822Z  INFO scan_sources: tailwindcss_oxide::scanner: Discovering "/app/components/splash-screen.tsx"
2025-10-27T00:04:04.708837Z  INFO scan_sources: tailwindcss_oxide::scanner: Discovering "/app/components/ui"
2025-10-27T00:04:04.708882Z  INFO scan_sources: tailwindcss_oxide::scanner: Discovering "/app/components/ui/hover-card.tsx"
2025-10-27T00:04:04.708894Z  INFO scan_sources: tailwindcss_oxide::scanner: Discovering "/app/components/ui/use-toast.ts"
2025-10-27T00:04:04.708907Z  INFO scan_sources: tailwindcss_oxide::scanner: Discovering "/app/components/ui/calendar.tsx"
2025-10-27T00:04:04.708927Z  INFO scan_sources: tailwindcss_oxide::scanner: Discovering "/app/components/ui/pagination.tsx"
2025-10-27T00:04:04.708941Z  INFO scan_sources: tailwindcss_oxide::scanner: Discovering "/app/components/ui/input.tsx"
2025-10-27T00:04:04.708953Z  INFO scan_sources: tailwindcss_oxide::scanner: Discovering "/app/components/ui/dialog.tsx"
2025-10-27T00:04:04.708965Z  INFO scan_sources: tailwindcss_oxide::scanner: Discovering "/app/components/ui/sonner.tsx"
2025-10-27T00:04:04.708979Z  INFO scan_sources: tailwindcss_oxide::scanner: Discovering "/app/components/ui/button-group.tsx"
2025-10-27T00:04:04.708991Z  INFO scan_sources: tailwindcss_oxide::scanner: Discovering "/app/components/ui/avatar.tsx"
2025-10-27T00:04:04.709003Z  INFO scan_sources: tailwindcss_oxide::scanner: Discovering "/app/components/ui/form.tsx"
2025-10-27T00:04:04.709024Z  INFO scan_sources: tailwindcss_oxide::scanner: Discovering "/app/components/ui/breadcrumb.tsx"
2025-10-27T00:04:04.709037Z  INFO scan_sources: tailwindcss_oxide::scanner: Discovering "/app/components/ui/use-mobile.tsx"
2025-10-27T00:04:04.709048Z  INFO scan_sources: tailwindcss_oxide::scanner: Discovering "/app/components/ui/textarea.tsx"
2025-10-27T00:04:04.709061Z  INFO scan_sources: tailwindcss_oxide::scanner: Discovering "/app/components/ui/alert-dialog.tsx"
2025-10-27T00:04:04.709073Z  INFO scan_sources: tailwindcss_oxide::scanner: Discovering "/app/components/ui/scroll-area.tsx"
2025-10-27T00:04:04.709085Z  INFO scan_sources: tailwindcss_oxide::scanner: Discovering "/app/components/ui/aspect-ratio.tsx"
2025-10-27T00:04:04.709097Z  INFO scan_sources: tailwindcss_oxide::scanner: Discovering "/app/components/ui/menubar.tsx"
2025-10-27T00:04:04.709143Z  INFO scan_sources: tailwindcss_oxide::scanner: Discovering "/app/components/ui/input-group.tsx"
2025-10-27T00:04:04.709160Z  INFO scan_sources: tailwindcss_oxide::scanner: Discovering "/app/components/ui/label.tsx"
2025-10-27T00:04:04.709175Z  INFO scan_sources: tailwindcss_oxide::scanner: Discovering "/app/components/ui/progress.tsx"
2025-10-27T00:04:04.709187Z  INFO scan_sources: tailwindcss_oxide::scanner: Discovering "/app/components/ui/collapsible.tsx"
2025-10-27T00:04:04.709202Z  INFO scan_sources: tailwindcss_oxide::scanner: Discovering "/app/components/ui/chart.tsx"
2025-10-27T00:04:04.709213Z  INFO scan_sources: tailwindcss_oxide::scanner: Discovering "/app/components/ui/accordion.tsx"
2025-10-27T00:04:04.709225Z  INFO scan_sources: tailwindcss_oxide::scanner: Discovering "/app/components/ui/dropdown-menu.tsx"
2025-10-27T00:04:04.709307Z  INFO scan_sources: tailwindcss_oxide::scanner: Discovering "/app/components/ui/popover.tsx"
2025-10-27T00:04:04.709323Z  INFO scan_sources: tailwindcss_oxide::scanner: Discovering "/app/components/ui/navigation-menu.tsx"
2025-10-27T00:04:04.709336Z  INFO scan_sources: tailwindcss_oxide::scanner: Discovering "/app/components/ui/switch.tsx"
2025-10-27T00:04:04.709349Z  INFO scan_sources: tailwindcss_oxide::scanner: Discovering "/app/components/ui/kbd.tsx"
2025-10-27T00:04:04.709361Z  INFO scan_sources: tailwindcss_oxide::scanner: Discovering "/app/components/ui/item.tsx"
2025-10-27T00:04:04.709372Z  INFO scan_sources: tailwindcss_oxide::scanner: Discovering "/app/components/ui/tabs.tsx"
2025-10-27T00:04:04.709384Z  INFO scan_sources: tailwindcss_oxide::scanner: Discovering "/app/components/ui/toggle.tsx"
2025-10-27T00:04:04.709395Z  INFO scan_sources: tailwindcss_oxide::scanner: Discovering "/app/components/ui/badge.tsx"
2025-10-27T00:04:04.709408Z  INFO scan_sources: tailwindcss_oxide::scanner: Discovering "/app/components/ui/empty.tsx"
2025-10-27T00:04:04.709419Z  INFO scan_sources: tailwindcss_oxide::scanner: Discovering "/app/components/ui/alert.tsx"
2025-10-27T00:04:04.709431Z  INFO scan_sources: tailwindcss_oxide::scanner: Discovering "/app/components/ui/resizable.tsx"
2025-10-27T00:04:04.709443Z  INFO scan_sources: tailwindcss_oxide::scanner: Discovering "/app/components/ui/toggle-group.tsx"
2025-10-27T00:04:04.709455Z  INFO scan_sources: tailwindcss_oxide::scanner: Discovering "/app/components/ui/sheet.tsx"
2025-10-27T00:04:04.709466Z  INFO scan_sources: tailwindcss_oxide::scanner: Discovering "/app/components/ui/button.tsx"
2025-10-27T00:04:04.709478Z  INFO scan_sources: tailwindcss_oxide::scanner: Discovering "/app/components/ui/separator.tsx"
2025-10-27T00:04:04.709489Z  INFO scan_sources: tailwindcss_oxide::scanner: Discovering "/app/components/ui/toast.tsx"
2025-10-27T00:04:04.709501Z  INFO scan_sources: tailwindcss_oxide::scanner: Discovering "/app/components/ui/card.tsx"
2025-10-27T00:04:04.709512Z  INFO scan_sources: tailwindcss_oxide::scanner: Discovering "/app/components/ui/checkbox.tsx"
2025-10-27T00:04:04.709524Z  INFO scan_sources: tailwindcss_oxide::scanner: Discovering "/app/components/ui/slider.tsx"
2025-10-27T00:04:04.709536Z  INFO scan_sources: tailwindcss_oxide::scanner: Discovering "/app/components/ui/field.tsx"
2025-10-27T00:04:04.709548Z  INFO scan_sources: tailwindcss_oxide::scanner: Discovering "/app/components/ui/sidebar.tsx"
2025-10-27T00:04:04.709559Z  INFO scan_sources: tailwindcss_oxide::scanner: Discovering "/app/components/ui/toaster.tsx"
2025-10-27T00:04:04.709572Z  INFO scan_sources: tailwindcss_oxide::scanner: Discovering "/app/components/ui/drawer.tsx"
2025-10-27T00:04:04.709583Z  INFO scan_sources: tailwindcss_oxide::scanner: Discovering "/app/components/ui/input-otp.tsx"
2025-10-27T00:04:04.709595Z  INFO scan_sources: tailwindcss_oxide::scanner: Discovering "/app/components/ui/radio-group.tsx"
2025-10-27T00:04:04.709673Z  INFO scan_sources: tailwindcss_oxide::scanner: Discovering "/app/components/ui/skeleton.tsx"
2025-10-27T00:04:04.709695Z  INFO scan_sources: tailwindcss_oxide::scanner: Discovering "/app/components/ui/table.tsx"
2025-10-27T00:04:04.709709Z  INFO scan_sources: tailwindcss_oxide::scanner: Discovering "/app/components/ui/tooltip.tsx"
2025-10-27T00:04:04.709722Z  INFO scan_sources: tailwindcss_oxide::scanner: Discovering "/app/components/ui/context-menu.tsx"
2025-10-27T00:04:04.709734Z  INFO scan_sources: tailwindcss_oxide::scanner: Discovering "/app/components/ui/select.tsx"
2025-10-27T00:04:04.709746Z  INFO scan_sources: tailwindcss_oxide::scanner: Discovering "/app/components/ui/spinner.tsx"
2025-10-27T00:04:04.709757Z  INFO scan_sources: tailwindcss_oxide::scanner: Discovering "/app/components/ui/command.tsx"
2025-10-27T00:04:04.709769Z  INFO scan_sources: tailwindcss_oxide::scanner: Discovering "/app/components/ui/carousel.tsx"
2025-10-27T00:04:04.709801Z  INFO scan_sources: tailwindcss_oxide::scanner: Discovering "/app/components/login-form.tsx"
2025-10-27T00:04:04.709870Z  INFO scan_sources: tailwindcss_oxide::scanner: Discovering "/app/components/maintenance-page.tsx"
2025-10-27T00:04:04.709884Z  INFO scan_sources: tailwindcss_oxide::scanner: Discovering "/app/components/query-interface.tsx"
2025-10-27T00:04:04.709898Z  INFO scan_sources: tailwindcss_oxide::scanner: Discovering "/app/components/query-result.tsx"
2025-10-27T00:04:04.709925Z  INFO scan_sources: tailwindcss_oxide::scanner: Discovering "/app/tsconfig.json"
2025-10-27T00:04:04.709938Z  INFO scan_sources: tailwindcss_oxide::scanner: Discovering "/app/components.json"
2025-10-27T00:04:04.709959Z  INFO scan_sources: tailwindcss_oxide::scanner: Discovering "/app/hooks"
2025-10-27T00:04:04.709991Z  INFO scan_sources: tailwindcss_oxide::scanner: Discovering "/app/hooks/use-toast.ts"
2025-10-27T00:04:04.710003Z  INFO scan_sources: tailwindcss_oxide::scanner: Discovering "/app/hooks/use-mobile.ts"
2025-10-27T00:04:04.710054Z  INFO scan_sources: tailwindcss_oxide::scanner: exit
2025-10-27T00:04:04.710061Z  INFO extract_candidates: tailwindcss_oxide::scanner: enter
2025-10-27T00:04:04.710076Z  INFO extract_candidates:read_all_files: tailwindcss_oxide::scanner: enter
2025-10-27T00:04:04.710080Z  INFO extract_candidates:read_all_files: tailwindcss_oxide::scanner: Reading 109 file(s)
2025-10-27T00:04:04.711250Z  INFO tailwindcss_oxide::scanner: Reading "/app/eslint.config.js"
2025-10-27T00:04:04.711308Z  INFO tailwindcss_oxide::scanner: Reading "/app/next-env.d.ts"
2025-10-27T00:04:04.711339Z  INFO tailwindcss_oxide::scanner: Reading "/app/lib/firebase-admin.ts"
2025-10-27T00:04:04.711361Z  INFO tailwindcss_oxide::scanner: Reading "/app/lib/firebase-initializer.js"
2025-10-27T00:04:04.711381Z  INFO tailwindcss_oxide::scanner: Reading "/app/lib/auth.ts"
2025-10-27T00:04:04.711395Z  INFO tailwindcss_oxide::scanner: Reading "/app/lib/utils.ts"
2025-10-27T00:04:04.711409Z  INFO tailwindcss_oxide::scanner: Reading "/app/lib/firebase.ts"
2025-10-27T00:04:04.711421Z  INFO tailwindcss_oxide::scanner: Reading "/app/postcss.config.mjs"
2025-10-27T00:04:04.711438Z  INFO tailwindcss_oxide::scanner: Reading "/app/package.json"
2025-10-27T00:04:04.711454Z  INFO tailwindcss_oxide::scanner: Reading "/app/components/ui/breadcrumb.tsx"
2025-10-27T00:04:04.711498Z  INFO tailwindcss_oxide::scanner: Reading "/app/README.md"
2025-10-27T00:04:04.711865Z  INFO tailwindcss_oxide::scanner: Reading "/app/app/FirebaseProvider.tsx"
2025-10-27T00:04:04.711883Z  INFO tailwindcss_oxide::scanner: Reading "/app/components/ui/use-mobile.tsx"
2025-10-27T00:04:04.711888Z  INFO tailwindcss_oxide::scanner: Reading "/app/app/page.tsx"
2025-10-27T00:04:04.711915Z  INFO tailwindcss_oxide::scanner: Reading "/app/app/maintenance/page.tsx"
2025-10-27T00:04:04.711929Z  INFO tailwindcss_oxide::scanner: Reading "/app/components/ui/textarea.tsx"
2025-10-27T00:04:04.711984Z  INFO tailwindcss_oxide::scanner: Reading "/app/components/ui/alert-dialog.tsx"
2025-10-27T00:04:04.711992Z  INFO tailwindcss_oxide::scanner: Reading "/app/app/api/user-profile/route.ts"
2025-10-27T00:04:04.712009Z  INFO tailwindcss_oxide::scanner: Reading "/app/components/ui/scroll-area.tsx"
2025-10-27T00:04:04.712026Z  INFO tailwindcss_oxide::scanner: Reading "/app/app/api/query/route.ts"
2025-10-27T00:04:04.712044Z  INFO tailwindcss_oxide::scanner: Reading "/app/components/ui/aspect-ratio.tsx"
2025-10-27T00:04:04.712439Z  INFO tailwindcss_oxide::scanner: Reading "/app/app/api/user-activity/route.ts"
2025-10-27T00:04:04.712477Z  INFO tailwindcss_oxide::scanner: Reading "/app/components/ui/menubar.tsx"
2025-10-27T00:04:04.712756Z  INFO tailwindcss_oxide::scanner: Reading "/app/app/api/verify-token/route.ts"
2025-10-27T00:04:04.712782Z  INFO tailwindcss_oxide::scanner: Reading "/app/components/ui/input-group.tsx"
2025-10-27T00:04:04.712805Z  INFO tailwindcss_oxide::scanner: Reading "/app/app/api/heartbeat/route.ts"
2025-10-27T00:04:04.712808Z  INFO tailwindcss_oxide::scanner: Reading "/app/components/ui/label.tsx"
2025-10-27T00:04:04.712846Z  INFO tailwindcss_oxide::scanner: Reading "/app/components/ui/progress.tsx"
2025-10-27T00:04:04.713189Z  INFO tailwindcss_oxide::scanner: Reading "/app/app/api/admin/users/route.ts"
2025-10-27T00:04:04.713262Z  INFO tailwindcss_oxide::scanner: Reading "/app/app/api/admin/notifications/route.ts"
2025-10-27T00:04:04.713270Z  INFO tailwindcss_oxide::scanner: Reading "/app/components/ui/collapsible.tsx"
2025-10-27T00:04:04.713286Z  INFO tailwindcss_oxide::scanner: Reading "/app/app/api/admin/devices/route.ts"
2025-10-27T00:04:04.713306Z  INFO tailwindcss_oxide::scanner: Reading "/app/app/api/admin/maintenance/route.ts"
2025-10-27T00:04:04.713493Z  INFO tailwindcss_oxide::scanner: Reading "/app/components/ui/chart.tsx"
2025-10-27T00:04:04.713544Z  INFO tailwindcss_oxide::scanner: Reading "/app/app/api/admin/active/route.ts"
2025-10-27T00:04:04.713548Z  INFO tailwindcss_oxide::scanner: Reading "/app/components/ui/accordion.tsx"
2025-10-27T00:04:04.713853Z  INFO tailwindcss_oxide::scanner: Reading "/app/app/api/admin/queries/route.ts"
2025-10-27T00:04:04.714076Z  INFO tailwindcss_oxide::scanner: Reading "/app/app/api/admin/logs/route.ts"
2025-10-27T00:04:04.714078Z  INFO tailwindcss_oxide::scanner: Reading "/app/components/ui/dropdown-menu.tsx"
2025-10-27T00:04:04.714139Z  INFO tailwindcss_oxide::scanner: Reading "/app/app/api/diag/route.ts"
2025-10-27T00:04:04.714223Z  INFO tailwindcss_oxide::scanner: Reading "/app/app/api/maintenance-check/route.ts"
2025-10-27T00:04:04.714257Z  INFO tailwindcss_oxide::scanner: Reading "/app/components/ui/popover.tsx"
2025-10-27T00:04:04.714290Z  INFO tailwindcss_oxide::scanner: Reading "/app/app/api/test-firebase/route.ts"
2025-10-27T00:04:04.714340Z  INFO tailwindcss_oxide::scanner: Reading "/app/components/ui/navigation-menu.tsx"
2025-10-27T00:04:04.714660Z  INFO tailwindcss_oxide::scanner: Reading "/app/app/settings/loading.tsx"
2025-10-27T00:04:04.714730Z  INFO tailwindcss_oxide::scanner: Reading "/app/components/ui/switch.tsx"
2025-10-27T00:04:04.714786Z  INFO tailwindcss_oxide::scanner: Reading "/app/components/ui/kbd.tsx"
2025-10-27T00:04:04.714828Z  INFO tailwindcss_oxide::scanner: Reading "/app/app/settings/page.tsx"
2025-10-27T00:04:04.714830Z  INFO tailwindcss_oxide::scanner: Reading "/app/app/vip/loading.tsx"
2025-10-27T00:04:04.714854Z  INFO tailwindcss_oxide::scanner: Reading "/app/components/ui/item.tsx"
2025-10-27T00:04:04.714858Z  INFO tailwindcss_oxide::scanner: Reading "/app/app/layout.tsx"
2025-10-27T00:04:04.714857Z  INFO tailwindcss_oxide::scanner: Reading "/app/public/placeholder.svg"
2025-10-27T00:04:04.714924Z  INFO tailwindcss_oxide::scanner: Reading "/app/components/ui/tabs.tsx"
2025-10-27T00:04:04.714931Z  INFO tailwindcss_oxide::scanner: Reading "/app/app/profile/loading.tsx"
2025-10-27T00:04:04.715405Z  INFO tailwindcss_oxide::scanner: Reading "/app/components/ui/toggle.tsx"
2025-10-27T00:04:04.715418Z  INFO tailwindcss_oxide::scanner: Reading "/app/public/placeholder-logo.svg"
2025-10-27T00:04:04.715435Z  INFO tailwindcss_oxide::scanner: Reading "/app/app/vip/page.tsx"
2025-10-27T00:04:04.715429Z  INFO tailwindcss_oxide::scanner: Reading "/app/components/ui/badge.tsx"
2025-10-27T00:04:04.715514Z  INFO tailwindcss_oxide::scanner: Reading "/app/components/theme-provider.tsx"
2025-10-27T00:04:04.715533Z  INFO tailwindcss_oxide::scanner: Reading "/app/components/splash-screen.tsx"
2025-10-27T00:04:04.715545Z  INFO tailwindcss_oxide::scanner: Reading "/app/components/ui/empty.tsx"
2025-10-27T00:04:04.715549Z  INFO tailwindcss_oxide::scanner: Reading "/app/app/boss/loading.tsx"
2025-10-27T00:04:04.715565Z  INFO tailwindcss_oxide::scanner: Reading "/app/components/ui/alert.tsx"
2025-10-27T00:04:04.715570Z  INFO tailwindcss_oxide::scanner: Reading "/app/components/ui/hover-card.tsx"
2025-10-27T00:04:04.715600Z  INFO tailwindcss_oxide::scanner: Reading "/app/app/profile/page.tsx"
2025-10-27T00:04:04.715610Z  INFO tailwindcss_oxide::scanner: Reading "/app/components/ui/resizable.tsx"
2025-10-27T00:04:04.715630Z  INFO tailwindcss_oxide::scanner: Reading "/app/components/ui/use-toast.ts"
2025-10-27T00:04:04.715640Z  INFO tailwindcss_oxide::scanner: Reading "/app/components/ui/button.tsx"
2025-10-27T00:04:04.715663Z  INFO tailwindcss_oxide::scanner: Reading "/app/components/ui/toggle-group.tsx"
2025-10-27T00:04:04.716204Z  INFO tailwindcss_oxide::scanner: Reading "/app/components/ui/separator.tsx"
2025-10-27T00:04:04.716213Z  INFO tailwindcss_oxide::scanner: Reading "/app/components/ui/calendar.tsx"
2025-10-27T00:04:04.716260Z  INFO tailwindcss_oxide::scanner: Reading "/app/components/ui/toast.tsx"
2025-10-27T00:04:04.716300Z  INFO tailwindcss_oxide::scanner: Reading "/app/components/ui/card.tsx"
2025-10-27T00:04:04.716314Z  INFO tailwindcss_oxide::scanner: Reading "/app/components/ui/sheet.tsx"
2025-10-27T00:04:04.716374Z  INFO tailwindcss_oxide::scanner: Reading "/app/components/ui/checkbox.tsx"
2025-10-27T00:04:04.716380Z  INFO tailwindcss_oxide::scanner: Reading "/app/components/ui/pagination.tsx"
2025-10-27T00:04:04.716409Z  INFO tailwindcss_oxide::scanner: Reading "/app/components/ui/input.tsx"
2025-10-27T00:04:04.716444Z  INFO tailwindcss_oxide::scanner: Reading "/app/components/ui/tooltip.tsx"
2025-10-27T00:04:04.716463Z  INFO tailwindcss_oxide::scanner: Reading "/app/components/ui/slider.tsx"
2025-10-27T00:04:04.716465Z  INFO tailwindcss_oxide::scanner: Reading "/app/components/ui/dialog.tsx"
2025-10-27T00:04:04.716581Z  INFO tailwindcss_oxide::scanner: Reading "/app/components/ui/field.tsx"
2025-10-27T00:04:04.716619Z  INFO tailwindcss_oxide::scanner: Reading "/app/components/ui/context-menu.tsx"
2025-10-27T00:04:04.716640Z  INFO tailwindcss_oxide::scanner: Reading "/app/components/ui/sonner.tsx"
2025-10-27T00:04:04.716682Z  INFO tailwindcss_oxide::scanner: Reading "/app/components/ui/button-group.tsx"
2025-10-27T00:04:04.716700Z  INFO tailwindcss_oxide::scanner: Reading "/app/components/ui/select.tsx"
2025-10-27T00:04:04.717140Z  INFO tailwindcss_oxide::scanner: Reading "/app/components/ui/avatar.tsx"
2025-10-27T00:04:04.717198Z  INFO tailwindcss_oxide::scanner: Reading "/app/app/boss/page.tsx"
2025-10-27T00:04:04.717253Z  INFO tailwindcss_oxide::scanner: Reading "/app/components/ui/form.tsx"
2025-10-27T00:04:04.717263Z  INFO tailwindcss_oxide::scanner: Reading "/app/components/ui/sidebar.tsx"
2025-10-27T00:04:04.717281Z  INFO tailwindcss_oxide::scanner: Reading "/app/components/ui/spinner.tsx"
2025-10-27T00:04:04.717326Z  INFO tailwindcss_oxide::scanner: Reading "/app/components/maintenance-page.tsx"
2025-10-27T00:04:04.717338Z  INFO tailwindcss_oxide::scanner: Reading "/app/components/ui/toaster.tsx"
2025-10-27T00:04:04.717353Z  INFO tailwindcss_oxide::scanner: Reading "/app/components/ui/command.tsx"
2025-10-27T00:04:04.717414Z  INFO tailwindcss_oxide::scanner: Reading "/app/components/ui/drawer.tsx"
2025-10-27T00:04:04.717465Z  INFO tailwindcss_oxide::scanner: Reading "/app/components/ui/carousel.tsx"
2025-10-27T00:04:04.717467Z  INFO tailwindcss_oxide::scanner: Reading "/app/components/ui/input-otp.tsx"
2025-10-27T00:04:04.717503Z  INFO tailwindcss_oxide::scanner: Reading "/app/components/login-form.tsx"
2025-10-27T00:04:04.717541Z  INFO tailwindcss_oxide::scanner: Reading "/app/components/ui/radio-group.tsx"
2025-10-27T00:04:04.717564Z  INFO tailwindcss_oxide::scanner: Reading "/app/components/query-interface.tsx"
2025-10-27T00:04:04.717637Z  INFO tailwindcss_oxide::scanner: Reading "/app/next.config.mjs"
2025-10-27T00:04:04.717696Z  INFO tailwindcss_oxide::scanner: Reading "/app/components/query-result.tsx"
2025-10-27T00:04:04.717697Z  INFO tailwindcss_oxide::scanner: Reading "/app/jules-scratch/verification/diag_test.py"
2025-10-27T00:04:04.717636Z  INFO tailwindcss_oxide::scanner: Reading "/app/components/ui/skeleton.tsx"
2025-10-27T00:04:04.717772Z  INFO tailwindcss_oxide::scanner: Reading "/app/app/boss/login/page.tsx"
2025-10-27T00:04:04.717779Z  INFO tailwindcss_oxide::scanner: Reading "/app/tsconfig.json"
2025-10-27T00:04:04.717781Z  INFO tailwindcss_oxide::scanner: Reading "/app/components/ui/table.tsx"
2025-10-27T00:04:04.717821Z  INFO tailwindcss_oxide::scanner: Reading "/app/hooks/use-toast.ts"
2025-10-27T00:04:04.717841Z  INFO tailwindcss_oxide::scanner: Reading "/app/components.json"
2025-10-27T00:04:04.717844Z  INFO tailwindcss_oxide::scanner: Reading "/app/hooks/use-mobile.ts"
2025-10-27T00:04:04.718200Z  INFO extract_candidates:read_all_files: tailwindcss_oxide::scanner: exit
2025-10-27T00:04:04.718218Z  INFO extract_candidates:parse_all_blobs: tailwindcss_oxide::scanner: enter
2025-10-27T00:04:04.718223Z  INFO extract_candidates:parse_all_blobs:extract: tailwindcss_oxide::scanner: enter
2025-10-27T00:04:04.724605Z  INFO extract_candidates:parse_all_blobs:extract: tailwindcss_oxide::scanner: exit
2025-10-27T00:04:04.724642Z  INFO extract_candidates:parse_all_blobs: tailwindcss_oxide::scanner: exit
2025-10-27T00:04:04.724649Z  INFO extract_candidates:read_all_files: tailwindcss_oxide::scanner: enter
2025-10-27T00:04:04.724652Z  INFO extract_candidates:read_all_files: tailwindcss_oxide::scanner: Reading 2 file(s)
2025-10-27T00:04:04.724774Z  INFO tailwindcss_oxide::scanner: Reading "/app/app/globals.css"
2025-10-27T00:04:04.724871Z  INFO tailwindcss_oxide::scanner: Reading "/app/styles/globals.css"
2025-10-27T00:04:04.725009Z  INFO extract_candidates:read_all_files: tailwindcss_oxide::scanner: exit
2025-10-27T00:04:04.725020Z  INFO extract_candidates:extract_css_variables: tailwindcss_oxide::scanner: enter
2025-10-27T00:04:04.725025Z  INFO extract_candidates:extract_css_variables:extract: tailwindcss_oxide::scanner: enter
2025-10-27T00:04:04.725175Z  INFO extract_candidates:extract_css_variables:extract: tailwindcss_oxide::scanner: exit
2025-10-27T00:04:04.725184Z  INFO extract_candidates:extract_css_variables: tailwindcss_oxide::scanner: exit
2025-10-27T00:04:04.726390Z  INFO extract_candidates: tailwindcss_oxide::scanner: exit
2025-10-27T00:04:04.727984Z  INFO get_files: tailwindcss_oxide::scanner: enter
2025-10-27T00:04:04.728002Z  INFO get_files:scan_sources: tailwindcss_oxide::scanner: enter
2025-10-27T00:04:04.728502Z  INFO get_files:scan_sources: tailwindcss_oxide::scanner: Discovering "/app/lib"
2025-10-27T00:04:04.728636Z  INFO get_files:scan_sources: tailwindcss_oxide::scanner: Discovering "/app/app"
2025-10-27T00:04:04.728692Z  INFO get_files:scan_sources: tailwindcss_oxide::scanner: Discovering "/app/app/maintenance"
2025-10-27T00:04:04.728736Z  INFO get_files:scan_sources: tailwindcss_oxide::scanner: Discovering "/app/app/api"
2025-10-27T00:04:04.728773Z  INFO get_files:scan_sources: tailwindcss_oxide::scanner: Discovering "/app/app/api/user-profile"
2025-10-27T00:04:04.728819Z  INFO get_files:scan_sources: tailwindcss_oxide::scanner: Discovering "/app/app/api/query"
2025-10-27T00:04:04.728862Z  INFO get_files:scan_sources: tailwindcss_oxide::scanner: Discovering "/app/app/api/user-activity"
2025-10-27T00:04:04.728906Z  INFO get_files:scan_sources: tailwindcss_oxide::scanner: Discovering "/app/app/api/verify-token"
2025-10-27T00:04:04.728949Z  INFO get_files:scan_sources: tailwindcss_oxide::scanner: Discovering "/app/app/api/heartbeat"
2025-10-27T00:04:04.728987Z  INFO get_files:scan_sources: tailwindcss_oxide::scanner: Discovering "/app/app/api/admin"
2025-10-27T00:04:04.729031Z  INFO get_files:scan_sources: tailwindcss_oxide::scanner: Discovering "/app/app/api/admin/users"
2025-10-27T00:04:04.729076Z  INFO get_files:scan_sources: tailwindcss_oxide::scanner: Discovering "/app/app/api/admin/notifications"
2025-10-27T00:04:04.729157Z  INFO get_files:scan_sources: tailwindcss_oxide::scanner: Discovering "/app/app/api/admin/devices"
2025-10-27T00:04:04.729205Z  INFO get_files:scan_sources: tailwindcss_oxide::scanner: Discovering "/app/app/api/admin/maintenance"
2025-10-27T00:04:04.729246Z  INFO get_files:scan_sources: tailwindcss_oxide::scanner: Discovering "/app/app/api/admin/active"
2025-10-27T00:04:04.729286Z  INFO get_files:scan_sources: tailwindcss_oxide::scanner: Discovering "/app/app/api/admin/queries"
2025-10-27T00:04:04.729326Z  INFO get_files:scan_sources: tailwindcss_oxide::scanner: Discovering "/app/app/api/admin/logs"
2025-10-27T00:04:04.729370Z  INFO get_files:scan_sources: tailwindcss_oxide::scanner: Discovering "/app/app/api/diag"
2025-10-27T00:04:04.729490Z  INFO get_files:scan_sources: tailwindcss_oxide::scanner: Discovering "/app/app/api/maintenance-check"
2025-10-27T00:04:04.729536Z  INFO get_files:scan_sources: tailwindcss_oxide::scanner: Discovering "/app/app/api/test-firebase"
2025-10-27T00:04:04.729585Z  INFO get_files:scan_sources: tailwindcss_oxide::scanner: Discovering "/app/app/settings"
2025-10-27T00:04:04.729733Z  INFO get_files:scan_sources: tailwindcss_oxide::scanner: Discovering "/app/app/profile"
2025-10-27T00:04:04.729790Z  INFO get_files:scan_sources: tailwindcss_oxide::scanner: Discovering "/app/app/vip"
2025-10-27T00:04:04.729835Z  INFO get_files:scan_sources: tailwindcss_oxide::scanner: Discovering "/app/app/boss"
2025-10-27T00:04:04.729877Z  INFO get_files:scan_sources: tailwindcss_oxide::scanner: Discovering "/app/app/boss/login"
2025-10-27T00:04:04.729925Z  INFO get_files:scan_sources: tailwindcss_oxide::scanner: Discovering "/app/styles"
2025-10-27T00:04:04.730025Z  INFO get_files:scan_sources: tailwindcss_oxide::scanner: Discovering "/app/jules-scratch"
2025-10-27T00:04:04.730056Z  INFO get_files:scan_sources: tailwindcss_oxide::scanner: Discovering "/app/jules-scratch/verification"
2025-10-27T00:04:04.730103Z  INFO get_files:scan_sources: tailwindcss_oxide::scanner: Discovering "/app/public"
2025-10-27T00:04:04.730204Z  INFO get_files:scan_sources: tailwindcss_oxide::scanner: Discovering "/app/components"
2025-10-27T00:04:04.730251Z  INFO get_files:scan_sources: tailwindcss_oxide::scanner: Discovering "/app/components/ui"
2025-10-27T00:04:04.730660Z  INFO get_files:scan_sources: tailwindcss_oxide::scanner: Discovering "/app/hooks"
2025-10-27T00:04:04.730726Z  INFO get_files:scan_sources: tailwindcss_oxide::scanner: exit
2025-10-27T00:04:04.730900Z  INFO get_files: tailwindcss_oxide::scanner: exit
2025-10-27T00:04:04.731237Z  INFO get_globs: tailwindcss_oxide::scanner: enter
2025-10-27T00:04:04.731246Z  INFO get_globs:scan_sources: tailwindcss_oxide::scanner: enter
2025-10-27T00:04:04.731653Z  INFO get_globs:scan_sources: tailwindcss_oxide::scanner: Discovering "/app/lib"
2025-10-27T00:04:04.731781Z  INFO get_globs:scan_sources: tailwindcss_oxide::scanner: Discovering "/app/app"
2025-10-27T00:04:04.731834Z  INFO get_globs:scan_sources: tailwindcss_oxide::scanner: Discovering "/app/app/maintenance"
2025-10-27T00:04:04.731877Z  INFO get_globs:scan_sources: tailwindcss_oxide::scanner: Discovering "/app/app/api"
2025-10-27T00:04:04.731910Z  INFO get_globs:scan_sources: tailwindcss_oxide::scanner: Discovering "/app/app/api/user-profile"
2025-10-27T00:04:04.731954Z  INFO get_globs:scan_sources: tailwindcss_oxide::scanner: Discovering "/app/app/api/query"
2025-10-27T00:04:04.731995Z  INFO get_globs:scan_sources: tailwindcss_oxide::scanner: Discovering "/app/app/api/user-activity"
2025-10-27T00:04:04.732046Z  INFO get_globs:scan_sources: tailwindcss_oxide::scanner: Discovering "/app/app/api/verify-token"
2025-10-27T00:04:04.732087Z  INFO get_globs:scan_sources: tailwindcss_oxide::scanner: Discovering "/app/app/api/heartbeat"
2025-10-27T00:04:04.732165Z  INFO get_globs:scan_sources: tailwindcss_oxide::scanner: Discovering "/app/app/api/admin"
2025-10-27T00:04:04.732201Z  INFO get_globs:scan_sources: tailwindcss_oxide::scanner: Discovering "/app/app/api/admin/users"
2025-10-27T00:04:04.732247Z  INFO get_globs:scan_sources: tailwindcss_oxide::scanner: Discovering "/app/app/api/admin/notifications"
2025-10-27T00:04:04.732289Z  INFO get_globs:scan_sources: tailwindcss_oxide::scanner: Discovering "/app/app/api/admin/devices"
2025-10-27T00:04:04.732330Z  INFO get_globs:scan_sources: tailwindcss_oxide::scanner: Discovering "/app/app/api/admin/maintenance"
2025-10-27T00:04:04.732369Z  INFO get_globs:scan_sources: tailwindcss_oxide::scanner: Discovering "/app/app/api/admin/active"
2025-10-27T00:04:04.732407Z  INFO get_globs:scan_sources: tailwindcss_oxide::scanner: Discovering "/app/app/api/admin/queries"
2025-10-27T00:04:04.732446Z  INFO get_globs:scan_sources: tailwindcss_oxide::scanner: Discovering "/app/app/api/admin/logs"
2025-10-27T00:04:04.732567Z  INFO get_globs:scan_sources: tailwindcss_oxide::scanner: Discovering "/app/app/api/diag"
2025-10-27T00:04:04.732610Z  INFO get_globs:scan_sources: tailwindcss_oxide::scanner: Discovering "/app/app/api/maintenance-check"
2025-10-27T00:04:04.732653Z  INFO get_globs:scan_sources: tailwindcss_oxide::scanner: Discovering "/app/app/api/test-firebase"
2025-10-27T00:04:04.732697Z  INFO get_globs:scan_sources: tailwindcss_oxide::scanner: Discovering "/app/app/settings"
2025-10-27T00:04:04.732747Z  INFO get_globs:scan_sources: tailwindcss_oxide::scanner: Discovering "/app/app/profile"
2025-10-27T00:04:04.732791Z  INFO get_globs:scan_sources: tailwindcss_oxide::scanner: Discovering "/app/app/vip"
2025-10-27T00:04:04.732834Z  INFO get_globs:scan_sources: tailwindcss_oxide::scanner: Discovering "/app/app/boss"
2025-10-27T00:04:04.732874Z  INFO get_globs:scan_sources: tailwindcss_oxide::scanner: Discovering "/app/app/boss/login"
2025-10-27T00:04:04.732921Z  INFO get_globs:scan_sources: tailwindcss_oxide::scanner: Discovering "/app/styles"
2025-10-27T00:04:04.733010Z  INFO get_globs:scan_sources: tailwindcss_oxide::scanner: Discovering "/app/jules-scratch"
2025-10-27T00:04:04.733047Z  INFO get_globs:scan_sources: tailwindcss_oxide::scanner: Discovering "/app/jules-scratch/verification"
2025-10-27T00:04:04.733093Z  INFO get_globs:scan_sources: tailwindcss_oxide::scanner: Discovering "/app/public"
2025-10-27T00:04:04.733188Z  INFO get_globs:scan_sources: tailwindcss_oxide::scanner: Discovering "/app/components"
2025-10-27T00:04:04.733234Z  INFO get_globs:scan_sources: tailwindcss_oxide::scanner: Discovering "/app/components/ui"
2025-10-27T00:04:04.733705Z  INFO get_globs:scan_sources: tailwindcss_oxide::scanner: Discovering "/app/hooks"
2025-10-27T00:04:04.733780Z  INFO get_globs:scan_sources: tailwindcss_oxide::scanner: exit
2025-10-27T00:04:04.735182Z  INFO get_globs: tailwindcss_oxide::scanner: exit
2025-10-27T00:04:45.579883Z  INFO scan_sources: tailwindcss_oxide::scanner: enter
2025-10-27T00:04:45.580585Z  INFO scan_sources: tailwindcss_oxide::scanner: Discovering "/app/lib"
2025-10-27T00:04:45.580740Z  INFO scan_sources: tailwindcss_oxide::scanner: Discovering "/app/app"
2025-10-27T00:04:45.580801Z  INFO scan_sources: tailwindcss_oxide::scanner: Discovering "/app/app/maintenance"
2025-10-27T00:04:45.580850Z  INFO scan_sources: tailwindcss_oxide::scanner: Discovering "/app/app/api"
2025-10-27T00:04:45.580901Z  INFO scan_sources: tailwindcss_oxide::scanner: Discovering "/app/app/api/user-profile"
2025-10-27T00:04:45.580953Z  INFO scan_sources: tailwindcss_oxide::scanner: Discovering "/app/app/api/query"
2025-10-27T00:04:45.580999Z  INFO scan_sources: tailwindcss_oxide::scanner: Discovering "/app/app/api/user-activity"
2025-10-27T00:04:45.581045Z  INFO scan_sources: tailwindcss_oxide::scanner: Discovering "/app/app/api/verify-token"
2025-10-27T00:04:45.581093Z  INFO scan_sources: tailwindcss_oxide::scanner: Discovering "/app/app/api/heartbeat"
2025-10-27T00:04:45.581136Z  INFO scan_sources: tailwindcss_oxide::scanner: Discovering "/app/app/api/admin"
2025-10-27T00:04:45.581171Z  INFO scan_sources: tailwindcss_oxide::scanner: Discovering "/app/app/api/admin/users"
2025-10-27T00:04:45.581260Z  INFO scan_sources: tailwindcss_oxide::scanner: Discovering "/app/app/api/admin/notifications"
2025-10-27T00:04:45.581324Z  INFO scan_sources: tailwindcss_oxide::scanner: Discovering "/app/app/api/admin/devices"
2025-10-27T00:04:45.581370Z  INFO scan_sources: tailwindcss_oxide::scanner: Discovering "/app/app/api/admin/maintenance"
2025-10-27T00:04:45.581415Z  INFO scan_sources: tailwindcss_oxide::scanner: Discovering "/app/app/api/admin/active"
2025-10-27T00:04:45.581458Z  INFO scan_sources: tailwindcss_oxide::scanner: Discovering "/app/app/api/admin/queries"
2025-10-27T00:04:45.581502Z  INFO scan_sources: tailwindcss_oxide::scanner: Discovering "/app/app/api/admin/logs"
2025-10-27T00:04:45.581553Z  INFO scan_sources: tailwindcss_oxide::scanner: Discovering "/app/app/api/diag"
2025-10-27T00:04:45.581657Z  INFO scan_sources: tailwindcss_oxide::scanner: Discovering "/app/app/api/maintenance-check"
2025-10-27T00:04:45.581712Z  INFO scan_sources: tailwindcss_oxide::scanner: Discovering "/app/app/api/test-firebase"
2025-10-27T00:04:45.581765Z  INFO scan_sources: tailwindcss_oxide::scanner: Discovering "/app/app/settings"
2025-10-27T00:04:45.581822Z  INFO scan_sources: tailwindcss_oxide::scanner: Discovering "/app/app/profile"
2025-10-27T00:04:45.581872Z  INFO scan_sources: tailwindcss_oxide::scanner: Discovering "/app/app/vip"
2025-10-27T00:04:45.581921Z  INFO scan_sources: tailwindcss_oxide::scanner: Discovering "/app/app/boss"
2025-10-27T00:04:45.581967Z  INFO scan_sources: tailwindcss_oxide::scanner: Discovering "/app/app/boss/login"
2025-10-27T00:04:45.582020Z  INFO scan_sources: tailwindcss_oxide::scanner: Discovering "/app/styles"
2025-10-27T00:04:45.582125Z  INFO scan_sources: tailwindcss_oxide::scanner: Discovering "/app/jules-scratch"
2025-10-27T00:04:45.582156Z  INFO scan_sources: tailwindcss_oxide::scanner: Discovering "/app/jules-scratch/verification"
2025-10-27T00:04:45.582245Z  INFO scan_sources: tailwindcss_oxide::scanner: Discovering "/app/public"
2025-10-27T00:04:45.582328Z  INFO scan_sources: tailwindcss_oxide::scanner: Discovering "/app/components"
2025-10-27T00:04:45.582377Z  INFO scan_sources: tailwindcss_oxide::scanner: Discovering "/app/components/ui"
2025-10-27T00:04:45.582831Z  INFO scan_sources: tailwindcss_oxide::scanner: Discovering "/app/hooks"
2025-10-27T00:04:45.582916Z  INFO scan_sources: tailwindcss_oxide::scanner: exit
2025-10-27T00:04:45.582922Z  INFO extract_candidates: tailwindcss_oxide::scanner: enter
2025-10-27T00:04:45.582927Z  INFO extract_candidates:read_all_files: tailwindcss_oxide::scanner: enter
2025-10-27T00:04:45.582931Z  INFO extract_candidates:read_all_files: tailwindcss_oxide::scanner: Reading 0 file(s)
2025-10-27T00:04:45.582936Z  INFO extract_candidates:read_all_files: tailwindcss_oxide::scanner: exit
2025-10-27T00:04:45.582940Z  INFO extract_candidates:parse_all_blobs: tailwindcss_oxide::scanner: enter
2025-10-27T00:04:45.582945Z  INFO extract_candidates:parse_all_blobs:extract: tailwindcss_oxide::scanner: enter
2025-10-27T00:04:45.582949Z  INFO extract_candidates:parse_all_blobs:extract: tailwindcss_oxide::scanner: exit
2025-10-27T00:04:45.582953Z  INFO extract_candidates:parse_all_blobs: tailwindcss_oxide::scanner: exit
2025-10-27T00:04:45.582958Z  INFO extract_candidates: tailwindcss_oxide::scanner: exit
2025-10-27T00:04:45.584922Z  INFO get_files: tailwindcss_oxide::scanner: enter
2025-10-27T00:04:45.584941Z  INFO get_files:scan_sources: tailwindcss_oxide::scanner: enter
2025-10-27T00:04:45.585527Z  INFO get_files:scan_sources: tailwindcss_oxide::scanner: Discovering "/app/lib"
2025-10-27T00:04:45.585724Z  INFO get_files:scan_sources: tailwindcss_oxide::scanner: Discovering "/app/app"
2025-10-27T00:04:45.585791Z  INFO get_files:scan_sources: tailwindcss_oxide::scanner: Discovering "/app/app/maintenance"
2025-10-27T00:04:45.585836Z  INFO get_files:scan_sources: tailwindcss_oxide::scanner: Discovering "/app/app/api"
2025-10-27T00:04:45.585870Z  INFO get_files:scan_sources: tailwindcss_oxide::scanner: Discovering "/app/app/api/user-profile"
2025-10-27T00:04:45.585915Z  INFO get_files:scan_sources: tailwindcss_oxide::scanner: Discovering "/app/app/api/query"
2025-10-27T00:04:45.585957Z  INFO get_files:scan_sources: tailwindcss_oxide::scanner: Discovering "/app/app/api/user-activity"
2025-10-27T00:04:45.586003Z  INFO get_files:scan_sources: tailwindcss_oxide::scanner: Discovering "/app/app/api/verify-token"
2025-10-27T00:04:45.586060Z  INFO get_files:scan_sources: tailwindcss_oxide::scanner: Discovering "/app/app/api/heartbeat"
2025-10-27T00:04:45.586099Z  INFO get_files:scan_sources: tailwindcss_oxide::scanner: Discovering "/app/app/api/admin"
2025-10-27T00:04:45.586130Z  INFO get_files:scan_sources: tailwindcss_oxide::scanner: Discovering "/app/app/api/admin/users"
2025-10-27T00:04:45.586173Z  INFO get_files:scan_sources: tailwindcss_oxide::scanner: Discovering "/app/app/api/admin/notifications"
2025-10-27T00:04:45.586304Z  INFO get_files:scan_sources: tailwindcss_oxide::scanner: Discovering "/app/app/api/admin/devices"
2025-10-27T00:04:45.586350Z  INFO get_files:scan_sources: tailwindcss_oxide::scanner: Discovering "/app/app/api/admin/maintenance"
2025-10-27T00:04:45.586391Z  INFO get_files:scan_sources: tailwindcss_oxide::scanner: Discovering "/app/app/api/admin/active"
2025-10-27T00:04:45.586430Z  INFO get_files:scan_sources: tailwindcss_oxide::scanner: Discovering "/app/app/api/admin/queries"
2025-10-27T00:04:45.586469Z  INFO get_files:scan_sources: tailwindcss_oxide::scanner: Discovering "/app/app/api/admin/logs"
2025-10-27T00:04:45.586513Z  INFO get_files:scan_sources: tailwindcss_oxide::scanner: Discovering "/app/app/api/diag"
2025-10-27T00:04:45.586552Z  INFO get_files:scan_sources: tailwindcss_oxide::scanner: Discovering "/app/app/api/maintenance-check"
2025-10-27T00:04:45.586591Z  INFO get_files:scan_sources: tailwindcss_oxide::scanner: Discovering "/app/app/api/test-firebase"
2025-10-27T00:04:45.586636Z  INFO get_files:scan_sources: tailwindcss_oxide::scanner: Discovering "/app/app/settings"
2025-10-27T00:04:45.586687Z  INFO get_files:scan_sources: tailwindcss_oxide::scanner: Discovering "/app/app/profile"
2025-10-27T00:04:45.586732Z  INFO get_files:scan_sources: tailwindcss_oxide::scanner: Discovering "/app/app/vip"
2025-10-27T00:04:45.586775Z  INFO get_files:scan_sources: tailwindcss_oxide::scanner: Discovering "/app/app/boss"
2025-10-27T00:04:45.586815Z  INFO get_files:scan_sources: tailwindcss_oxide::scanner: Discovering "/app/app/boss/login"
2025-10-27T00:04:45.586861Z  INFO get_files:scan_sources: tailwindcss_oxide::scanner: Discovering "/app/styles"
2025-10-27T00:04:45.586956Z  INFO get_files:scan_sources: tailwindcss_oxide::scanner: Discovering "/app/jules-scratch"
2025-10-27T00:04:45.586985Z  INFO get_files:scan_sources: tailwindcss_oxide::scanner: Discovering "/app/jules-scratch/verification"
2025-10-27T00:04:45.587044Z  INFO get_files:scan_sources: tailwindcss_oxide::scanner: Discovering "/app/public"
2025-10-27T00:04:45.587102Z  INFO get_files:scan_sources: tailwindcss_oxide::scanner: Discovering "/app/components"
2025-10-27T00:04:45.587149Z  INFO get_files:scan_sources: tailwindcss_oxide::scanner: Discovering "/app/components/ui"
2025-10-27T00:04:45.587597Z  INFO get_files:scan_sources: tailwindcss_oxide::scanner: Discovering "/app/hooks"
2025-10-27T00:04:45.587672Z  INFO get_files:scan_sources: tailwindcss_oxide::scanner: exit
2025-10-27T00:04:45.588029Z  INFO get_files: tailwindcss_oxide::scanner: exit
2025-10-27T00:04:45.588582Z  INFO get_globs: tailwindcss_oxide::scanner: enter
2025-10-27T00:04:45.588598Z  INFO get_globs: tailwindcss_oxide::scanner: exit
