2025-10-26T07:55:57.944899Z  INFO tailwindcss_oxide::scanner: Provided sources:
2025-10-26T07:55:57.944948Z  INFO tailwindcss_oxide::scanner: Source: PublicSourceEntry { base: "/app", pattern: "**/*", negated: false }
2025-10-26T07:55:57.944983Z  INFO tailwindcss_oxide::scanner: Optimized sources:
2025-10-26T07:55:57.945003Z  INFO tailwindcss_oxide::scanner: Source: Auto { base: "/app" }
2025-10-26T07:55:57.946670Z  INFO scan_sources: tailwindcss_oxide::scanner: enter
2025-10-26T07:55:57.947329Z  INFO scan_sources: tailwindcss_oxide::scanner: Discovering "/app/eslint.config.js"
2025-10-26T07:55:57.947452Z  INFO scan_sources: tailwindcss_oxide::scanner: Discovering "/app/next-env.d.ts"
2025-10-26T07:55:57.947546Z  INFO scan_sources: tailwindcss_oxide::scanner: Discovering "/app/lib"
2025-10-26T07:55:57.947615Z  INFO scan_sources: tailwindcss_oxide::scanner: Discovering "/app/lib/firebase-admin.ts"
2025-10-26T07:55:57.947662Z  INFO scan_sources: tailwindcss_oxide::scanner: Discovering "/app/lib/auth.ts"
2025-10-26T07:55:57.947687Z  INFO scan_sources: tailwindcss_oxide::scanner: Discovering "/app/lib/utils.ts"
2025-10-26T07:55:57.947714Z  INFO scan_sources: tailwindcss_oxide::scanner: Discovering "/app/lib/firebase.ts"
2025-10-26T07:55:57.947752Z  INFO scan_sources: tailwindcss_oxide::scanner: Discovering "/app/postcss.config.mjs"
2025-10-26T07:55:57.947781Z  INFO scan_sources: tailwindcss_oxide::scanner: Discovering "/app/package.json"
2025-10-26T07:55:57.947842Z  INFO scan_sources: tailwindcss_oxide::scanner: Discovering "/app/README.md"
2025-10-26T07:55:57.947873Z  INFO scan_sources: tailwindcss_oxide::scanner: Discovering "/app/app"
2025-10-26T07:55:57.947931Z  INFO scan_sources: tailwindcss_oxide::scanner: Discovering "/app/app/FirebaseProvider.tsx"
2025-10-26T07:55:57.947951Z  INFO scan_sources: tailwindcss_oxide::scanner: Discovering "/app/app/page.tsx"
2025-10-26T07:55:57.947965Z  INFO scan_sources: tailwindcss_oxide::scanner: Discovering "/app/app/globals.css"
2025-10-26T07:55:57.947986Z  INFO scan_sources: tailwindcss_oxide::scanner: Discovering "/app/app/maintenance"
2025-10-26T07:55:57.948022Z  INFO scan_sources: tailwindcss_oxide::scanner: Discovering "/app/app/maintenance/page.tsx"
2025-10-26T07:55:57.948046Z  INFO scan_sources: tailwindcss_oxide::scanner: Discovering "/app/app/api"
2025-10-26T07:55:57.948113Z  INFO scan_sources: tailwindcss_oxide::scanner: Discovering "/app/app/api/set-admin-claim"
2025-10-26T07:55:57.959030Z  INFO scan_sources: tailwindcss_oxide::scanner: Discovering "/app/app/api/set-admin-claim/route.ts"
2025-10-26T07:55:57.959110Z  INFO scan_sources: tailwindcss_oxide::scanner: Discovering "/app/app/api/user-profile"
2025-10-26T07:55:57.959151Z  INFO scan_sources: tailwindcss_oxide::scanner: Discovering "/app/app/api/user-profile/route.ts"
2025-10-26T07:55:57.959180Z  INFO scan_sources: tailwindcss_oxide::scanner: Discovering "/app/app/api/query"
2025-10-26T07:55:57.959253Z  INFO scan_sources: tailwindcss_oxide::scanner: Discovering "/app/app/api/query/route.ts"
2025-10-26T07:55:57.959282Z  INFO scan_sources: tailwindcss_oxide::scanner: Discovering "/app/app/api/user-activity"
2025-10-26T07:55:57.959313Z  INFO scan_sources: tailwindcss_oxide::scanner: Discovering "/app/app/api/user-activity/route.ts"
2025-10-26T07:55:57.959390Z  INFO scan_sources: tailwindcss_oxide::scanner: Discovering "/app/app/api/verify-token"
2025-10-26T07:55:57.959428Z  INFO scan_sources: tailwindcss_oxide::scanner: Discovering "/app/app/api/verify-token/route.ts"
2025-10-26T07:55:57.959466Z  INFO scan_sources: tailwindcss_oxide::scanner: Discovering "/app/app/api/heartbeat"
2025-10-26T07:55:57.959497Z  INFO scan_sources: tailwindcss_oxide::scanner: Discovering "/app/app/api/heartbeat/route.ts"
2025-10-26T07:55:57.959521Z  INFO scan_sources: tailwindcss_oxide::scanner: Discovering "/app/app/api/admin"
2025-10-26T07:55:57.959580Z  INFO scan_sources: tailwindcss_oxide::scanner: Discovering "/app/app/api/admin/users"
2025-10-26T07:55:57.959617Z  INFO scan_sources: tailwindcss_oxide::scanner: Discovering "/app/app/api/admin/users/route.ts"
2025-10-26T07:55:57.959675Z  INFO scan_sources: tailwindcss_oxide::scanner: Discovering "/app/app/api/admin/notifications"
2025-10-26T07:55:57.959717Z  INFO scan_sources: tailwindcss_oxide::scanner: Discovering "/app/app/api/admin/notifications/route.ts"
2025-10-26T07:55:57.959743Z  INFO scan_sources: tailwindcss_oxide::scanner: Discovering "/app/app/api/admin/devices"
2025-10-26T07:55:57.959782Z  INFO scan_sources: tailwindcss_oxide::scanner: Discovering "/app/app/api/admin/devices/route.ts"
2025-10-26T07:55:57.959822Z  INFO scan_sources: tailwindcss_oxide::scanner: Discovering "/app/app/api/admin/maintenance"
2025-10-26T07:55:57.959857Z  INFO scan_sources: tailwindcss_oxide::scanner: Discovering "/app/app/api/admin/maintenance/route.ts"
2025-10-26T07:55:57.959880Z  INFO scan_sources: tailwindcss_oxide::scanner: Discovering "/app/app/api/admin/active"
2025-10-26T07:55:57.959911Z  INFO scan_sources: tailwindcss_oxide::scanner: Discovering "/app/app/api/admin/active/route.ts"
2025-10-26T07:55:57.959951Z  INFO scan_sources: tailwindcss_oxide::scanner: Discovering "/app/app/api/admin/queries"
2025-10-26T07:55:57.959985Z  INFO scan_sources: tailwindcss_oxide::scanner: Discovering "/app/app/api/admin/queries/route.ts"
2025-10-26T07:55:57.960026Z  INFO scan_sources: tailwindcss_oxide::scanner: Discovering "/app/app/api/admin/logs"
2025-10-26T07:55:57.960092Z  INFO scan_sources: tailwindcss_oxide::scanner: Discovering "/app/app/api/admin/logs/route.ts"
2025-10-26T07:55:57.960128Z  INFO scan_sources: tailwindcss_oxide::scanner: Discovering "/app/app/api/maintenance-check"
2025-10-26T07:55:57.960169Z  INFO scan_sources: tailwindcss_oxide::scanner: Discovering "/app/app/api/maintenance-check/route.ts"
2025-10-26T07:55:57.960219Z  INFO scan_sources: tailwindcss_oxide::scanner: Discovering "/app/app/api/test-firebase"
2025-10-26T07:55:57.960253Z  INFO scan_sources: tailwindcss_oxide::scanner: Discovering "/app/app/api/test-firebase/route.ts"
2025-10-26T07:55:57.960305Z  INFO scan_sources: tailwindcss_oxide::scanner: Discovering "/app/app/settings"
2025-10-26T07:55:57.960341Z  INFO scan_sources: tailwindcss_oxide::scanner: Discovering "/app/app/settings/loading.tsx"
2025-10-26T07:55:57.960381Z  INFO scan_sources: tailwindcss_oxide::scanner: Discovering "/app/app/settings/page.tsx"
2025-10-26T07:55:57.960404Z  INFO scan_sources: tailwindcss_oxide::scanner: Discovering "/app/app/layout.tsx"
2025-10-26T07:55:57.960426Z  INFO scan_sources: tailwindcss_oxide::scanner: Discovering "/app/app/profile"
2025-10-26T07:55:57.960466Z  INFO scan_sources: tailwindcss_oxide::scanner: Discovering "/app/app/profile/loading.tsx"
2025-10-26T07:55:57.960509Z  INFO scan_sources: tailwindcss_oxide::scanner: Discovering "/app/app/profile/page.tsx"
2025-10-26T07:55:57.960551Z  INFO scan_sources: tailwindcss_oxide::scanner: Discovering "/app/app/vip"
2025-10-26T07:55:57.960592Z  INFO scan_sources: tailwindcss_oxide::scanner: Discovering "/app/app/vip/loading.tsx"
2025-10-26T07:55:57.960625Z  INFO scan_sources: tailwindcss_oxide::scanner: Discovering "/app/app/vip/page.tsx"
2025-10-26T07:55:57.960657Z  INFO scan_sources: tailwindcss_oxide::scanner: Discovering "/app/app/boss"
2025-10-26T07:55:57.960693Z  INFO scan_sources: tailwindcss_oxide::scanner: Discovering "/app/app/boss/loading.tsx"
2025-10-26T07:55:57.960721Z  INFO scan_sources: tailwindcss_oxide::scanner: Discovering "/app/app/boss/page.tsx"
2025-10-26T07:55:57.960752Z  INFO scan_sources: tailwindcss_oxide::scanner: Discovering "/app/app/boss/login"
2025-10-26T07:55:57.960799Z  INFO scan_sources: tailwindcss_oxide::scanner: Discovering "/app/app/boss/login/page.tsx"
2025-10-26T07:55:57.960845Z  INFO scan_sources: tailwindcss_oxide::scanner: Discovering "/app/styles"
2025-10-26T07:55:57.960886Z  INFO scan_sources: tailwindcss_oxide::scanner: Discovering "/app/styles/globals.css"
2025-10-26T07:55:57.960972Z  INFO scan_sources: tailwindcss_oxide::scanner: Discovering "/app/next.config.mjs"
2025-10-26T07:55:57.961067Z  INFO scan_sources: tailwindcss_oxide::scanner: Discovering "/app/jules-scratch"
2025-10-26T07:55:57.961191Z  INFO scan_sources: tailwindcss_oxide::scanner: Discovering "/app/jules-scratch/verification"
2025-10-26T07:55:57.961271Z  INFO scan_sources: tailwindcss_oxide::scanner: Discovering "/app/jules-scratch/verification/verify_boss_panel.py"
2025-10-26T07:55:57.961312Z  INFO scan_sources: tailwindcss_oxide::scanner: Discovering "/app/public"
2025-10-26T07:55:57.961396Z  INFO scan_sources: tailwindcss_oxide::scanner: Discovering "/app/public/placeholder.svg"
2025-10-26T07:55:57.961420Z  INFO scan_sources: tailwindcss_oxide::scanner: Discovering "/app/public/placeholder-logo.svg"
2025-10-26T07:55:57.961454Z  INFO scan_sources: tailwindcss_oxide::scanner: Discovering "/app/components"
2025-10-26T07:55:57.961496Z  INFO scan_sources: tailwindcss_oxide::scanner: Discovering "/app/components/theme-provider.tsx"
2025-10-26T07:55:57.961532Z  INFO scan_sources: tailwindcss_oxide::scanner: Discovering "/app/components/splash-screen.tsx"
2025-10-26T07:55:57.961555Z  INFO scan_sources: tailwindcss_oxide::scanner: Discovering "/app/components/ui"
2025-10-26T07:55:57.961625Z  INFO scan_sources: tailwindcss_oxide::scanner: Discovering "/app/components/ui/hover-card.tsx"
2025-10-26T07:55:57.961657Z  INFO scan_sources: tailwindcss_oxide::scanner: Discovering "/app/components/ui/use-toast.ts"
2025-10-26T07:55:57.961674Z  INFO scan_sources: tailwindcss_oxide::scanner: Discovering "/app/components/ui/calendar.tsx"
2025-10-26T07:55:57.961688Z  INFO scan_sources: tailwindcss_oxide::scanner: Discovering "/app/components/ui/pagination.tsx"
2025-10-26T07:55:57.961710Z  INFO scan_sources: tailwindcss_oxide::scanner: Discovering "/app/components/ui/input.tsx"
2025-10-26T07:55:57.961728Z  INFO scan_sources: tailwindcss_oxide::scanner: Discovering "/app/components/ui/dialog.tsx"
2025-10-26T07:55:57.961743Z  INFO scan_sources: tailwindcss_oxide::scanner: Discovering "/app/components/ui/sonner.tsx"
2025-10-26T07:55:57.961759Z  INFO scan_sources: tailwindcss_oxide::scanner: Discovering "/app/components/ui/button-group.tsx"
2025-10-26T07:55:57.961772Z  INFO scan_sources: tailwindcss_oxide::scanner: Discovering "/app/components/ui/avatar.tsx"
2025-10-26T07:55:57.961786Z  INFO scan_sources: tailwindcss_oxide::scanner: Discovering "/app/components/ui/form.tsx"
2025-10-26T07:55:57.961799Z  INFO scan_sources: tailwindcss_oxide::scanner: Discovering "/app/components/ui/breadcrumb.tsx"
2025-10-26T07:55:57.961818Z  INFO scan_sources: tailwindcss_oxide::scanner: Discovering "/app/components/ui/use-mobile.tsx"
2025-10-26T07:55:57.961899Z  INFO scan_sources: tailwindcss_oxide::scanner: Discovering "/app/components/ui/textarea.tsx"
2025-10-26T07:55:57.961930Z  INFO scan_sources: tailwindcss_oxide::scanner: Discovering "/app/components/ui/alert-dialog.tsx"
2025-10-26T07:55:57.961947Z  INFO scan_sources: tailwindcss_oxide::scanner: Discovering "/app/components/ui/scroll-area.tsx"
2025-10-26T07:55:57.961959Z  INFO scan_sources: tailwindcss_oxide::scanner: Discovering "/app/components/ui/aspect-ratio.tsx"
2025-10-26T07:55:57.961974Z  INFO scan_sources: tailwindcss_oxide::scanner: Discovering "/app/components/ui/menubar.tsx"
2025-10-26T07:55:57.961986Z  INFO scan_sources: tailwindcss_oxide::scanner: Discovering "/app/components/ui/input-group.tsx"
2025-10-26T07:55:57.962001Z  INFO scan_sources: tailwindcss_oxide::scanner: Discovering "/app/components/ui/label.tsx"
2025-10-26T07:55:57.962014Z  INFO scan_sources: tailwindcss_oxide::scanner: Discovering "/app/components/ui/progress.tsx"
2025-10-26T07:55:57.962028Z  INFO scan_sources: tailwindcss_oxide::scanner: Discovering "/app/components/ui/collapsible.tsx"
2025-10-26T07:55:57.962049Z  INFO scan_sources: tailwindcss_oxide::scanner: Discovering "/app/components/ui/chart.tsx"
2025-10-26T07:55:57.962066Z  INFO scan_sources: tailwindcss_oxide::scanner: Discovering "/app/components/ui/accordion.tsx"
2025-10-26T07:55:57.962080Z  INFO scan_sources: tailwindcss_oxide::scanner: Discovering "/app/components/ui/dropdown-menu.tsx"
2025-10-26T07:55:57.962097Z  INFO scan_sources: tailwindcss_oxide::scanner: Discovering "/app/components/ui/popover.tsx"
2025-10-26T07:55:57.962118Z  INFO scan_sources: tailwindcss_oxide::scanner: Discovering "/app/components/ui/navigation-menu.tsx"
2025-10-26T07:55:57.962157Z  INFO scan_sources: tailwindcss_oxide::scanner: Discovering "/app/components/ui/switch.tsx"
2025-10-26T07:55:57.962176Z  INFO scan_sources: tailwindcss_oxide::scanner: Discovering "/app/components/ui/kbd.tsx"
2025-10-26T07:55:57.962196Z  INFO scan_sources: tailwindcss_oxide::scanner: Discovering "/app/components/ui/item.tsx"
2025-10-26T07:55:57.962209Z  INFO scan_sources: tailwindcss_oxide::scanner: Discovering "/app/components/ui/tabs.tsx"
2025-10-26T07:55:57.962229Z  INFO scan_sources: tailwindcss_oxide::scanner: Discovering "/app/components/ui/toggle.tsx"
2025-10-26T07:55:57.962246Z  INFO scan_sources: tailwindcss_oxide::scanner: Discovering "/app/components/ui/badge.tsx"
2025-10-26T07:55:57.962261Z  INFO scan_sources: tailwindcss_oxide::scanner: Discovering "/app/components/ui/empty.tsx"
2025-10-26T07:55:57.962273Z  INFO scan_sources: tailwindcss_oxide::scanner: Discovering "/app/components/ui/alert.tsx"
2025-10-26T07:55:57.962294Z  INFO scan_sources: tailwindcss_oxide::scanner: Discovering "/app/components/ui/resizable.tsx"
2025-10-26T07:55:57.962311Z  INFO scan_sources: tailwindcss_oxide::scanner: Discovering "/app/components/ui/toggle-group.tsx"
2025-10-26T07:55:57.962333Z  INFO scan_sources: tailwindcss_oxide::scanner: Discovering "/app/components/ui/sheet.tsx"
2025-10-26T07:55:57.962352Z  INFO scan_sources: tailwindcss_oxide::scanner: Discovering "/app/components/ui/button.tsx"
2025-10-26T07:55:57.962419Z  INFO scan_sources: tailwindcss_oxide::scanner: Discovering "/app/components/ui/separator.tsx"
2025-10-26T07:55:57.962443Z  INFO scan_sources: tailwindcss_oxide::scanner: Discovering "/app/components/ui/toast.tsx"
2025-10-26T07:55:57.962461Z  INFO scan_sources: tailwindcss_oxide::scanner: Discovering "/app/components/ui/card.tsx"
2025-10-26T07:55:57.962473Z  INFO scan_sources: tailwindcss_oxide::scanner: Discovering "/app/components/ui/checkbox.tsx"
2025-10-26T07:55:57.962494Z  INFO scan_sources: tailwindcss_oxide::scanner: Discovering "/app/components/ui/slider.tsx"
2025-10-26T07:55:57.962508Z  INFO scan_sources: tailwindcss_oxide::scanner: Discovering "/app/components/ui/field.tsx"
2025-10-26T07:55:57.962528Z  INFO scan_sources: tailwindcss_oxide::scanner: Discovering "/app/components/ui/sidebar.tsx"
2025-10-26T07:55:57.962542Z  INFO scan_sources: tailwindcss_oxide::scanner: Discovering "/app/components/ui/toaster.tsx"
2025-10-26T07:55:57.962563Z  INFO scan_sources: tailwindcss_oxide::scanner: Discovering "/app/components/ui/drawer.tsx"
2025-10-26T07:55:57.962583Z  INFO scan_sources: tailwindcss_oxide::scanner: Discovering "/app/components/ui/input-otp.tsx"
2025-10-26T07:55:57.962598Z  INFO scan_sources: tailwindcss_oxide::scanner: Discovering "/app/components/ui/radio-group.tsx"
2025-10-26T07:55:57.962617Z  INFO scan_sources: tailwindcss_oxide::scanner: Discovering "/app/components/ui/skeleton.tsx"
2025-10-26T07:55:57.962633Z  INFO scan_sources: tailwindcss_oxide::scanner: Discovering "/app/components/ui/table.tsx"
2025-10-26T07:55:57.962651Z  INFO scan_sources: tailwindcss_oxide::scanner: Discovering "/app/components/ui/tooltip.tsx"
2025-10-26T07:55:57.962667Z  INFO scan_sources: tailwindcss_oxide::scanner: Discovering "/app/components/ui/context-menu.tsx"
2025-10-26T07:55:57.962690Z  INFO scan_sources: tailwindcss_oxide::scanner: Discovering "/app/components/ui/select.tsx"
2025-10-26T07:55:57.962713Z  INFO scan_sources: tailwindcss_oxide::scanner: Discovering "/app/components/ui/spinner.tsx"
2025-10-26T07:55:57.962732Z  INFO scan_sources: tailwindcss_oxide::scanner: Discovering "/app/components/ui/command.tsx"
2025-10-26T07:55:57.962747Z  INFO scan_sources: tailwindcss_oxide::scanner: Discovering "/app/components/ui/carousel.tsx"
2025-10-26T07:55:57.962773Z  INFO scan_sources: tailwindcss_oxide::scanner: Discovering "/app/components/login-form.tsx"
2025-10-26T07:55:57.962796Z  INFO scan_sources: tailwindcss_oxide::scanner: Discovering "/app/components/maintenance-page.tsx"
2025-10-26T07:55:57.962844Z  INFO scan_sources: tailwindcss_oxide::scanner: Discovering "/app/components/query-interface.tsx"
2025-10-26T07:55:57.962872Z  INFO scan_sources: tailwindcss_oxide::scanner: Discovering "/app/components/query-result.tsx"
2025-10-26T07:55:57.962897Z  INFO scan_sources: tailwindcss_oxide::scanner: Discovering "/app/tsconfig.json"
2025-10-26T07:55:57.962919Z  INFO scan_sources: tailwindcss_oxide::scanner: Discovering "/app/components.json"
2025-10-26T07:55:57.962946Z  INFO scan_sources: tailwindcss_oxide::scanner: Discovering "/app/hooks"
2025-10-26T07:55:57.962982Z  INFO scan_sources: tailwindcss_oxide::scanner: Discovering "/app/hooks/use-toast.ts"
2025-10-26T07:55:57.963027Z  INFO scan_sources: tailwindcss_oxide::scanner: Discovering "/app/hooks/use-mobile.ts"
2025-10-26T07:55:57.963092Z  INFO scan_sources: tailwindcss_oxide::scanner: exit
2025-10-26T07:55:57.963117Z  INFO extract_candidates: tailwindcss_oxide::scanner: enter
2025-10-26T07:55:57.963133Z  INFO extract_candidates:read_all_files: tailwindcss_oxide::scanner: enter
2025-10-26T07:55:57.963138Z  INFO extract_candidates:read_all_files: tailwindcss_oxide::scanner: Reading 108 file(s)
2025-10-26T07:55:57.963741Z  INFO tailwindcss_oxide::scanner: Reading "/app/eslint.config.js"
2025-10-26T07:55:57.963843Z  INFO tailwindcss_oxide::scanner: Reading "/app/components/ui/use-mobile.tsx"
2025-10-26T07:55:57.963936Z  INFO tailwindcss_oxide::scanner: Reading "/app/app/settings/loading.tsx"
2025-10-26T07:55:57.964139Z  INFO tailwindcss_oxide::scanner: Reading "/app/components/ui/textarea.tsx"
2025-10-26T07:55:57.964182Z  INFO tailwindcss_oxide::scanner: Reading "/app/components/ui/alert-dialog.tsx"
2025-10-26T07:55:57.964302Z  INFO tailwindcss_oxide::scanner: Reading "/app/app/settings/page.tsx"
2025-10-26T07:55:57.964339Z  INFO tailwindcss_oxide::scanner: Reading "/app/components/ui/scroll-area.tsx"
2025-10-26T07:55:57.964427Z  INFO tailwindcss_oxide::scanner: Reading "/app/components/ui/aspect-ratio.tsx"
2025-10-26T07:55:57.964462Z  INFO tailwindcss_oxide::scanner: Reading "/app/app/layout.tsx"
2025-10-26T07:55:57.964495Z  INFO tailwindcss_oxide::scanner: Reading "/app/app/profile/loading.tsx"
2025-10-26T07:55:57.964531Z  INFO tailwindcss_oxide::scanner: Reading "/app/components/ui/menubar.tsx"
2025-10-26T07:55:57.964638Z  INFO tailwindcss_oxide::scanner: Reading "/app/components/ui/input-group.tsx"
2025-10-26T07:55:57.964664Z  INFO tailwindcss_oxide::scanner: Reading "/app/components/ui/label.tsx"
2025-10-26T07:55:57.964664Z  INFO tailwindcss_oxide::scanner: Reading "/app/app/profile/page.tsx"
2025-10-26T07:55:57.964679Z  INFO tailwindcss_oxide::scanner: Reading "/app/components/ui/progress.tsx"
2025-10-26T07:55:57.964673Z  INFO tailwindcss_oxide::scanner: Reading "/app/components/ui/separator.tsx"
2025-10-26T07:55:57.964770Z  INFO tailwindcss_oxide::scanner: Reading "/app/components/ui/collapsible.tsx"
2025-10-26T07:55:57.964811Z  INFO tailwindcss_oxide::scanner: Reading "/app/app/vip/loading.tsx"
2025-10-26T07:55:57.964813Z  INFO tailwindcss_oxide::scanner: Reading "/app/components/ui/toast.tsx"
2025-10-26T07:55:57.964838Z  INFO tailwindcss_oxide::scanner: Reading "/app/app/vip/page.tsx"
2025-10-26T07:55:57.964843Z  INFO tailwindcss_oxide::scanner: Reading "/app/components/ui/chart.tsx"
2025-10-26T07:55:57.964856Z  INFO tailwindcss_oxide::scanner: Reading "/app/app/boss/loading.tsx"
2025-10-26T07:55:57.964878Z  INFO tailwindcss_oxide::scanner: Reading "/app/components/ui/accordion.tsx"
2025-10-26T07:55:57.964941Z  INFO tailwindcss_oxide::scanner: Reading "/app/components/ui/card.tsx"
2025-10-26T07:55:57.964968Z  INFO tailwindcss_oxide::scanner: Reading "/app/components/ui/checkbox.tsx"
2025-10-26T07:55:57.964971Z  INFO tailwindcss_oxide::scanner: Reading "/app/components/ui/dropdown-menu.tsx"
2025-10-26T07:55:57.965045Z  INFO tailwindcss_oxide::scanner: Reading "/app/components/ui/popover.tsx"
2025-10-26T07:55:57.965075Z  INFO tailwindcss_oxide::scanner: Reading "/app/components/ui/navigation-menu.tsx"
2025-10-26T07:55:57.965084Z  INFO tailwindcss_oxide::scanner: Reading "/app/components/ui/slider.tsx"
2025-10-26T07:55:57.965158Z  INFO tailwindcss_oxide::scanner: Reading "/app/components/ui/switch.tsx"
2025-10-26T07:55:57.965189Z  INFO tailwindcss_oxide::scanner: Reading "/app/components/ui/kbd.tsx"
2025-10-26T07:55:57.965212Z  INFO tailwindcss_oxide::scanner: Reading "/app/components/ui/item.tsx"
2025-10-26T07:55:57.965212Z  INFO tailwindcss_oxide::scanner: Reading "/app/components/ui/field.tsx"
2025-10-26T07:55:57.965245Z  INFO tailwindcss_oxide::scanner: Reading "/app/components/ui/tabs.tsx"
2025-10-26T07:55:57.965293Z  INFO tailwindcss_oxide::scanner: Reading "/app/app/boss/page.tsx"
2025-10-26T07:55:57.965302Z  INFO tailwindcss_oxide::scanner: Reading "/app/components/ui/toggle.tsx"
2025-10-26T07:55:57.965331Z  INFO tailwindcss_oxide::scanner: Reading "/app/components/ui/badge.tsx"
2025-10-26T07:55:57.965391Z  INFO tailwindcss_oxide::scanner: Reading "/app/components/ui/empty.tsx"
2025-10-26T07:55:57.965424Z  INFO tailwindcss_oxide::scanner: Reading "/app/components/ui/alert.tsx"
2025-10-26T07:55:57.965457Z  INFO tailwindcss_oxide::scanner: Reading "/app/components/ui/resizable.tsx"
2025-10-26T07:55:57.965480Z  INFO tailwindcss_oxide::scanner: Reading "/app/components/ui/toggle-group.tsx"
2025-10-26T07:55:57.965500Z  INFO tailwindcss_oxide::scanner: Reading "/app/components/ui/sidebar.tsx"
2025-10-26T07:55:57.965507Z  INFO tailwindcss_oxide::scanner: Reading "/app/components/ui/sheet.tsx"
2025-10-26T07:55:57.965572Z  INFO tailwindcss_oxide::scanner: Reading "/app/components/ui/button.tsx"
2025-10-26T07:55:57.965609Z  INFO tailwindcss_oxide::scanner: Reading "/app/app/api/user-profile/route.ts"
2025-10-26T07:55:57.965658Z  INFO tailwindcss_oxide::scanner: Reading "/app/app/api/query/route.ts"
2025-10-26T07:55:57.965690Z  INFO tailwindcss_oxide::scanner: Reading "/app/app/api/user-activity/route.ts"
2025-10-26T07:55:57.965700Z  INFO tailwindcss_oxide::scanner: Reading "/app/components/ui/toaster.tsx"
2025-10-26T07:55:57.965716Z  INFO tailwindcss_oxide::scanner: Reading "/app/app/api/verify-token/route.ts"
2025-10-26T07:55:57.965720Z  INFO tailwindcss_oxide::scanner: Reading "/app/components/ui/drawer.tsx"
2025-10-26T07:55:57.965726Z  INFO tailwindcss_oxide::scanner: Reading "/app/app/boss/login/page.tsx"
2025-10-26T07:55:57.965733Z  INFO tailwindcss_oxide::scanner: Reading "/app/app/api/heartbeat/route.ts"
2025-10-26T07:55:57.965736Z  INFO tailwindcss_oxide::scanner: Reading "/app/components/ui/input-otp.tsx"
2025-10-26T07:55:57.965747Z  INFO tailwindcss_oxide::scanner: Reading "/app/next.config.mjs"
2025-10-26T07:55:57.965752Z  INFO tailwindcss_oxide::scanner: Reading "/app/components/ui/radio-group.tsx"
2025-10-26T07:55:57.965752Z  INFO tailwindcss_oxide::scanner: Reading "/app/app/api/admin/users/route.ts"
2025-10-26T07:55:57.965766Z  INFO tailwindcss_oxide::scanner: Reading "/app/jules-scratch/verification/verify_boss_panel.py"
2025-10-26T07:55:57.965779Z  INFO tailwindcss_oxide::scanner: Reading "/app/app/api/admin/notifications/route.ts"
2025-10-26T07:55:57.965795Z  INFO tailwindcss_oxide::scanner: Reading "/app/app/api/admin/devices/route.ts"
2025-10-26T07:55:57.965817Z  INFO tailwindcss_oxide::scanner: Reading "/app/app/api/admin/maintenance/route.ts"
2025-10-26T07:55:57.965879Z  INFO tailwindcss_oxide::scanner: Reading "/app/app/api/admin/active/route.ts"
2025-10-26T07:55:57.965907Z  INFO tailwindcss_oxide::scanner: Reading "/app/app/api/admin/queries/route.ts"
2025-10-26T07:55:57.965915Z  INFO tailwindcss_oxide::scanner: Reading "/app/next-env.d.ts"
2025-10-26T07:55:57.965925Z  INFO tailwindcss_oxide::scanner: Reading "/app/app/api/admin/logs/route.ts"
2025-10-26T07:55:57.965936Z  INFO tailwindcss_oxide::scanner: Reading "/app/lib/firebase-admin.ts"
2025-10-26T07:55:57.965946Z  INFO tailwindcss_oxide::scanner: Reading "/app/app/api/maintenance-check/route.ts"
2025-10-26T07:55:57.965970Z  INFO tailwindcss_oxide::scanner: Reading "/app/app/api/test-firebase/route.ts"
2025-10-26T07:55:57.965990Z  INFO tailwindcss_oxide::scanner: Reading "/app/postcss.config.mjs"
2025-10-26T07:55:57.965996Z  INFO tailwindcss_oxide::scanner: Reading "/app/lib/auth.ts"
2025-10-26T07:55:57.966010Z  INFO tailwindcss_oxide::scanner: Reading "/app/package.json"
2025-10-26T07:55:57.966015Z  INFO tailwindcss_oxide::scanner: Reading "/app/lib/utils.ts"
2025-10-26T07:55:57.966030Z  INFO tailwindcss_oxide::scanner: Reading "/app/lib/firebase.ts"
2025-10-26T07:55:57.965768Z  INFO tailwindcss_oxide::scanner: Reading "/app/components/ui/skeleton.tsx"
2025-10-26T07:55:57.966037Z  INFO tailwindcss_oxide::scanner: Reading "/app/README.md"
2025-10-26T07:55:57.966082Z  INFO tailwindcss_oxide::scanner: Reading "/app/components/ui/table.tsx"
2025-10-26T07:55:57.966090Z  INFO tailwindcss_oxide::scanner: Reading "/app/app/FirebaseProvider.tsx"
2025-10-26T07:55:57.966110Z  INFO tailwindcss_oxide::scanner: Reading "/app/components/ui/tooltip.tsx"
2025-10-26T07:55:57.966118Z  INFO tailwindcss_oxide::scanner: Reading "/app/app/page.tsx"
2025-10-26T07:55:57.966127Z  INFO tailwindcss_oxide::scanner: Reading "/app/public/placeholder-logo.svg"
2025-10-26T07:55:57.966172Z  INFO tailwindcss_oxide::scanner: Reading "/app/app/maintenance/page.tsx"
2025-10-26T07:55:57.966188Z  INFO tailwindcss_oxide::scanner: Reading "/app/components/theme-provider.tsx"
2025-10-26T07:55:57.966193Z  INFO tailwindcss_oxide::scanner: Reading "/app/app/api/set-admin-claim/route.ts"
2025-10-26T07:55:57.966205Z  INFO tailwindcss_oxide::scanner: Reading "/app/components/splash-screen.tsx"
2025-10-26T07:55:57.966221Z  INFO tailwindcss_oxide::scanner: Reading "/app/components/ui/hover-card.tsx"
2025-10-26T07:55:57.966129Z  INFO tailwindcss_oxide::scanner: Reading "/app/components/ui/context-menu.tsx"
2025-10-26T07:55:57.966247Z  INFO tailwindcss_oxide::scanner: Reading "/app/components/ui/use-toast.ts"
2025-10-26T07:55:57.966280Z  INFO tailwindcss_oxide::scanner: Reading "/app/components/ui/calendar.tsx"
2025-10-26T07:55:57.966234Z  INFO tailwindcss_oxide::scanner: Reading "/app/components/maintenance-page.tsx"
2025-10-26T07:55:57.966311Z  INFO tailwindcss_oxide::scanner: Reading "/app/components/ui/pagination.tsx"
2025-10-26T07:55:57.966333Z  INFO tailwindcss_oxide::scanner: Reading "/app/components/ui/input.tsx"
2025-10-26T07:55:57.966377Z  INFO tailwindcss_oxide::scanner: Reading "/app/components/ui/dialog.tsx"
2025-10-26T07:55:57.966384Z  INFO tailwindcss_oxide::scanner: Reading "/app/components/ui/select.tsx"
2025-10-26T07:55:57.966495Z  INFO tailwindcss_oxide::scanner: Reading "/app/components/ui/spinner.tsx"
2025-10-26T07:55:57.966512Z  INFO tailwindcss_oxide::scanner: Reading "/app/components/ui/command.tsx"
2025-10-26T07:55:57.966537Z  INFO tailwindcss_oxide::scanner: Reading "/app/components/ui/sonner.tsx"
2025-10-26T07:55:57.966564Z  INFO tailwindcss_oxide::scanner: Reading "/app/components/ui/button-group.tsx"
2025-10-26T07:55:57.966564Z  INFO tailwindcss_oxide::scanner: Reading "/app/components/ui/carousel.tsx"
2025-10-26T07:55:57.966588Z  INFO tailwindcss_oxide::scanner: Reading "/app/components/ui/avatar.tsx"
2025-10-26T07:55:57.966601Z  INFO tailwindcss_oxide::scanner: Reading "/app/components/query-interface.tsx"
2025-10-26T07:55:57.966625Z  INFO tailwindcss_oxide::scanner: Reading "/app/components/ui/form.tsx"
2025-10-26T07:55:57.966636Z  INFO tailwindcss_oxide::scanner: Reading "/app/components/login-form.tsx"
2025-10-26T07:55:57.966650Z  INFO tailwindcss_oxide::scanner: Reading "/app/components/ui/breadcrumb.tsx"
2025-10-26T07:55:57.966657Z  INFO tailwindcss_oxide::scanner: Reading "/app/tsconfig.json"
2025-10-26T07:55:57.966672Z  INFO tailwindcss_oxide::scanner: Reading "/app/hooks/use-toast.ts"
2025-10-26T07:55:57.966675Z  INFO tailwindcss_oxide::scanner: Reading "/app/components.json"
2025-10-26T07:55:57.966710Z  INFO tailwindcss_oxide::scanner: Reading "/app/hooks/use-mobile.ts"
2025-10-26T07:55:57.966740Z  INFO tailwindcss_oxide::scanner: Reading "/app/components/query-result.tsx"
2025-10-26T07:55:57.966857Z  INFO tailwindcss_oxide::scanner: Reading "/app/public/placeholder.svg"
2025-10-26T07:55:57.967025Z  INFO extract_candidates:read_all_files: tailwindcss_oxide::scanner: exit
2025-10-26T07:55:57.967043Z  INFO extract_candidates:parse_all_blobs: tailwindcss_oxide::scanner: enter
2025-10-26T07:55:57.967048Z  INFO extract_candidates:parse_all_blobs:extract: tailwindcss_oxide::scanner: enter
2025-10-26T07:55:57.974429Z  INFO extract_candidates:parse_all_blobs:extract: tailwindcss_oxide::scanner: exit
2025-10-26T07:55:57.974508Z  INFO extract_candidates:parse_all_blobs: tailwindcss_oxide::scanner: exit
2025-10-26T07:55:57.974518Z  INFO extract_candidates:read_all_files: tailwindcss_oxide::scanner: enter
2025-10-26T07:55:57.974523Z  INFO extract_candidates:read_all_files: tailwindcss_oxide::scanner: Reading 2 file(s)
2025-10-26T07:55:57.974593Z  INFO tailwindcss_oxide::scanner: Reading "/app/app/globals.css"
2025-10-26T07:55:57.974632Z  INFO tailwindcss_oxide::scanner: Reading "/app/styles/globals.css"
2025-10-26T07:55:57.974782Z  INFO extract_candidates:read_all_files: tailwindcss_oxide::scanner: exit
2025-10-26T07:55:57.974845Z  INFO extract_candidates:extract_css_variables: tailwindcss_oxide::scanner: enter
2025-10-26T07:55:57.974851Z  INFO extract_candidates:extract_css_variables:extract: tailwindcss_oxide::scanner: enter
2025-10-26T07:55:57.975092Z  INFO extract_candidates:extract_css_variables:extract: tailwindcss_oxide::scanner: exit
2025-10-26T07:55:57.975129Z  INFO extract_candidates:extract_css_variables: tailwindcss_oxide::scanner: exit
2025-10-26T07:55:57.976864Z  INFO extract_candidates: tailwindcss_oxide::scanner: exit
2025-10-26T07:55:57.979688Z  INFO get_files: tailwindcss_oxide::scanner: enter
2025-10-26T07:55:57.979759Z  INFO get_files:scan_sources: tailwindcss_oxide::scanner: enter
2025-10-26T07:55:57.980292Z  INFO get_files:scan_sources: tailwindcss_oxide::scanner: Discovering "/app/lib"
2025-10-26T07:55:57.980518Z  INFO get_files:scan_sources: tailwindcss_oxide::scanner: Discovering "/app/app"
2025-10-26T07:55:57.980630Z  INFO get_files:scan_sources: tailwindcss_oxide::scanner: Discovering "/app/app/maintenance"
2025-10-26T07:55:57.980683Z  INFO get_files:scan_sources: tailwindcss_oxide::scanner: Discovering "/app/app/api"
2025-10-26T07:55:57.980786Z  INFO get_files:scan_sources: tailwindcss_oxide::scanner: Discovering "/app/app/api/set-admin-claim"
2025-10-26T07:55:57.980863Z  INFO get_files:scan_sources: tailwindcss_oxide::scanner: Discovering "/app/app/api/user-profile"
2025-10-26T07:55:57.980941Z  INFO get_files:scan_sources: tailwindcss_oxide::scanner: Discovering "/app/app/api/query"
2025-10-26T07:55:57.981033Z  INFO get_files:scan_sources: tailwindcss_oxide::scanner: Discovering "/app/app/api/user-activity"
2025-10-26T07:55:57.981104Z  INFO get_files:scan_sources: tailwindcss_oxide::scanner: Discovering "/app/app/api/verify-token"
2025-10-26T07:55:57.981187Z  INFO get_files:scan_sources: tailwindcss_oxide::scanner: Discovering "/app/app/api/heartbeat"
2025-10-26T07:55:57.981283Z  INFO get_files:scan_sources: tailwindcss_oxide::scanner: Discovering "/app/app/api/admin"
2025-10-26T07:55:57.981398Z  INFO get_files:scan_sources: tailwindcss_oxide::scanner: Discovering "/app/app/api/admin/users"
2025-10-26T07:55:57.981495Z  INFO get_files:scan_sources: tailwindcss_oxide::scanner: Discovering "/app/app/api/admin/notifications"
2025-10-26T07:55:57.981595Z  INFO get_files:scan_sources: tailwindcss_oxide::scanner: Discovering "/app/app/api/admin/devices"
2025-10-26T07:55:57.981676Z  INFO get_files:scan_sources: tailwindcss_oxide::scanner: Discovering "/app/app/api/admin/maintenance"
2025-10-26T07:55:57.981758Z  INFO get_files:scan_sources: tailwindcss_oxide::scanner: Discovering "/app/app/api/admin/active"
2025-10-26T07:55:57.981823Z  INFO get_files:scan_sources: tailwindcss_oxide::scanner: Discovering "/app/app/api/admin/queries"
2025-10-26T07:55:57.981969Z  INFO get_files:scan_sources: tailwindcss_oxide::scanner: Discovering "/app/app/api/admin/logs"
2025-10-26T07:55:57.982048Z  INFO get_files:scan_sources: tailwindcss_oxide::scanner: Discovering "/app/app/api/maintenance-check"
2025-10-26T07:55:57.982185Z  INFO get_files:scan_sources: tailwindcss_oxide::scanner: Discovering "/app/app/api/test-firebase"
2025-10-26T07:55:57.982275Z  INFO get_files:scan_sources: tailwindcss_oxide::scanner: Discovering "/app/app/settings"
2025-10-26T07:55:57.982377Z  INFO get_files:scan_sources: tailwindcss_oxide::scanner: Discovering "/app/app/profile"
2025-10-26T07:55:57.982450Z  INFO get_files:scan_sources: tailwindcss_oxide::scanner: Discovering "/app/app/vip"
2025-10-26T07:55:57.982522Z  INFO get_files:scan_sources: tailwindcss_oxide::scanner: Discovering "/app/app/boss"
2025-10-26T07:55:57.982589Z  INFO get_files:scan_sources: tailwindcss_oxide::scanner: Discovering "/app/app/boss/login"
2025-10-26T07:55:57.982677Z  INFO get_files:scan_sources: tailwindcss_oxide::scanner: Discovering "/app/styles"
2025-10-26T07:55:57.982832Z  INFO get_files:scan_sources: tailwindcss_oxide::scanner: Discovering "/app/jules-scratch"
2025-10-26T07:55:57.982908Z  INFO get_files:scan_sources: tailwindcss_oxide::scanner: Discovering "/app/jules-scratch/verification"
2025-10-26T07:55:57.982997Z  INFO get_files:scan_sources: tailwindcss_oxide::scanner: Discovering "/app/public"
2025-10-26T07:55:57.983089Z  INFO get_files:scan_sources: tailwindcss_oxide::scanner: Discovering "/app/components"
2025-10-26T07:55:57.983182Z  INFO get_files:scan_sources: tailwindcss_oxide::scanner: Discovering "/app/components/ui"
2025-10-26T07:55:57.983666Z  INFO get_files:scan_sources: tailwindcss_oxide::scanner: Discovering "/app/hooks"
2025-10-26T07:55:57.983762Z  INFO get_files:scan_sources: tailwindcss_oxide::scanner: exit
2025-10-26T07:55:57.984028Z  INFO get_files: tailwindcss_oxide::scanner: exit
2025-10-26T07:55:57.989270Z  INFO get_globs: tailwindcss_oxide::scanner: enter
2025-10-26T07:55:57.989330Z  INFO get_globs:scan_sources: tailwindcss_oxide::scanner: enter
2025-10-26T07:55:57.989930Z  INFO get_globs:scan_sources: tailwindcss_oxide::scanner: Discovering "/app/lib"
2025-10-26T07:55:57.990120Z  INFO get_globs:scan_sources: tailwindcss_oxide::scanner: Discovering "/app/app"
2025-10-26T07:55:57.990201Z  INFO get_globs:scan_sources: tailwindcss_oxide::scanner: Discovering "/app/app/maintenance"
2025-10-26T07:55:57.990269Z  INFO get_globs:scan_sources: tailwindcss_oxide::scanner: Discovering "/app/app/api"
2025-10-26T07:55:57.990315Z  INFO get_globs:scan_sources: tailwindcss_oxide::scanner: Discovering "/app/app/api/set-admin-claim"
2025-10-26T07:55:57.990410Z  INFO get_globs:scan_sources: tailwindcss_oxide::scanner: Discovering "/app/app/api/user-profile"
2025-10-26T07:55:57.990479Z  INFO get_globs:scan_sources: tailwindcss_oxide::scanner: Discovering "/app/app/api/query"
2025-10-26T07:55:57.990545Z  INFO get_globs:scan_sources: tailwindcss_oxide::scanner: Discovering "/app/app/api/user-activity"
2025-10-26T07:55:57.990616Z  INFO get_globs:scan_sources: tailwindcss_oxide::scanner: Discovering "/app/app/api/verify-token"
2025-10-26T07:55:57.990667Z  INFO get_globs:scan_sources: tailwindcss_oxide::scanner: Discovering "/app/app/api/heartbeat"
2025-10-26T07:55:57.990727Z  INFO get_globs:scan_sources: tailwindcss_oxide::scanner: Discovering "/app/app/api/admin"
2025-10-26T07:55:57.990771Z  INFO get_globs:scan_sources: tailwindcss_oxide::scanner: Discovering "/app/app/api/admin/users"
2025-10-26T07:55:57.990838Z  INFO get_globs:scan_sources: tailwindcss_oxide::scanner: Discovering "/app/app/api/admin/notifications"
2025-10-26T07:55:57.990920Z  INFO get_globs:scan_sources: tailwindcss_oxide::scanner: Discovering "/app/app/api/admin/devices"
2025-10-26T07:55:57.990987Z  INFO get_globs:scan_sources: tailwindcss_oxide::scanner: Discovering "/app/app/api/admin/maintenance"
2025-10-26T07:55:57.991053Z  INFO get_globs:scan_sources: tailwindcss_oxide::scanner: Discovering "/app/app/api/admin/active"
2025-10-26T07:55:57.991117Z  INFO get_globs:scan_sources: tailwindcss_oxide::scanner: Discovering "/app/app/api/admin/queries"
2025-10-26T07:55:57.991183Z  INFO get_globs:scan_sources: tailwindcss_oxide::scanner: Discovering "/app/app/api/admin/logs"
2025-10-26T07:55:57.991264Z  INFO get_globs:scan_sources: tailwindcss_oxide::scanner: Discovering "/app/app/api/maintenance-check"
2025-10-26T07:55:57.991331Z  INFO get_globs:scan_sources: tailwindcss_oxide::scanner: Discovering "/app/app/api/test-firebase"
2025-10-26T07:55:57.991417Z  INFO get_globs:scan_sources: tailwindcss_oxide::scanner: Discovering "/app/app/settings"
2025-10-26T07:55:57.991492Z  INFO get_globs:scan_sources: tailwindcss_oxide::scanner: Discovering "/app/app/profile"
2025-10-26T07:55:57.991565Z  INFO get_globs:scan_sources: tailwindcss_oxide::scanner: Discovering "/app/app/vip"
2025-10-26T07:55:57.991636Z  INFO get_globs:scan_sources: tailwindcss_oxide::scanner: Discovering "/app/app/boss"
2025-10-26T07:55:57.991703Z  INFO get_globs:scan_sources: tailwindcss_oxide::scanner: Discovering "/app/app/boss/login"
2025-10-26T07:55:57.991776Z  INFO get_globs:scan_sources: tailwindcss_oxide::scanner: Discovering "/app/styles"
2025-10-26T07:55:57.991927Z  INFO get_globs:scan_sources: tailwindcss_oxide::scanner: Discovering "/app/jules-scratch"
2025-10-26T07:55:57.991995Z  INFO get_globs:scan_sources: tailwindcss_oxide::scanner: Discovering "/app/jules-scratch/verification"
2025-10-26T07:55:57.992052Z  INFO get_globs:scan_sources: tailwindcss_oxide::scanner: Discovering "/app/public"
2025-10-26T07:55:57.992139Z  INFO get_globs:scan_sources: tailwindcss_oxide::scanner: Discovering "/app/components"
2025-10-26T07:55:57.992223Z  INFO get_globs:scan_sources: tailwindcss_oxide::scanner: Discovering "/app/components/ui"
2025-10-26T07:55:57.992756Z  INFO get_globs:scan_sources: tailwindcss_oxide::scanner: Discovering "/app/hooks"
2025-10-26T07:55:57.992862Z  INFO get_globs:scan_sources: tailwindcss_oxide::scanner: exit
2025-10-26T07:55:57.994431Z  INFO get_globs: tailwindcss_oxide::scanner: exit
2025-10-26T07:56:10.013777Z  INFO scan_sources: tailwindcss_oxide::scanner: enter
2025-10-26T07:56:10.014525Z  INFO scan_sources: tailwindcss_oxide::scanner: Discovering "/app/lib"
2025-10-26T07:56:10.014684Z  INFO scan_sources: tailwindcss_oxide::scanner: Discovering "/app/app"
2025-10-26T07:56:10.014751Z  INFO scan_sources: tailwindcss_oxide::scanner: Discovering "/app/app/maintenance"
2025-10-26T07:56:10.014799Z  INFO scan_sources: tailwindcss_oxide::scanner: Discovering "/app/app/api"
2025-10-26T07:56:10.014838Z  INFO scan_sources: tailwindcss_oxide::scanner: Discovering "/app/app/api/set-admin-claim"
2025-10-26T07:56:10.014890Z  INFO scan_sources: tailwindcss_oxide::scanner: Discovering "/app/app/api/user-profile"
2025-10-26T07:56:10.014947Z  INFO scan_sources: tailwindcss_oxide::scanner: Discovering "/app/app/api/query"
2025-10-26T07:56:10.014993Z  INFO scan_sources: tailwindcss_oxide::scanner: Discovering "/app/app/api/user-activity"
2025-10-26T07:56:10.015041Z  INFO scan_sources: tailwindcss_oxide::scanner: Discovering "/app/app/api/verify-token"
2025-10-26T07:56:10.015085Z  INFO scan_sources: tailwindcss_oxide::scanner: Discovering "/app/app/api/heartbeat"
2025-10-26T07:56:10.015127Z  INFO scan_sources: tailwindcss_oxide::scanner: Discovering "/app/app/api/admin"
2025-10-26T07:56:10.015164Z  INFO scan_sources: tailwindcss_oxide::scanner: Discovering "/app/app/api/admin/users"
2025-10-26T07:56:10.015216Z  INFO scan_sources: tailwindcss_oxide::scanner: Discovering "/app/app/api/admin/notifications"
2025-10-26T07:56:10.015264Z  INFO scan_sources: tailwindcss_oxide::scanner: Discovering "/app/app/api/admin/devices"
2025-10-26T07:56:10.015307Z  INFO scan_sources: tailwindcss_oxide::scanner: Discovering "/app/app/api/admin/maintenance"
2025-10-26T07:56:10.015350Z  INFO scan_sources: tailwindcss_oxide::scanner: Discovering "/app/app/api/admin/active"
2025-10-26T07:56:10.015424Z  INFO scan_sources: tailwindcss_oxide::scanner: Discovering "/app/app/api/admin/queries"
2025-10-26T07:56:10.015477Z  INFO scan_sources: tailwindcss_oxide::scanner: Discovering "/app/app/api/admin/logs"
2025-10-26T07:56:10.015527Z  INFO scan_sources: tailwindcss_oxide::scanner: Discovering "/app/app/api/maintenance-check"
2025-10-26T07:56:10.015573Z  INFO scan_sources: tailwindcss_oxide::scanner: Discovering "/app/app/api/test-firebase"
2025-10-26T07:56:10.015634Z  INFO scan_sources: tailwindcss_oxide::scanner: Discovering "/app/app/settings"
2025-10-26T07:56:10.015690Z  INFO scan_sources: tailwindcss_oxide::scanner: Discovering "/app/app/profile"
2025-10-26T07:56:10.015741Z  INFO scan_sources: tailwindcss_oxide::scanner: Discovering "/app/app/vip"
2025-10-26T07:56:10.015791Z  INFO scan_sources: tailwindcss_oxide::scanner: Discovering "/app/app/boss"
2025-10-26T07:56:10.015836Z  INFO scan_sources: tailwindcss_oxide::scanner: Discovering "/app/app/boss/login"
2025-10-26T07:56:10.015887Z  INFO scan_sources: tailwindcss_oxide::scanner: Discovering "/app/styles"
2025-10-26T07:56:10.016025Z  INFO scan_sources: tailwindcss_oxide::scanner: Discovering "/app/jules-scratch"
2025-10-26T07:56:10.016064Z  INFO scan_sources: tailwindcss_oxide::scanner: Discovering "/app/jules-scratch/verification"
2025-10-26T07:56:10.016122Z  INFO scan_sources: tailwindcss_oxide::scanner: Discovering "/app/public"
2025-10-26T07:56:10.016191Z  INFO scan_sources: tailwindcss_oxide::scanner: Discovering "/app/components"
2025-10-26T07:56:10.016240Z  INFO scan_sources: tailwindcss_oxide::scanner: Discovering "/app/components/ui"
2025-10-26T07:56:10.016745Z  INFO scan_sources: tailwindcss_oxide::scanner: Discovering "/app/hooks"
2025-10-26T07:56:10.016834Z  INFO scan_sources: tailwindcss_oxide::scanner: exit
2025-10-26T07:56:10.016861Z  INFO extract_candidates: tailwindcss_oxide::scanner: enter
2025-10-26T07:56:10.016868Z  INFO extract_candidates:read_all_files: tailwindcss_oxide::scanner: enter
2025-10-26T07:56:10.016872Z  INFO extract_candidates:read_all_files: tailwindcss_oxide::scanner: Reading 0 file(s)
2025-10-26T07:56:10.016878Z  INFO extract_candidates:read_all_files: tailwindcss_oxide::scanner: exit
2025-10-26T07:56:10.016882Z  INFO extract_candidates:parse_all_blobs: tailwindcss_oxide::scanner: enter
2025-10-26T07:56:10.016886Z  INFO extract_candidates:parse_all_blobs:extract: tailwindcss_oxide::scanner: enter
2025-10-26T07:56:10.016891Z  INFO extract_candidates:parse_all_blobs:extract: tailwindcss_oxide::scanner: exit
2025-10-26T07:56:10.016895Z  INFO extract_candidates:parse_all_blobs: tailwindcss_oxide::scanner: exit
2025-10-26T07:56:10.016900Z  INFO extract_candidates: tailwindcss_oxide::scanner: exit
2025-10-26T07:56:10.018266Z  INFO get_files: tailwindcss_oxide::scanner: enter
2025-10-26T07:56:10.018314Z  INFO get_files:scan_sources: tailwindcss_oxide::scanner: enter
2025-10-26T07:56:10.018825Z  INFO get_files:scan_sources: tailwindcss_oxide::scanner: Discovering "/app/lib"
2025-10-26T07:56:10.018962Z  INFO get_files:scan_sources: tailwindcss_oxide::scanner: Discovering "/app/app"
2025-10-26T07:56:10.019020Z  INFO get_files:scan_sources: tailwindcss_oxide::scanner: Discovering "/app/app/maintenance"
2025-10-26T07:56:10.019065Z  INFO get_files:scan_sources: tailwindcss_oxide::scanner: Discovering "/app/app/api"
2025-10-26T07:56:10.019143Z  INFO get_files:scan_sources: tailwindcss_oxide::scanner: Discovering "/app/app/api/set-admin-claim"
2025-10-26T07:56:10.019194Z  INFO get_files:scan_sources: tailwindcss_oxide::scanner: Discovering "/app/app/api/user-profile"
2025-10-26T07:56:10.019239Z  INFO get_files:scan_sources: tailwindcss_oxide::scanner: Discovering "/app/app/api/query"
2025-10-26T07:56:10.019291Z  INFO get_files:scan_sources: tailwindcss_oxide::scanner: Discovering "/app/app/api/user-activity"
2025-10-26T07:56:10.019336Z  INFO get_files:scan_sources: tailwindcss_oxide::scanner: Discovering "/app/app/api/verify-token"
2025-10-26T07:56:10.019377Z  INFO get_files:scan_sources: tailwindcss_oxide::scanner: Discovering "/app/app/api/heartbeat"
2025-10-26T07:56:10.019452Z  INFO get_files:scan_sources: tailwindcss_oxide::scanner: Discovering "/app/app/api/admin"
2025-10-26T07:56:10.019489Z  INFO get_files:scan_sources: tailwindcss_oxide::scanner: Discovering "/app/app/api/admin/users"
2025-10-26T07:56:10.019537Z  INFO get_files:scan_sources: tailwindcss_oxide::scanner: Discovering "/app/app/api/admin/notifications"
2025-10-26T07:56:10.019592Z  INFO get_files:scan_sources: tailwindcss_oxide::scanner: Discovering "/app/app/api/admin/devices"
2025-10-26T07:56:10.019658Z  INFO get_files:scan_sources: tailwindcss_oxide::scanner: Discovering "/app/app/api/admin/maintenance"
2025-10-26T07:56:10.019722Z  INFO get_files:scan_sources: tailwindcss_oxide::scanner: Discovering "/app/app/api/admin/active"
2025-10-26T07:56:10.019766Z  INFO get_files:scan_sources: tailwindcss_oxide::scanner: Discovering "/app/app/api/admin/queries"
2025-10-26T07:56:10.019808Z  INFO get_files:scan_sources: tailwindcss_oxide::scanner: Discovering "/app/app/api/admin/logs"
2025-10-26T07:56:10.019874Z  INFO get_files:scan_sources: tailwindcss_oxide::scanner: Discovering "/app/app/api/maintenance-check"
2025-10-26T07:56:10.019949Z  INFO get_files:scan_sources: tailwindcss_oxide::scanner: Discovering "/app/app/api/test-firebase"
2025-10-26T07:56:10.020015Z  INFO get_files:scan_sources: tailwindcss_oxide::scanner: Discovering "/app/app/settings"
2025-10-26T07:56:10.020071Z  INFO get_files:scan_sources: tailwindcss_oxide::scanner: Discovering "/app/app/profile"
2025-10-26T07:56:10.020119Z  INFO get_files:scan_sources: tailwindcss_oxide::scanner: Discovering "/app/app/vip"
2025-10-26T07:56:10.020167Z  INFO get_files:scan_sources: tailwindcss_oxide::scanner: Discovering "/app/app/boss"
2025-10-26T07:56:10.020210Z  INFO get_files:scan_sources: tailwindcss_oxide::scanner: Discovering "/app/app/boss/login"
2025-10-26T07:56:10.020259Z  INFO get_files:scan_sources: tailwindcss_oxide::scanner: Discovering "/app/styles"
2025-10-26T07:56:10.020380Z  INFO get_files:scan_sources: tailwindcss_oxide::scanner: Discovering "/app/jules-scratch"
2025-10-26T07:56:10.020461Z  INFO get_files:scan_sources: tailwindcss_oxide::scanner: Discovering "/app/jules-scratch/verification"
2025-10-26T07:56:10.020534Z  INFO get_files:scan_sources: tailwindcss_oxide::scanner: Discovering "/app/public"
2025-10-26T07:56:10.020650Z  INFO get_files:scan_sources: tailwindcss_oxide::scanner: Discovering "/app/components"
2025-10-26T07:56:10.020729Z  INFO get_files:scan_sources: tailwindcss_oxide::scanner: Discovering "/app/components/ui"
2025-10-26T07:56:10.021226Z  INFO get_files:scan_sources: tailwindcss_oxide::scanner: Discovering "/app/hooks"
2025-10-26T07:56:10.021325Z  INFO get_files:scan_sources: tailwindcss_oxide::scanner: exit
2025-10-26T07:56:10.021464Z  INFO get_files: tailwindcss_oxide::scanner: exit
2025-10-26T07:56:10.022078Z  INFO get_globs: tailwindcss_oxide::scanner: enter
2025-10-26T07:56:10.022103Z  INFO get_globs: tailwindcss_oxide::scanner: exit
