2025-10-25T08:04:07.387194Z  INFO tailwindcss_oxide::scanner: Provided sources:
2025-10-25T08:04:07.387257Z  INFO tailwindcss_oxide::scanner: Source: PublicSourceEntry { base: "/app", pattern: "**/*", negated: false }
2025-10-25T08:04:07.387290Z  INFO tailwindcss_oxide::scanner: Optimized sources:
2025-10-25T08:04:07.387308Z  INFO tailwindcss_oxide::scanner: Source: Auto { base: "/app" }
2025-10-25T08:04:07.388877Z  INFO scan_sources: tailwindcss_oxide::scanner: enter
2025-10-25T08:04:07.389956Z  INFO scan_sources: tailwindcss_oxide::scanner: Discovering "/app/eslint.config.js"
2025-10-25T08:04:07.390017Z  INFO scan_sources: tailwindcss_oxide::scanner: Discovering "/app/next-env.d.ts"
2025-10-25T08:04:07.390107Z  INFO scan_sources: tailwindcss_oxide::scanner: Discovering "/app/lib"
2025-10-25T08:04:07.390150Z  INFO scan_sources: tailwindcss_oxide::scanner: Discovering "/app/lib/firebase-admin.ts"
2025-10-25T08:04:07.390164Z  INFO scan_sources: tailwindcss_oxide::scanner: Discovering "/app/lib/maintenance.ts"
2025-10-25T08:04:07.390178Z  INFO scan_sources: tailwindcss_oxide::scanner: Discovering "/app/lib/auth.ts"
2025-10-25T08:04:07.390191Z  INFO scan_sources: tailwindcss_oxide::scanner: Discovering "/app/lib/utils.ts"
2025-10-25T08:04:07.390202Z  INFO scan_sources: tailwindcss_oxide::scanner: Discovering "/app/lib/firebase.ts"
2025-10-25T08:04:07.390224Z  INFO scan_sources: tailwindcss_oxide::scanner: Discovering "/app/postcss.config.mjs"
2025-10-25T08:04:07.390240Z  INFO scan_sources: tailwindcss_oxide::scanner: Discovering "/app/package.json"
2025-10-25T08:04:07.390285Z  INFO scan_sources: tailwindcss_oxide::scanner: Discovering "/app/README.md"
2025-10-25T08:04:07.390303Z  INFO scan_sources: tailwindcss_oxide::scanner: Discovering "/app/app"
2025-10-25T08:04:07.390340Z  INFO scan_sources: tailwindcss_oxide::scanner: Discovering "/app/app/FirebaseProvider.tsx"
2025-10-25T08:04:07.390354Z  INFO scan_sources: tailwindcss_oxide::scanner: Discovering "/app/app/page.tsx"
2025-10-25T08:04:07.390367Z  INFO scan_sources: tailwindcss_oxide::scanner: Discovering "/app/app/globals.css"
2025-10-25T08:04:07.390384Z  INFO scan_sources: tailwindcss_oxide::scanner: Discovering "/app/app/api"
2025-10-25T08:04:07.390475Z  INFO scan_sources: tailwindcss_oxide::scanner: Discovering "/app/app/api/user-profile"
2025-10-25T08:04:07.390517Z  INFO scan_sources: tailwindcss_oxide::scanner: Discovering "/app/app/api/user-profile/route.ts"
2025-10-25T08:04:07.390565Z  INFO scan_sources: tailwindcss_oxide::scanner: Discovering "/app/app/api/query"
2025-10-25T08:04:07.390606Z  INFO scan_sources: tailwindcss_oxide::scanner: Discovering "/app/app/api/query/route.ts"
2025-10-25T08:04:07.390630Z  INFO scan_sources: tailwindcss_oxide::scanner: Discovering "/app/app/api/user-activity"
2025-10-25T08:04:07.390674Z  INFO scan_sources: tailwindcss_oxide::scanner: Discovering "/app/app/api/user-activity/route.ts"
2025-10-25T08:04:07.390698Z  INFO scan_sources: tailwindcss_oxide::scanner: Discovering "/app/app/api/admin"
2025-10-25T08:04:07.390755Z  INFO scan_sources: tailwindcss_oxide::scanner: Discovering "/app/app/api/admin/users"
2025-10-25T08:04:07.390796Z  INFO scan_sources: tailwindcss_oxide::scanner: Discovering "/app/app/api/admin/users/route.ts"
2025-10-25T08:04:07.390964Z  INFO scan_sources: tailwindcss_oxide::scanner: Discovering "/app/app/api/admin/notifications"
2025-10-25T08:04:07.391030Z  INFO scan_sources: tailwindcss_oxide::scanner: Discovering "/app/app/api/admin/notifications/route.ts"
2025-10-25T08:04:07.391115Z  INFO scan_sources: tailwindcss_oxide::scanner: Discovering "/app/app/api/admin/devices"
2025-10-25T08:04:07.391154Z  INFO scan_sources: tailwindcss_oxide::scanner: Discovering "/app/app/api/admin/devices/route.ts"
2025-10-25T08:04:07.391196Z  INFO scan_sources: tailwindcss_oxide::scanner: Discovering "/app/app/api/admin/maintenance"
2025-10-25T08:04:07.391232Z  INFO scan_sources: tailwindcss_oxide::scanner: Discovering "/app/app/api/admin/maintenance/route.ts"
2025-10-25T08:04:07.391328Z  INFO scan_sources: tailwindcss_oxide::scanner: Discovering "/app/app/api/admin/active"
2025-10-25T08:04:07.391452Z  INFO scan_sources: tailwindcss_oxide::scanner: Discovering "/app/app/api/admin/active/route.ts"
2025-10-25T08:04:07.391627Z  INFO scan_sources: tailwindcss_oxide::scanner: Discovering "/app/app/api/admin/queries"
2025-10-25T08:04:07.391777Z  INFO scan_sources: tailwindcss_oxide::scanner: Discovering "/app/app/api/admin/queries/route.ts"
2025-10-25T08:04:07.391880Z  INFO scan_sources: tailwindcss_oxide::scanner: Discovering "/app/app/api/admin/logs"
2025-10-25T08:04:07.391916Z  INFO scan_sources: tailwindcss_oxide::scanner: Discovering "/app/app/api/admin/logs/route.ts"
2025-10-25T08:04:07.391987Z  INFO scan_sources: tailwindcss_oxide::scanner: Discovering "/app/app/settings"
2025-10-25T08:04:07.392046Z  INFO scan_sources: tailwindcss_oxide::scanner: Discovering "/app/app/settings/loading.tsx"
2025-10-25T08:04:07.392080Z  INFO scan_sources: tailwindcss_oxide::scanner: Discovering "/app/app/settings/page.tsx"
2025-10-25T08:04:07.392168Z  INFO scan_sources: tailwindcss_oxide::scanner: Discovering "/app/app/layout.tsx"
2025-10-25T08:04:07.392215Z  INFO scan_sources: tailwindcss_oxide::scanner: Discovering "/app/app/profile"
2025-10-25T08:04:07.392313Z  INFO scan_sources: tailwindcss_oxide::scanner: Discovering "/app/app/profile/loading.tsx"
2025-10-25T08:04:07.392349Z  INFO scan_sources: tailwindcss_oxide::scanner: Discovering "/app/app/profile/page.tsx"
2025-10-25T08:04:07.392375Z  INFO scan_sources: tailwindcss_oxide::scanner: Discovering "/app/app/vip"
2025-10-25T08:04:07.392521Z  INFO scan_sources: tailwindcss_oxide::scanner: Discovering "/app/app/vip/loading.tsx"
2025-10-25T08:04:07.392554Z  INFO scan_sources: tailwindcss_oxide::scanner: Discovering "/app/app/vip/page.tsx"
2025-10-25T08:04:07.392601Z  INFO scan_sources: tailwindcss_oxide::scanner: Discovering "/app/app/boss"
2025-10-25T08:04:07.392654Z  INFO scan_sources: tailwindcss_oxide::scanner: Discovering "/app/app/boss/loading.tsx"
2025-10-25T08:04:07.392680Z  INFO scan_sources: tailwindcss_oxide::scanner: Discovering "/app/app/boss/page.tsx"
2025-10-25T08:04:07.392699Z  INFO scan_sources: tailwindcss_oxide::scanner: Discovering "/app/app/boss/login"
2025-10-25T08:04:07.392732Z  INFO scan_sources: tailwindcss_oxide::scanner: Discovering "/app/app/boss/login/page.tsx"
2025-10-25T08:04:07.392775Z  INFO scan_sources: tailwindcss_oxide::scanner: Discovering "/app/styles"
2025-10-25T08:04:07.392804Z  INFO scan_sources: tailwindcss_oxide::scanner: Discovering "/app/styles/globals.css"
2025-10-25T08:04:07.392839Z  INFO scan_sources: tailwindcss_oxide::scanner: Discovering "/app/next.config.mjs"
2025-10-25T08:04:07.393187Z  INFO scan_sources: tailwindcss_oxide::scanner: Discovering "/app/jules-scratch"
2025-10-25T08:04:07.393237Z  INFO scan_sources: tailwindcss_oxide::scanner: Discovering "/app/jules-scratch/verification"
2025-10-25T08:04:07.393278Z  INFO scan_sources: tailwindcss_oxide::scanner: Discovering "/app/jules-scratch/verification/verify_changes.py"
2025-10-25T08:04:07.393309Z  INFO scan_sources: tailwindcss_oxide::scanner: Discovering "/app/public"
2025-10-25T08:04:07.393361Z  INFO scan_sources: tailwindcss_oxide::scanner: Discovering "/app/public/placeholder.svg"
2025-10-25T08:04:07.393398Z  INFO scan_sources: tailwindcss_oxide::scanner: Discovering "/app/public/placeholder-logo.svg"
2025-10-25T08:04:07.393461Z  INFO scan_sources: tailwindcss_oxide::scanner: Discovering "/app/components"
2025-10-25T08:04:07.393502Z  INFO scan_sources: tailwindcss_oxide::scanner: Discovering "/app/components/theme-provider.tsx"
2025-10-25T08:04:07.393515Z  INFO scan_sources: tailwindcss_oxide::scanner: Discovering "/app/components/splash-screen.tsx"
2025-10-25T08:04:07.393533Z  INFO scan_sources: tailwindcss_oxide::scanner: Discovering "/app/components/ui"
2025-10-25T08:04:07.393587Z  INFO scan_sources: tailwindcss_oxide::scanner: Discovering "/app/components/ui/hover-card.tsx"
2025-10-25T08:04:07.393599Z  INFO scan_sources: tailwindcss_oxide::scanner: Discovering "/app/components/ui/use-toast.ts"
2025-10-25T08:04:07.393613Z  INFO scan_sources: tailwindcss_oxide::scanner: Discovering "/app/components/ui/calendar.tsx"
2025-10-25T08:04:07.393632Z  INFO scan_sources: tailwindcss_oxide::scanner: Discovering "/app/components/ui/pagination.tsx"
2025-10-25T08:04:07.393646Z  INFO scan_sources: tailwindcss_oxide::scanner: Discovering "/app/components/ui/input.tsx"
2025-10-25T08:04:07.393659Z  INFO scan_sources: tailwindcss_oxide::scanner: Discovering "/app/components/ui/dialog.tsx"
2025-10-25T08:04:07.393681Z  INFO scan_sources: tailwindcss_oxide::scanner: Discovering "/app/components/ui/sonner.tsx"
2025-10-25T08:04:07.393696Z  INFO scan_sources: tailwindcss_oxide::scanner: Discovering "/app/components/ui/button-group.tsx"
2025-10-25T08:04:07.393708Z  INFO scan_sources: tailwindcss_oxide::scanner: Discovering "/app/components/ui/avatar.tsx"
2025-10-25T08:04:07.393720Z  INFO scan_sources: tailwindcss_oxide::scanner: Discovering "/app/components/ui/form.tsx"
2025-10-25T08:04:07.393732Z  INFO scan_sources: tailwindcss_oxide::scanner: Discovering "/app/components/ui/breadcrumb.tsx"
2025-10-25T08:04:07.393744Z  INFO scan_sources: tailwindcss_oxide::scanner: Discovering "/app/components/ui/use-mobile.tsx"
2025-10-25T08:04:07.393757Z  INFO scan_sources: tailwindcss_oxide::scanner: Discovering "/app/components/ui/textarea.tsx"
2025-10-25T08:04:07.393769Z  INFO scan_sources: tailwindcss_oxide::scanner: Discovering "/app/components/ui/alert-dialog.tsx"
2025-10-25T08:04:07.393781Z  INFO scan_sources: tailwindcss_oxide::scanner: Discovering "/app/components/ui/scroll-area.tsx"
2025-10-25T08:04:07.393793Z  INFO scan_sources: tailwindcss_oxide::scanner: Discovering "/app/components/ui/aspect-ratio.tsx"
2025-10-25T08:04:07.393811Z  INFO scan_sources: tailwindcss_oxide::scanner: Discovering "/app/components/ui/menubar.tsx"
2025-10-25T08:04:07.393826Z  INFO scan_sources: tailwindcss_oxide::scanner: Discovering "/app/components/ui/input-group.tsx"
2025-10-25T08:04:07.393841Z  INFO scan_sources: tailwindcss_oxide::scanner: Discovering "/app/components/ui/label.tsx"
2025-10-25T08:04:07.393876Z  INFO scan_sources: tailwindcss_oxide::scanner: Discovering "/app/components/ui/progress.tsx"
2025-10-25T08:04:07.393891Z  INFO scan_sources: tailwindcss_oxide::scanner: Discovering "/app/components/ui/collapsible.tsx"
2025-10-25T08:04:07.393905Z  INFO scan_sources: tailwindcss_oxide::scanner: Discovering "/app/components/ui/chart.tsx"
2025-10-25T08:04:07.393938Z  INFO scan_sources: tailwindcss_oxide::scanner: Discovering "/app/components/ui/accordion.tsx"
2025-10-25T08:04:07.393953Z  INFO scan_sources: tailwindcss_oxide::scanner: Discovering "/app/components/ui/dropdown-menu.tsx"
2025-10-25T08:04:07.393967Z  INFO scan_sources: tailwindcss_oxide::scanner: Discovering "/app/components/ui/popover.tsx"
2025-10-25T08:04:07.393982Z  INFO scan_sources: tailwindcss_oxide::scanner: Discovering "/app/components/ui/navigation-menu.tsx"
2025-10-25T08:04:07.394015Z  INFO scan_sources: tailwindcss_oxide::scanner: Discovering "/app/components/ui/switch.tsx"
2025-10-25T08:04:07.394033Z  INFO scan_sources: tailwindcss_oxide::scanner: Discovering "/app/components/ui/kbd.tsx"
2025-10-25T08:04:07.394046Z  INFO scan_sources: tailwindcss_oxide::scanner: Discovering "/app/components/ui/item.tsx"
2025-10-25T08:04:07.394079Z  INFO scan_sources: tailwindcss_oxide::scanner: Discovering "/app/components/ui/tabs.tsx"
2025-10-25T08:04:07.394094Z  INFO scan_sources: tailwindcss_oxide::scanner: Discovering "/app/components/ui/toggle.tsx"
2025-10-25T08:04:07.394109Z  INFO scan_sources: tailwindcss_oxide::scanner: Discovering "/app/components/ui/badge.tsx"
2025-10-25T08:04:07.394143Z  INFO scan_sources: tailwindcss_oxide::scanner: Discovering "/app/components/ui/empty.tsx"
2025-10-25T08:04:07.394158Z  INFO scan_sources: tailwindcss_oxide::scanner: Discovering "/app/components/ui/alert.tsx"
2025-10-25T08:04:07.394172Z  INFO scan_sources: tailwindcss_oxide::scanner: Discovering "/app/components/ui/resizable.tsx"
2025-10-25T08:04:07.394188Z  INFO scan_sources: tailwindcss_oxide::scanner: Discovering "/app/components/ui/toggle-group.tsx"
2025-10-25T08:04:07.394206Z  INFO scan_sources: tailwindcss_oxide::scanner: Discovering "/app/components/ui/sheet.tsx"
2025-10-25T08:04:07.394217Z  INFO scan_sources: tailwindcss_oxide::scanner: Discovering "/app/components/ui/button.tsx"
2025-10-25T08:04:07.394229Z  INFO scan_sources: tailwindcss_oxide::scanner: Discovering "/app/components/ui/separator.tsx"
2025-10-25T08:04:07.394240Z  INFO scan_sources: tailwindcss_oxide::scanner: Discovering "/app/components/ui/toast.tsx"
2025-10-25T08:04:07.394252Z  INFO scan_sources: tailwindcss_oxide::scanner: Discovering "/app/components/ui/card.tsx"
2025-10-25T08:04:07.394264Z  INFO scan_sources: tailwindcss_oxide::scanner: Discovering "/app/components/ui/checkbox.tsx"
2025-10-25T08:04:07.394275Z  INFO scan_sources: tailwindcss_oxide::scanner: Discovering "/app/components/ui/slider.tsx"
2025-10-25T08:04:07.394286Z  INFO scan_sources: tailwindcss_oxide::scanner: Discovering "/app/components/ui/field.tsx"
2025-10-25T08:04:07.394298Z  INFO scan_sources: tailwindcss_oxide::scanner: Discovering "/app/components/ui/sidebar.tsx"
2025-10-25T08:04:07.394310Z  INFO scan_sources: tailwindcss_oxide::scanner: Discovering "/app/components/ui/toaster.tsx"
2025-10-25T08:04:07.394322Z  INFO scan_sources: tailwindcss_oxide::scanner: Discovering "/app/components/ui/drawer.tsx"
2025-10-25T08:04:07.394333Z  INFO scan_sources: tailwindcss_oxide::scanner: Discovering "/app/components/ui/input-otp.tsx"
2025-10-25T08:04:07.394345Z  INFO scan_sources: tailwindcss_oxide::scanner: Discovering "/app/components/ui/radio-group.tsx"
2025-10-25T08:04:07.394357Z  INFO scan_sources: tailwindcss_oxide::scanner: Discovering "/app/components/ui/skeleton.tsx"
2025-10-25T08:04:07.394369Z  INFO scan_sources: tailwindcss_oxide::scanner: Discovering "/app/components/ui/table.tsx"
2025-10-25T08:04:07.394380Z  INFO scan_sources: tailwindcss_oxide::scanner: Discovering "/app/components/ui/tooltip.tsx"
2025-10-25T08:04:07.394392Z  INFO scan_sources: tailwindcss_oxide::scanner: Discovering "/app/components/ui/context-menu.tsx"
2025-10-25T08:04:07.394438Z  INFO scan_sources: tailwindcss_oxide::scanner: Discovering "/app/components/ui/select.tsx"
2025-10-25T08:04:07.394456Z  INFO scan_sources: tailwindcss_oxide::scanner: Discovering "/app/components/ui/spinner.tsx"
2025-10-25T08:04:07.394469Z  INFO scan_sources: tailwindcss_oxide::scanner: Discovering "/app/components/ui/command.tsx"
2025-10-25T08:04:07.394483Z  INFO scan_sources: tailwindcss_oxide::scanner: Discovering "/app/components/ui/carousel.tsx"
2025-10-25T08:04:07.394506Z  INFO scan_sources: tailwindcss_oxide::scanner: Discovering "/app/components/login-form.tsx"
2025-10-25T08:04:07.394519Z  INFO scan_sources: tailwindcss_oxide::scanner: Discovering "/app/components/maintenance-page.tsx"
2025-10-25T08:04:07.394532Z  INFO scan_sources: tailwindcss_oxide::scanner: Discovering "/app/components/query-interface.tsx"
2025-10-25T08:04:07.394544Z  INFO scan_sources: tailwindcss_oxide::scanner: Discovering "/app/components/query-result.tsx"
2025-10-25T08:04:07.394560Z  INFO scan_sources: tailwindcss_oxide::scanner: Discovering "/app/tsconfig.json"
2025-10-25T08:04:07.394578Z  INFO scan_sources: tailwindcss_oxide::scanner: Discovering "/app/components.json"
2025-10-25T08:04:07.394597Z  INFO scan_sources: tailwindcss_oxide::scanner: Discovering "/app/hooks"
2025-10-25T08:04:07.394631Z  INFO scan_sources: tailwindcss_oxide::scanner: Discovering "/app/hooks/use-toast.ts"
2025-10-25T08:04:07.394668Z  INFO scan_sources: tailwindcss_oxide::scanner: Discovering "/app/hooks/use-mobile.ts"
2025-10-25T08:04:07.394727Z  INFO scan_sources: tailwindcss_oxide::scanner: exit
2025-10-25T08:04:07.394749Z  INFO extract_candidates: tailwindcss_oxide::scanner: enter
2025-10-25T08:04:07.394765Z  INFO extract_candidates:read_all_files: tailwindcss_oxide::scanner: enter
2025-10-25T08:04:07.394782Z  INFO extract_candidates:read_all_files: tailwindcss_oxide::scanner: Reading 103 file(s)
2025-10-25T08:04:07.395340Z  INFO tailwindcss_oxide::scanner: Reading "/app/eslint.config.js"
2025-10-25T08:04:07.395390Z  INFO tailwindcss_oxide::scanner: Reading "/app/next-env.d.ts"
2025-10-25T08:04:07.395437Z  INFO tailwindcss_oxide::scanner: Reading "/app/lib/firebase-admin.ts"
2025-10-25T08:04:07.395461Z  INFO tailwindcss_oxide::scanner: Reading "/app/lib/maintenance.ts"
2025-10-25T08:04:07.395490Z  INFO tailwindcss_oxide::scanner: Reading "/app/lib/auth.ts"
2025-10-25T08:04:07.395505Z  INFO tailwindcss_oxide::scanner: Reading "/app/lib/utils.ts"
2025-10-25T08:04:07.395518Z  INFO tailwindcss_oxide::scanner: Reading "/app/lib/firebase.ts"
2025-10-25T08:04:07.395532Z  INFO tailwindcss_oxide::scanner: Reading "/app/postcss.config.mjs"
2025-10-25T08:04:07.395529Z  INFO tailwindcss_oxide::scanner: Reading "/app/components/ui/toast.tsx"
2025-10-25T08:04:07.395535Z  INFO tailwindcss_oxide::scanner: Reading "/app/components/ui/alert-dialog.tsx"
2025-10-25T08:04:07.395646Z  INFO tailwindcss_oxide::scanner: Reading "/app/components/ui/card.tsx"
2025-10-25T08:04:07.395549Z  INFO tailwindcss_oxide::scanner: Reading "/app/package.json"
2025-10-25T08:04:07.395710Z  INFO tailwindcss_oxide::scanner: Reading "/app/components/ui/scroll-area.tsx"
2025-10-25T08:04:07.395728Z  INFO tailwindcss_oxide::scanner: Reading "/app/README.md"
2025-10-25T08:04:07.395743Z  INFO tailwindcss_oxide::scanner: Reading "/app/components/ui/checkbox.tsx"
2025-10-25T08:04:07.395754Z  INFO tailwindcss_oxide::scanner: Reading "/app/app/FirebaseProvider.tsx"
2025-10-25T08:04:07.395775Z  INFO tailwindcss_oxide::scanner: Reading "/app/components/ui/aspect-ratio.tsx"
2025-10-25T08:04:07.395783Z  INFO tailwindcss_oxide::scanner: Reading "/app/app/page.tsx"
2025-10-25T08:04:07.395817Z  INFO tailwindcss_oxide::scanner: Reading "/app/app/api/user-profile/route.ts"
2025-10-25T08:04:07.395830Z  INFO tailwindcss_oxide::scanner: Reading "/app/components/ui/slider.tsx"
2025-10-25T08:04:07.395838Z  INFO tailwindcss_oxide::scanner: Reading "/app/app/api/query/route.ts"
2025-10-25T08:04:07.395858Z  INFO tailwindcss_oxide::scanner: Reading "/app/components/ui/menubar.tsx"
2025-10-25T08:04:07.395864Z  INFO tailwindcss_oxide::scanner: Reading "/app/app/api/user-activity/route.ts"
2025-10-25T08:04:07.395902Z  INFO tailwindcss_oxide::scanner: Reading "/app/app/api/admin/users/route.ts"
2025-10-25T08:04:07.395909Z  INFO tailwindcss_oxide::scanner: Reading "/app/components/ui/field.tsx"
2025-10-25T08:04:07.395927Z  INFO tailwindcss_oxide::scanner: Reading "/app/components/ui/input-group.tsx"
2025-10-25T08:04:07.395936Z  INFO tailwindcss_oxide::scanner: Reading "/app/app/api/admin/notifications/route.ts"
2025-10-25T08:04:07.395956Z  INFO tailwindcss_oxide::scanner: Reading "/app/app/api/admin/devices/route.ts"
2025-10-25T08:04:07.395981Z  INFO tailwindcss_oxide::scanner: Reading "/app/app/api/admin/maintenance/route.ts"
2025-10-25T08:04:07.396007Z  INFO tailwindcss_oxide::scanner: Reading "/app/components/ui/sidebar.tsx"
2025-10-25T08:04:07.396022Z  INFO tailwindcss_oxide::scanner: Reading "/app/components/ui/label.tsx"
2025-10-25T08:04:07.396037Z  INFO tailwindcss_oxide::scanner: Reading "/app/app/api/admin/active/route.ts"
2025-10-25T08:04:07.396094Z  INFO tailwindcss_oxide::scanner: Reading "/app/app/api/admin/queries/route.ts"
2025-10-25T08:04:07.396150Z  INFO tailwindcss_oxide::scanner: Reading "/app/components/ui/progress.tsx"
2025-10-25T08:04:07.396159Z  INFO tailwindcss_oxide::scanner: Reading "/app/app/api/admin/logs/route.ts"
2025-10-25T08:04:07.396190Z  INFO tailwindcss_oxide::scanner: Reading "/app/app/settings/loading.tsx"
2025-10-25T08:04:07.396207Z  INFO tailwindcss_oxide::scanner: Reading "/app/components/ui/collapsible.tsx"
2025-10-25T08:04:07.396235Z  INFO tailwindcss_oxide::scanner: Reading "/app/app/settings/page.tsx"
2025-10-25T08:04:07.396249Z  INFO tailwindcss_oxide::scanner: Reading "/app/components/ui/chart.tsx"
2025-10-25T08:04:07.396260Z  INFO tailwindcss_oxide::scanner: Reading "/app/app/layout.tsx"
2025-10-25T08:04:07.396278Z  INFO tailwindcss_oxide::scanner: Reading "/app/components/ui/accordion.tsx"
2025-10-25T08:04:07.396313Z  INFO tailwindcss_oxide::scanner: Reading "/app/components/ui/switch.tsx"
2025-10-25T08:04:07.396352Z  INFO tailwindcss_oxide::scanner: Reading "/app/components/ui/kbd.tsx"
2025-10-25T08:04:07.396044Z  INFO tailwindcss_oxide::scanner: Reading "/app/components/ui/toaster.tsx"
2025-10-25T08:04:07.396485Z  INFO tailwindcss_oxide::scanner: Reading "/app/components/ui/drawer.tsx"
2025-10-25T08:04:07.396375Z  INFO tailwindcss_oxide::scanner: Reading "/app/components/ui/dropdown-menu.tsx"
2025-10-25T08:04:07.396736Z  INFO tailwindcss_oxide::scanner: Reading "/app/components/ui/popover.tsx"
2025-10-25T08:04:07.396762Z  INFO tailwindcss_oxide::scanner: Reading "/app/components/ui/navigation-menu.tsx"
2025-10-25T08:04:07.396384Z  INFO tailwindcss_oxide::scanner: Reading "/app/components/ui/item.tsx"
2025-10-25T08:04:07.396837Z  INFO tailwindcss_oxide::scanner: Reading "/app/components/ui/context-menu.tsx"
2025-10-25T08:04:07.396851Z  INFO tailwindcss_oxide::scanner: Reading "/app/components/ui/tabs.tsx"
2025-10-25T08:04:07.396859Z  INFO tailwindcss_oxide::scanner: Reading "/app/components/ui/input-otp.tsx"
2025-10-25T08:04:07.396889Z  INFO tailwindcss_oxide::scanner: Reading "/app/components/ui/select.tsx"
2025-10-25T08:04:07.396899Z  INFO tailwindcss_oxide::scanner: Reading "/app/components/ui/radio-group.tsx"
2025-10-25T08:04:07.396912Z  INFO tailwindcss_oxide::scanner: Reading "/app/components/ui/spinner.tsx"
2025-10-25T08:04:07.396912Z  INFO tailwindcss_oxide::scanner: Reading "/app/components/ui/toggle.tsx"
2025-10-25T08:04:07.396921Z  INFO tailwindcss_oxide::scanner: Reading "/app/components/ui/skeleton.tsx"
2025-10-25T08:04:07.396944Z  INFO tailwindcss_oxide::scanner: Reading "/app/components/ui/command.tsx"
2025-10-25T08:04:07.396952Z  INFO tailwindcss_oxide::scanner: Reading "/app/components/ui/table.tsx"
2025-10-25T08:04:07.396972Z  INFO tailwindcss_oxide::scanner: Reading "/app/components/ui/badge.tsx"
2025-10-25T08:04:07.396974Z  INFO tailwindcss_oxide::scanner: Reading "/app/components/ui/tooltip.tsx"
2025-10-25T08:04:07.396977Z  INFO tailwindcss_oxide::scanner: Reading "/app/components/ui/carousel.tsx"
2025-10-25T08:04:07.396282Z  INFO tailwindcss_oxide::scanner: Reading "/app/app/profile/loading.tsx"
2025-10-25T08:04:07.397224Z  INFO tailwindcss_oxide::scanner: Reading "/app/components/login-form.tsx"
2025-10-25T08:04:07.397239Z  INFO tailwindcss_oxide::scanner: Reading "/app/app/profile/page.tsx"
2025-10-25T08:04:07.397253Z  INFO tailwindcss_oxide::scanner: Reading "/app/components/maintenance-page.tsx"
2025-10-25T08:04:07.397309Z  INFO tailwindcss_oxide::scanner: Reading "/app/components/query-interface.tsx"
2025-10-25T08:04:07.397085Z  INFO tailwindcss_oxide::scanner: Reading "/app/components/ui/toggle-group.tsx"
2025-10-25T08:04:07.397076Z  INFO tailwindcss_oxide::scanner: Reading "/app/components/ui/empty.tsx"
2025-10-25T08:04:07.397480Z  INFO tailwindcss_oxide::scanner: Reading "/app/components/ui/sheet.tsx"
2025-10-25T08:04:07.397514Z  INFO tailwindcss_oxide::scanner: Reading "/app/components/ui/button.tsx"
2025-10-25T08:04:07.397386Z  INFO tailwindcss_oxide::scanner: Reading "/app/app/vip/loading.tsx"
2025-10-25T08:04:07.397534Z  INFO tailwindcss_oxide::scanner: Reading "/app/components/ui/separator.tsx"
2025-10-25T08:04:07.397539Z  INFO tailwindcss_oxide::scanner: Reading "/app/components/query-result.tsx"
2025-10-25T08:04:07.397556Z  INFO tailwindcss_oxide::scanner: Reading "/app/components/ui/resizable.tsx"
2025-10-25T08:04:07.397557Z  INFO tailwindcss_oxide::scanner: Reading "/app/app/vip/page.tsx"
2025-10-25T08:04:07.397561Z  INFO tailwindcss_oxide::scanner: Reading "/app/tsconfig.json"
2025-10-25T08:04:07.397575Z  INFO tailwindcss_oxide::scanner: Reading "/app/app/boss/loading.tsx"
2025-10-25T08:04:07.397580Z  INFO tailwindcss_oxide::scanner: Reading "/app/hooks/use-toast.ts"
2025-10-25T08:04:07.397587Z  INFO tailwindcss_oxide::scanner: Reading "/app/components.json"
2025-10-25T08:04:07.397605Z  INFO tailwindcss_oxide::scanner: Reading "/app/hooks/use-mobile.ts"
2025-10-25T08:04:07.397612Z  INFO tailwindcss_oxide::scanner: Reading "/app/components/ui/hover-card.tsx"
2025-10-25T08:04:07.397627Z  INFO tailwindcss_oxide::scanner: Reading "/app/app/boss/page.tsx"
2025-10-25T08:04:07.397629Z  INFO tailwindcss_oxide::scanner: Reading "/app/app/boss/login/page.tsx"
2025-10-25T08:04:07.397644Z  INFO tailwindcss_oxide::scanner: Reading "/app/components/ui/use-toast.ts"
2025-10-25T08:04:07.397649Z  INFO tailwindcss_oxide::scanner: Reading "/app/next.config.mjs"
2025-10-25T08:04:07.397664Z  INFO tailwindcss_oxide::scanner: Reading "/app/jules-scratch/verification/verify_changes.py"
2025-10-25T08:04:07.397669Z  INFO tailwindcss_oxide::scanner: Reading "/app/components/ui/calendar.tsx"
2025-10-25T08:04:07.397685Z  INFO tailwindcss_oxide::scanner: Reading "/app/public/placeholder.svg"
2025-10-25T08:04:07.397699Z  INFO tailwindcss_oxide::scanner: Reading "/app/components/ui/sonner.tsx"
2025-10-25T08:04:07.397709Z  INFO tailwindcss_oxide::scanner: Reading "/app/components/ui/pagination.tsx"
2025-10-25T08:04:07.397719Z  INFO tailwindcss_oxide::scanner: Reading "/app/components/ui/button-group.tsx"
2025-10-25T08:04:07.397729Z  INFO tailwindcss_oxide::scanner: Reading "/app/components/ui/input.tsx"
2025-10-25T08:04:07.397734Z  INFO tailwindcss_oxide::scanner: Reading "/app/public/placeholder-logo.svg"
2025-10-25T08:04:07.397740Z  INFO tailwindcss_oxide::scanner: Reading "/app/components/ui/avatar.tsx"
2025-10-25T08:04:07.397748Z  INFO tailwindcss_oxide::scanner: Reading "/app/components/ui/dialog.tsx"
2025-10-25T08:04:07.397761Z  INFO tailwindcss_oxide::scanner: Reading "/app/components/ui/form.tsx"
2025-10-25T08:04:07.397762Z  INFO tailwindcss_oxide::scanner: Reading "/app/components/theme-provider.tsx"
2025-10-25T08:04:07.397769Z  INFO tailwindcss_oxide::scanner: Reading "/app/components/ui/use-mobile.tsx"
2025-10-25T08:04:07.397781Z  INFO tailwindcss_oxide::scanner: Reading "/app/components/ui/breadcrumb.tsx"
2025-10-25T08:04:07.397783Z  INFO tailwindcss_oxide::scanner: Reading "/app/components/splash-screen.tsx"
2025-10-25T08:04:07.397789Z  INFO tailwindcss_oxide::scanner: Reading "/app/components/ui/textarea.tsx"
2025-10-25T08:04:07.397802Z  INFO tailwindcss_oxide::scanner: Reading "/app/components/ui/alert.tsx"
2025-10-25T08:04:07.398280Z  INFO extract_candidates:read_all_files: tailwindcss_oxide::scanner: exit
2025-10-25T08:04:07.398320Z  INFO extract_candidates:parse_all_blobs: tailwindcss_oxide::scanner: enter
2025-10-25T08:04:07.398328Z  INFO extract_candidates:parse_all_blobs:extract: tailwindcss_oxide::scanner: enter
2025-10-25T08:04:07.402967Z  INFO extract_candidates:parse_all_blobs:extract: tailwindcss_oxide::scanner: exit
2025-10-25T08:04:07.403034Z  INFO extract_candidates:parse_all_blobs: tailwindcss_oxide::scanner: exit
2025-10-25T08:04:07.403045Z  INFO extract_candidates:read_all_files: tailwindcss_oxide::scanner: enter
2025-10-25T08:04:07.403049Z  INFO extract_candidates:read_all_files: tailwindcss_oxide::scanner: Reading 2 file(s)
2025-10-25T08:04:07.403223Z  INFO tailwindcss_oxide::scanner: Reading "/app/app/globals.css"
2025-10-25T08:04:07.403244Z  INFO tailwindcss_oxide::scanner: Reading "/app/styles/globals.css"
2025-10-25T08:04:07.403472Z  INFO extract_candidates:read_all_files: tailwindcss_oxide::scanner: exit
2025-10-25T08:04:07.403488Z  INFO extract_candidates:extract_css_variables: tailwindcss_oxide::scanner: enter
2025-10-25T08:04:07.403492Z  INFO extract_candidates:extract_css_variables:extract: tailwindcss_oxide::scanner: enter
2025-10-25T08:04:07.403615Z  INFO extract_candidates:extract_css_variables:extract: tailwindcss_oxide::scanner: exit
2025-10-25T08:04:07.403639Z  INFO extract_candidates:extract_css_variables: tailwindcss_oxide::scanner: exit
2025-10-25T08:04:07.404853Z  INFO extract_candidates: tailwindcss_oxide::scanner: exit
2025-10-25T08:04:07.406508Z  INFO get_files: tailwindcss_oxide::scanner: enter
2025-10-25T08:04:07.406562Z  INFO get_files:scan_sources: tailwindcss_oxide::scanner: enter
2025-10-25T08:04:07.407063Z  INFO get_files:scan_sources: tailwindcss_oxide::scanner: Discovering "/app/lib"
2025-10-25T08:04:07.407275Z  INFO get_files:scan_sources: tailwindcss_oxide::scanner: Discovering "/app/app"
2025-10-25T08:04:07.407379Z  INFO get_files:scan_sources: tailwindcss_oxide::scanner: Discovering "/app/app/api"
2025-10-25T08:04:07.407496Z  INFO get_files:scan_sources: tailwindcss_oxide::scanner: Discovering "/app/app/api/user-profile"
2025-10-25T08:04:07.407584Z  INFO get_files:scan_sources: tailwindcss_oxide::scanner: Discovering "/app/app/api/query"
2025-10-25T08:04:07.407672Z  INFO get_files:scan_sources: tailwindcss_oxide::scanner: Discovering "/app/app/api/user-activity"
2025-10-25T08:04:07.407742Z  INFO get_files:scan_sources: tailwindcss_oxide::scanner: Discovering "/app/app/api/admin"
2025-10-25T08:04:07.407800Z  INFO get_files:scan_sources: tailwindcss_oxide::scanner: Discovering "/app/app/api/admin/users"
2025-10-25T08:04:07.407871Z  INFO get_files:scan_sources: tailwindcss_oxide::scanner: Discovering "/app/app/api/admin/notifications"
2025-10-25T08:04:07.407954Z  INFO get_files:scan_sources: tailwindcss_oxide::scanner: Discovering "/app/app/api/admin/devices"
2025-10-25T08:04:07.408036Z  INFO get_files:scan_sources: tailwindcss_oxide::scanner: Discovering "/app/app/api/admin/maintenance"
2025-10-25T08:04:07.408151Z  INFO get_files:scan_sources: tailwindcss_oxide::scanner: Discovering "/app/app/api/admin/active"
2025-10-25T08:04:07.408220Z  INFO get_files:scan_sources: tailwindcss_oxide::scanner: Discovering "/app/app/api/admin/queries"
2025-10-25T08:04:07.408287Z  INFO get_files:scan_sources: tailwindcss_oxide::scanner: Discovering "/app/app/api/admin/logs"
2025-10-25T08:04:07.408383Z  INFO get_files:scan_sources: tailwindcss_oxide::scanner: Discovering "/app/app/settings"
2025-10-25T08:04:07.408501Z  INFO get_files:scan_sources: tailwindcss_oxide::scanner: Discovering "/app/app/profile"
2025-10-25T08:04:07.408588Z  INFO get_files:scan_sources: tailwindcss_oxide::scanner: Discovering "/app/app/vip"
2025-10-25T08:04:07.408670Z  INFO get_files:scan_sources: tailwindcss_oxide::scanner: Discovering "/app/app/boss"
2025-10-25T08:04:07.408761Z  INFO get_files:scan_sources: tailwindcss_oxide::scanner: Discovering "/app/app/boss/login"
2025-10-25T08:04:07.408843Z  INFO get_files:scan_sources: tailwindcss_oxide::scanner: Discovering "/app/styles"
2025-10-25T08:04:07.408997Z  INFO get_files:scan_sources: tailwindcss_oxide::scanner: Discovering "/app/jules-scratch"
2025-10-25T08:04:07.409066Z  INFO get_files:scan_sources: tailwindcss_oxide::scanner: Discovering "/app/jules-scratch/verification"
2025-10-25T08:04:07.409153Z  INFO get_files:scan_sources: tailwindcss_oxide::scanner: Discovering "/app/public"
2025-10-25T08:04:07.409252Z  INFO get_files:scan_sources: tailwindcss_oxide::scanner: Discovering "/app/components"
2025-10-25T08:04:07.409333Z  INFO get_files:scan_sources: tailwindcss_oxide::scanner: Discovering "/app/components/ui"
2025-10-25T08:04:07.409811Z  INFO get_files:scan_sources: tailwindcss_oxide::scanner: Discovering "/app/hooks"
2025-10-25T08:04:07.409905Z  INFO get_files:scan_sources: tailwindcss_oxide::scanner: exit
2025-10-25T08:04:07.410049Z  INFO get_files: tailwindcss_oxide::scanner: exit
2025-10-25T08:04:07.410476Z  INFO get_globs: tailwindcss_oxide::scanner: enter
2025-10-25T08:04:07.410521Z  INFO get_globs:scan_sources: tailwindcss_oxide::scanner: enter
2025-10-25T08:04:07.410979Z  INFO get_globs:scan_sources: tailwindcss_oxide::scanner: Discovering "/app/lib"
2025-10-25T08:04:07.411181Z  INFO get_globs:scan_sources: tailwindcss_oxide::scanner: Discovering "/app/app"
2025-10-25T08:04:07.411274Z  INFO get_globs:scan_sources: tailwindcss_oxide::scanner: Discovering "/app/app/api"
2025-10-25T08:04:07.411352Z  INFO get_globs:scan_sources: tailwindcss_oxide::scanner: Discovering "/app/app/api/user-profile"
2025-10-25T08:04:07.411478Z  INFO get_globs:scan_sources: tailwindcss_oxide::scanner: Discovering "/app/app/api/query"
2025-10-25T08:04:07.411576Z  INFO get_globs:scan_sources: tailwindcss_oxide::scanner: Discovering "/app/app/api/user-activity"
2025-10-25T08:04:07.411642Z  INFO get_globs:scan_sources: tailwindcss_oxide::scanner: Discovering "/app/app/api/admin"
2025-10-25T08:04:07.411740Z  INFO get_globs:scan_sources: tailwindcss_oxide::scanner: Discovering "/app/app/api/admin/users"
2025-10-25T08:04:07.411822Z  INFO get_globs:scan_sources: tailwindcss_oxide::scanner: Discovering "/app/app/api/admin/notifications"
2025-10-25T08:04:07.411914Z  INFO get_globs:scan_sources: tailwindcss_oxide::scanner: Discovering "/app/app/api/admin/devices"
2025-10-25T08:04:07.411996Z  INFO get_globs:scan_sources: tailwindcss_oxide::scanner: Discovering "/app/app/api/admin/maintenance"
2025-10-25T08:04:07.412084Z  INFO get_globs:scan_sources: tailwindcss_oxide::scanner: Discovering "/app/app/api/admin/active"
2025-10-25T08:04:07.412222Z  INFO get_globs:scan_sources: tailwindcss_oxide::scanner: Discovering "/app/app/api/admin/queries"
2025-10-25T08:04:07.412317Z  INFO get_globs:scan_sources: tailwindcss_oxide::scanner: Discovering "/app/app/api/admin/logs"
2025-10-25T08:04:07.412387Z  INFO get_globs:scan_sources: tailwindcss_oxide::scanner: Discovering "/app/app/settings"
2025-10-25T08:04:07.412513Z  INFO get_globs:scan_sources: tailwindcss_oxide::scanner: Discovering "/app/app/profile"
2025-10-25T08:04:07.412586Z  INFO get_globs:scan_sources: tailwindcss_oxide::scanner: Discovering "/app/app/vip"
2025-10-25T08:04:07.412676Z  INFO get_globs:scan_sources: tailwindcss_oxide::scanner: Discovering "/app/app/boss"
2025-10-25T08:04:07.412753Z  INFO get_globs:scan_sources: tailwindcss_oxide::scanner: Discovering "/app/app/boss/login"
2025-10-25T08:04:07.412858Z  INFO get_globs:scan_sources: tailwindcss_oxide::scanner: Discovering "/app/styles"
2025-10-25T08:04:07.412984Z  INFO get_globs:scan_sources: tailwindcss_oxide::scanner: Discovering "/app/jules-scratch"
2025-10-25T08:04:07.413051Z  INFO get_globs:scan_sources: tailwindcss_oxide::scanner: Discovering "/app/jules-scratch/verification"
2025-10-25T08:04:07.413139Z  INFO get_globs:scan_sources: tailwindcss_oxide::scanner: Discovering "/app/public"
2025-10-25T08:04:07.413225Z  INFO get_globs:scan_sources: tailwindcss_oxide::scanner: Discovering "/app/components"
2025-10-25T08:04:07.413292Z  INFO get_globs:scan_sources: tailwindcss_oxide::scanner: Discovering "/app/components/ui"
2025-10-25T08:04:07.413749Z  INFO get_globs:scan_sources: tailwindcss_oxide::scanner: Discovering "/app/hooks"
2025-10-25T08:04:07.413835Z  INFO get_globs:scan_sources: tailwindcss_oxide::scanner: exit
2025-10-25T08:04:07.415539Z  INFO get_globs: tailwindcss_oxide::scanner: exit
