2025-10-27T00:10:38.307951Z  INFO tailwindcss_oxide::scanner: Provided sources:
2025-10-27T00:10:38.308020Z  INFO tailwindcss_oxide::scanner: Source: PublicSourceEntry { base: "/app", pattern: "**/*", negated: false }
2025-10-27T00:10:38.308054Z  INFO tailwindcss_oxide::scanner: Optimized sources:
2025-10-27T00:10:38.308058Z  INFO tailwindcss_oxide::scanner: Source: Auto { base: "/app" }
2025-10-27T00:10:38.309470Z  INFO scan_sources: tailwindcss_oxide::scanner: enter
2025-10-27T00:10:38.310079Z  INFO scan_sources: tailwindcss_oxide::scanner: Discovering "/app/eslint.config.js"
2025-10-27T00:10:38.310113Z  INFO scan_sources: tailwindcss_oxide::scanner: Discovering "/app/next-env.d.ts"
2025-10-27T00:10:38.310169Z  INFO scan_sources: tailwindcss_oxide::scanner: Discovering "/app/lib"
2025-10-27T00:10:38.310208Z  INFO scan_sources: tailwindcss_oxide::scanner: Discovering "/app/lib/firebase-admin.ts"
2025-10-27T00:10:38.310222Z  INFO scan_sources: tailwindcss_oxide::scanner: Discovering "/app/lib/firebase-initializer.js"
2025-10-27T00:10:38.310236Z  INFO scan_sources: tailwindcss_oxide::scanner: Discovering "/app/lib/auth.ts"
2025-10-27T00:10:38.310248Z  INFO scan_sources: tailwindcss_oxide::scanner: Discovering "/app/lib/utils.ts"
2025-10-27T00:10:38.310260Z  INFO scan_sources: tailwindcss_oxide::scanner: Discovering "/app/lib/firebase.ts"
2025-10-27T00:10:38.310282Z  INFO scan_sources: tailwindcss_oxide::scanner: Discovering "/app/postcss.config.mjs"
2025-10-27T00:10:38.310297Z  INFO scan_sources: tailwindcss_oxide::scanner: Discovering "/app/package.json"
2025-10-27T00:10:38.310347Z  INFO scan_sources: tailwindcss_oxide::scanner: Discovering "/app/README.md"
2025-10-27T00:10:38.310367Z  INFO scan_sources: tailwindcss_oxide::scanner: Discovering "/app/app"
2025-10-27T00:10:38.310400Z  INFO scan_sources: tailwindcss_oxide::scanner: Discovering "/app/app/FirebaseProvider.tsx"
2025-10-27T00:10:38.310413Z  INFO scan_sources: tailwindcss_oxide::scanner: Discovering "/app/app/page.tsx"
2025-10-27T00:10:38.310426Z  INFO scan_sources: tailwindcss_oxide::scanner: Discovering "/app/app/globals.css"
2025-10-27T00:10:38.310443Z  INFO scan_sources: tailwindcss_oxide::scanner: Discovering "/app/app/maintenance"
2025-10-27T00:10:38.310472Z  INFO scan_sources: tailwindcss_oxide::scanner: Discovering "/app/app/maintenance/page.tsx"
2025-10-27T00:10:38.310493Z  INFO scan_sources: tailwindcss_oxide::scanner: Discovering "/app/app/api"
2025-10-27T00:10:38.310564Z  INFO scan_sources: tailwindcss_oxide::scanner: Discovering "/app/app/api/user-profile"
2025-10-27T00:10:38.310603Z  INFO scan_sources: tailwindcss_oxide::scanner: Discovering "/app/app/api/user-profile/route.ts"
2025-10-27T00:10:38.310627Z  INFO scan_sources: tailwindcss_oxide::scanner: Discovering "/app/app/api/query"
2025-10-27T00:10:38.310657Z  INFO scan_sources: tailwindcss_oxide::scanner: Discovering "/app/app/api/query/route.ts"
2025-10-27T00:10:38.310678Z  INFO scan_sources: tailwindcss_oxide::scanner: Discovering "/app/app/api/user-activity"
2025-10-27T00:10:38.310706Z  INFO scan_sources: tailwindcss_oxide::scanner: Discovering "/app/app/api/user-activity/route.ts"
2025-10-27T00:10:38.310729Z  INFO scan_sources: tailwindcss_oxide::scanner: Discovering "/app/app/api/verify-token"
2025-10-27T00:10:38.310761Z  INFO scan_sources: tailwindcss_oxide::scanner: Discovering "/app/app/api/verify-token/route.ts"
2025-10-27T00:10:38.310782Z  INFO scan_sources: tailwindcss_oxide::scanner: Discovering "/app/app/api/heartbeat"
2025-10-27T00:10:38.310809Z  INFO scan_sources: tailwindcss_oxide::scanner: Discovering "/app/app/api/heartbeat/route.ts"
2025-10-27T00:10:38.310828Z  INFO scan_sources: tailwindcss_oxide::scanner: Discovering "/app/app/api/admin"
2025-10-27T00:10:38.310864Z  INFO scan_sources: tailwindcss_oxide::scanner: Discovering "/app/app/api/admin/users"
2025-10-27T00:10:38.310893Z  INFO scan_sources: tailwindcss_oxide::scanner: Discovering "/app/app/api/admin/users/route.ts"
2025-10-27T00:10:38.310916Z  INFO scan_sources: tailwindcss_oxide::scanner: Discovering "/app/app/api/admin/notifications"
2025-10-27T00:10:38.311002Z  INFO scan_sources: tailwindcss_oxide::scanner: Discovering "/app/app/api/admin/notifications/route.ts"
2025-10-27T00:10:38.311031Z  INFO scan_sources: tailwindcss_oxide::scanner: Discovering "/app/app/api/admin/devices"
2025-10-27T00:10:38.311060Z  INFO scan_sources: tailwindcss_oxide::scanner: Discovering "/app/app/api/admin/devices/route.ts"
2025-10-27T00:10:38.311081Z  INFO scan_sources: tailwindcss_oxide::scanner: Discovering "/app/app/api/admin/maintenance"
2025-10-27T00:10:38.311109Z  INFO scan_sources: tailwindcss_oxide::scanner: Discovering "/app/app/api/admin/maintenance/route.ts"
2025-10-27T00:10:38.311129Z  INFO scan_sources: tailwindcss_oxide::scanner: Discovering "/app/app/api/admin/active"
2025-10-27T00:10:38.311157Z  INFO scan_sources: tailwindcss_oxide::scanner: Discovering "/app/app/api/admin/active/route.ts"
2025-10-27T00:10:38.311176Z  INFO scan_sources: tailwindcss_oxide::scanner: Discovering "/app/app/api/admin/queries"
2025-10-27T00:10:38.311205Z  INFO scan_sources: tailwindcss_oxide::scanner: Discovering "/app/app/api/admin/queries/route.ts"
2025-10-27T00:10:38.311225Z  INFO scan_sources: tailwindcss_oxide::scanner: Discovering "/app/app/api/admin/logs"
2025-10-27T00:10:38.311252Z  INFO scan_sources: tailwindcss_oxide::scanner: Discovering "/app/app/api/admin/logs/route.ts"
2025-10-27T00:10:38.311277Z  INFO scan_sources: tailwindcss_oxide::scanner: Discovering "/app/app/api/diag"
2025-10-27T00:10:38.311317Z  INFO scan_sources: tailwindcss_oxide::scanner: Discovering "/app/app/api/diag/route.ts"
2025-10-27T00:10:38.311346Z  INFO scan_sources: tailwindcss_oxide::scanner: Discovering "/app/app/api/maintenance-check"
2025-10-27T00:10:38.311375Z  INFO scan_sources: tailwindcss_oxide::scanner: Discovering "/app/app/api/maintenance-check/route.ts"
2025-10-27T00:10:38.311396Z  INFO scan_sources: tailwindcss_oxide::scanner: Discovering "/app/app/api/test-firebase"
2025-10-27T00:10:38.311426Z  INFO scan_sources: tailwindcss_oxide::scanner: Discovering "/app/app/api/test-firebase/route.ts"
2025-10-27T00:10:38.311451Z  INFO scan_sources: tailwindcss_oxide::scanner: Discovering "/app/app/settings"
2025-10-27T00:10:38.311478Z  INFO scan_sources: tailwindcss_oxide::scanner: Discovering "/app/app/settings/loading.tsx"
2025-10-27T00:10:38.311490Z  INFO scan_sources: tailwindcss_oxide::scanner: Discovering "/app/app/settings/page.tsx"
2025-10-27T00:10:38.311506Z  INFO scan_sources: tailwindcss_oxide::scanner: Discovering "/app/app/layout.tsx"
2025-10-27T00:10:38.311549Z  INFO scan_sources: tailwindcss_oxide::scanner: Discovering "/app/app/profile"
2025-10-27T00:10:38.311584Z  INFO scan_sources: tailwindcss_oxide::scanner: Discovering "/app/app/profile/loading.tsx"
2025-10-27T00:10:38.311599Z  INFO scan_sources: tailwindcss_oxide::scanner: Discovering "/app/app/profile/page.tsx"
2025-10-27T00:10:38.311620Z  INFO scan_sources: tailwindcss_oxide::scanner: Discovering "/app/app/vip"
2025-10-27T00:10:38.311647Z  INFO scan_sources: tailwindcss_oxide::scanner: Discovering "/app/app/vip/loading.tsx"
2025-10-27T00:10:38.311659Z  INFO scan_sources: tailwindcss_oxide::scanner: Discovering "/app/app/vip/page.tsx"
2025-10-27T00:10:38.311680Z  INFO scan_sources: tailwindcss_oxide::scanner: Discovering "/app/app/boss"
2025-10-27T00:10:38.311707Z  INFO scan_sources: tailwindcss_oxide::scanner: Discovering "/app/app/boss/loading.tsx"
2025-10-27T00:10:38.311720Z  INFO scan_sources: tailwindcss_oxide::scanner: Discovering "/app/app/boss/page.tsx"
2025-10-27T00:10:38.311735Z  INFO scan_sources: tailwindcss_oxide::scanner: Discovering "/app/app/boss/login"
2025-10-27T00:10:38.311762Z  INFO scan_sources: tailwindcss_oxide::scanner: Discovering "/app/app/boss/login/page.tsx"
2025-10-27T00:10:38.311790Z  INFO scan_sources: tailwindcss_oxide::scanner: Discovering "/app/styles"
2025-10-27T00:10:38.311816Z  INFO scan_sources: tailwindcss_oxide::scanner: Discovering "/app/styles/globals.css"
2025-10-27T00:10:38.311854Z  INFO scan_sources: tailwindcss_oxide::scanner: Discovering "/app/next.config.mjs"
2025-10-27T00:10:38.311953Z  INFO scan_sources: tailwindcss_oxide::scanner: Discovering "/app/jules-scratch"
2025-10-27T00:10:38.312028Z  INFO scan_sources: tailwindcss_oxide::scanner: Discovering "/app/jules-scratch/verification"
2025-10-27T00:10:38.312072Z  INFO scan_sources: tailwindcss_oxide::scanner: Discovering "/app/jules-scratch/verification/full_verification.py"
2025-10-27T00:10:38.312101Z  INFO scan_sources: tailwindcss_oxide::scanner: Discovering "/app/public"
2025-10-27T00:10:38.312138Z  INFO scan_sources: tailwindcss_oxide::scanner: Discovering "/app/public/placeholder.svg"
2025-10-27T00:10:38.312153Z  INFO scan_sources: tailwindcss_oxide::scanner: Discovering "/app/public/placeholder-logo.svg"
2025-10-27T00:10:38.312175Z  INFO scan_sources: tailwindcss_oxide::scanner: Discovering "/app/components"
2025-10-27T00:10:38.312204Z  INFO scan_sources: tailwindcss_oxide::scanner: Discovering "/app/components/theme-provider.tsx"
2025-10-27T00:10:38.312215Z  INFO scan_sources: tailwindcss_oxide::scanner: Discovering "/app/components/splash-screen.tsx"
2025-10-27T00:10:38.312234Z  INFO scan_sources: tailwindcss_oxide::scanner: Discovering "/app/components/ui"
2025-10-27T00:10:38.312278Z  INFO scan_sources: tailwindcss_oxide::scanner: Discovering "/app/components/ui/hover-card.tsx"
2025-10-27T00:10:38.312290Z  INFO scan_sources: tailwindcss_oxide::scanner: Discovering "/app/components/ui/use-toast.ts"
2025-10-27T00:10:38.312302Z  INFO scan_sources: tailwindcss_oxide::scanner: Discovering "/app/components/ui/calendar.tsx"
2025-10-27T00:10:38.312314Z  INFO scan_sources: tailwindcss_oxide::scanner: Discovering "/app/components/ui/pagination.tsx"
2025-10-27T00:10:38.312326Z  INFO scan_sources: tailwindcss_oxide::scanner: Discovering "/app/components/ui/input.tsx"
2025-10-27T00:10:38.312345Z  INFO scan_sources: tailwindcss_oxide::scanner: Discovering "/app/components/ui/dialog.tsx"
2025-10-27T00:10:38.312358Z  INFO scan_sources: tailwindcss_oxide::scanner: Discovering "/app/components/ui/sonner.tsx"
2025-10-27T00:10:38.312371Z  INFO scan_sources: tailwindcss_oxide::scanner: Discovering "/app/components/ui/button-group.tsx"
2025-10-27T00:10:38.312383Z  INFO scan_sources: tailwindcss_oxide::scanner: Discovering "/app/components/ui/avatar.tsx"
2025-10-27T00:10:38.312395Z  INFO scan_sources: tailwindcss_oxide::scanner: Discovering "/app/components/ui/form.tsx"
2025-10-27T00:10:38.312412Z  INFO scan_sources: tailwindcss_oxide::scanner: Discovering "/app/components/ui/breadcrumb.tsx"
2025-10-27T00:10:38.312424Z  INFO scan_sources: tailwindcss_oxide::scanner: Discovering "/app/components/ui/use-mobile.tsx"
2025-10-27T00:10:38.312435Z  INFO scan_sources: tailwindcss_oxide::scanner: Discovering "/app/components/ui/textarea.tsx"
2025-10-27T00:10:38.312447Z  INFO scan_sources: tailwindcss_oxide::scanner: Discovering "/app/components/ui/alert-dialog.tsx"
2025-10-27T00:10:38.312459Z  INFO scan_sources: tailwindcss_oxide::scanner: Discovering "/app/components/ui/scroll-area.tsx"
2025-10-27T00:10:38.312471Z  INFO scan_sources: tailwindcss_oxide::scanner: Discovering "/app/components/ui/aspect-ratio.tsx"
2025-10-27T00:10:38.312483Z  INFO scan_sources: tailwindcss_oxide::scanner: Discovering "/app/components/ui/menubar.tsx"
2025-10-27T00:10:38.312495Z  INFO scan_sources: tailwindcss_oxide::scanner: Discovering "/app/components/ui/input-group.tsx"
2025-10-27T00:10:38.312507Z  INFO scan_sources: tailwindcss_oxide::scanner: Discovering "/app/components/ui/label.tsx"
2025-10-27T00:10:38.312519Z  INFO scan_sources: tailwindcss_oxide::scanner: Discovering "/app/components/ui/progress.tsx"
2025-10-27T00:10:38.312563Z  INFO scan_sources: tailwindcss_oxide::scanner: Discovering "/app/components/ui/collapsible.tsx"
2025-10-27T00:10:38.312577Z  INFO scan_sources: tailwindcss_oxide::scanner: Discovering "/app/components/ui/chart.tsx"
2025-10-27T00:10:38.312589Z  INFO scan_sources: tailwindcss_oxide::scanner: Discovering "/app/components/ui/accordion.tsx"
2025-10-27T00:10:38.312602Z  INFO scan_sources: tailwindcss_oxide::scanner: Discovering "/app/components/ui/dropdown-menu.tsx"
2025-10-27T00:10:38.312663Z  INFO scan_sources: tailwindcss_oxide::scanner: Discovering "/app/components/ui/popover.tsx"
2025-10-27T00:10:38.312679Z  INFO scan_sources: tailwindcss_oxide::scanner: Discovering "/app/components/ui/navigation-menu.tsx"
2025-10-27T00:10:38.312693Z  INFO scan_sources: tailwindcss_oxide::scanner: Discovering "/app/components/ui/switch.tsx"
2025-10-27T00:10:38.312707Z  INFO scan_sources: tailwindcss_oxide::scanner: Discovering "/app/components/ui/kbd.tsx"
2025-10-27T00:10:38.312719Z  INFO scan_sources: tailwindcss_oxide::scanner: Discovering "/app/components/ui/item.tsx"
2025-10-27T00:10:38.312731Z  INFO scan_sources: tailwindcss_oxide::scanner: Discovering "/app/components/ui/tabs.tsx"
2025-10-27T00:10:38.312742Z  INFO scan_sources: tailwindcss_oxide::scanner: Discovering "/app/components/ui/toggle.tsx"
2025-10-27T00:10:38.312754Z  INFO scan_sources: tailwindcss_oxide::scanner: Discovering "/app/components/ui/badge.tsx"
2025-10-27T00:10:38.312766Z  INFO scan_sources: tailwindcss_oxide::scanner: Discovering "/app/components/ui/empty.tsx"
2025-10-27T00:10:38.312777Z  INFO scan_sources: tailwindcss_oxide::scanner: Discovering "/app/components/ui/alert.tsx"
2025-10-27T00:10:38.312789Z  INFO scan_sources: tailwindcss_oxide::scanner: Discovering "/app/components/ui/resizable.tsx"
2025-10-27T00:10:38.312801Z  INFO scan_sources: tailwindcss_oxide::scanner: Discovering "/app/components/ui/toggle-group.tsx"
2025-10-27T00:10:38.312812Z  INFO scan_sources: tailwindcss_oxide::scanner: Discovering "/app/components/ui/sheet.tsx"
2025-10-27T00:10:38.312823Z  INFO scan_sources: tailwindcss_oxide::scanner: Discovering "/app/components/ui/button.tsx"
2025-10-27T00:10:38.312835Z  INFO scan_sources: tailwindcss_oxide::scanner: Discovering "/app/components/ui/separator.tsx"
2025-10-27T00:10:38.312846Z  INFO scan_sources: tailwindcss_oxide::scanner: Discovering "/app/components/ui/toast.tsx"
2025-10-27T00:10:38.312857Z  INFO scan_sources: tailwindcss_oxide::scanner: Discovering "/app/components/ui/card.tsx"
2025-10-27T00:10:38.312868Z  INFO scan_sources: tailwindcss_oxide::scanner: Discovering "/app/components/ui/checkbox.tsx"
2025-10-27T00:10:38.312880Z  INFO scan_sources: tailwindcss_oxide::scanner: Discovering "/app/components/ui/slider.tsx"
2025-10-27T00:10:38.312892Z  INFO scan_sources: tailwindcss_oxide::scanner: Discovering "/app/components/ui/field.tsx"
2025-10-27T00:10:38.312903Z  INFO scan_sources: tailwindcss_oxide::scanner: Discovering "/app/components/ui/sidebar.tsx"
2025-10-27T00:10:38.312915Z  INFO scan_sources: tailwindcss_oxide::scanner: Discovering "/app/components/ui/toaster.tsx"
2025-10-27T00:10:38.312927Z  INFO scan_sources: tailwindcss_oxide::scanner: Discovering "/app/components/ui/drawer.tsx"
2025-10-27T00:10:38.312938Z  INFO scan_sources: tailwindcss_oxide::scanner: Discovering "/app/components/ui/input-otp.tsx"
2025-10-27T00:10:38.312949Z  INFO scan_sources: tailwindcss_oxide::scanner: Discovering "/app/components/ui/radio-group.tsx"
2025-10-27T00:10:38.312961Z  INFO scan_sources: tailwindcss_oxide::scanner: Discovering "/app/components/ui/skeleton.tsx"
2025-10-27T00:10:38.312972Z  INFO scan_sources: tailwindcss_oxide::scanner: Discovering "/app/components/ui/table.tsx"
2025-10-27T00:10:38.312983Z  INFO scan_sources: tailwindcss_oxide::scanner: Discovering "/app/components/ui/tooltip.tsx"
2025-10-27T00:10:38.312995Z  INFO scan_sources: tailwindcss_oxide::scanner: Discovering "/app/components/ui/context-menu.tsx"
2025-10-27T00:10:38.313006Z  INFO scan_sources: tailwindcss_oxide::scanner: Discovering "/app/components/ui/select.tsx"
2025-10-27T00:10:38.313017Z  INFO scan_sources: tailwindcss_oxide::scanner: Discovering "/app/components/ui/spinner.tsx"
2025-10-27T00:10:38.313028Z  INFO scan_sources: tailwindcss_oxide::scanner: Discovering "/app/components/ui/command.tsx"
2025-10-27T00:10:38.313040Z  INFO scan_sources: tailwindcss_oxide::scanner: Discovering "/app/components/ui/carousel.tsx"
2025-10-27T00:10:38.313062Z  INFO scan_sources: tailwindcss_oxide::scanner: Discovering "/app/components/login-form.tsx"
2025-10-27T00:10:38.313114Z  INFO scan_sources: tailwindcss_oxide::scanner: Discovering "/app/components/maintenance-page.tsx"
2025-10-27T00:10:38.313129Z  INFO scan_sources: tailwindcss_oxide::scanner: Discovering "/app/components/query-interface.tsx"
2025-10-27T00:10:38.313142Z  INFO scan_sources: tailwindcss_oxide::scanner: Discovering "/app/components/query-result.tsx"
2025-10-27T00:10:38.313162Z  INFO scan_sources: tailwindcss_oxide::scanner: Discovering "/app/tsconfig.json"
2025-10-27T00:10:38.313174Z  INFO scan_sources: tailwindcss_oxide::scanner: Discovering "/app/components.json"
2025-10-27T00:10:38.313191Z  INFO scan_sources: tailwindcss_oxide::scanner: Discovering "/app/hooks"
2025-10-27T00:10:38.313234Z  INFO scan_sources: tailwindcss_oxide::scanner: Discovering "/app/hooks/use-toast.ts"
2025-10-27T00:10:38.313247Z  INFO scan_sources: tailwindcss_oxide::scanner: Discovering "/app/hooks/use-mobile.ts"
2025-10-27T00:10:38.313287Z  INFO scan_sources: tailwindcss_oxide::scanner: exit
2025-10-27T00:10:38.313294Z  INFO extract_candidates: tailwindcss_oxide::scanner: enter
2025-10-27T00:10:38.313307Z  INFO extract_candidates:read_all_files: tailwindcss_oxide::scanner: enter
2025-10-27T00:10:38.313316Z  INFO extract_candidates:read_all_files: tailwindcss_oxide::scanner: Reading 109 file(s)
2025-10-27T00:10:38.314032Z  INFO tailwindcss_oxide::scanner: Reading "/app/app/api/test-firebase/route.ts"
2025-10-27T00:10:38.314045Z  INFO tailwindcss_oxide::scanner: Reading "/app/eslint.config.js"
2025-10-27T00:10:38.314075Z  INFO tailwindcss_oxide::scanner: Reading "/app/app/api/user-profile/route.ts"
2025-10-27T00:10:38.314091Z  INFO tailwindcss_oxide::scanner: Reading "/app/next-env.d.ts"
2025-10-27T00:10:38.314107Z  INFO tailwindcss_oxide::scanner: Reading "/app/lib/firebase-admin.ts"
2025-10-27T00:10:38.314083Z  INFO tailwindcss_oxide::scanner: Reading "/app/app/settings/loading.tsx"
2025-10-27T00:10:38.314126Z  INFO tailwindcss_oxide::scanner: Reading "/app/lib/firebase-initializer.js"
2025-10-27T00:10:38.314146Z  INFO tailwindcss_oxide::scanner: Reading "/app/lib/auth.ts"
2025-10-27T00:10:38.314144Z  INFO tailwindcss_oxide::scanner: Reading "/app/app/api/query/route.ts"
2025-10-27T00:10:38.314153Z  INFO tailwindcss_oxide::scanner: Reading "/app/app/settings/page.tsx"
2025-10-27T00:10:38.314122Z  INFO tailwindcss_oxide::scanner: Reading "/app/components/ui/breadcrumb.tsx"
2025-10-27T00:10:38.314176Z  INFO tailwindcss_oxide::scanner: Reading "/app/app/api/user-activity/route.ts"
2025-10-27T00:10:38.314186Z  INFO tailwindcss_oxide::scanner: Reading "/app/app/layout.tsx"
2025-10-27T00:10:38.314161Z  INFO tailwindcss_oxide::scanner: Reading "/app/lib/utils.ts"
2025-10-27T00:10:38.314207Z  INFO tailwindcss_oxide::scanner: Reading "/app/app/profile/loading.tsx"
2025-10-27T00:10:38.314218Z  INFO tailwindcss_oxide::scanner: Reading "/app/lib/firebase.ts"
2025-10-27T00:10:38.314244Z  INFO tailwindcss_oxide::scanner: Reading "/app/postcss.config.mjs"
2025-10-27T00:10:38.314259Z  INFO tailwindcss_oxide::scanner: Reading "/app/package.json"
2025-10-27T00:10:38.314265Z  INFO tailwindcss_oxide::scanner: Reading "/app/components/ui/use-mobile.tsx"
2025-10-27T00:10:38.314267Z  INFO tailwindcss_oxide::scanner: Reading "/app/app/api/verify-token/route.ts"
2025-10-27T00:10:38.314296Z  INFO tailwindcss_oxide::scanner: Reading "/app/README.md"
2025-10-27T00:10:38.314308Z  INFO tailwindcss_oxide::scanner: Reading "/app/app/api/heartbeat/route.ts"
2025-10-27T00:10:38.314318Z  INFO tailwindcss_oxide::scanner: Reading "/app/app/profile/page.tsx"
2025-10-27T00:10:38.314352Z  INFO tailwindcss_oxide::scanner: Reading "/app/components/ui/textarea.tsx"
2025-10-27T00:10:38.314376Z  INFO tailwindcss_oxide::scanner: Reading "/app/app/FirebaseProvider.tsx"
2025-10-27T00:10:38.314385Z  INFO tailwindcss_oxide::scanner: Reading "/app/app/api/admin/users/route.ts"
2025-10-27T00:10:38.314354Z  INFO tailwindcss_oxide::scanner: Reading "/app/app/vip/loading.tsx"
2025-10-27T00:10:38.314416Z  INFO tailwindcss_oxide::scanner: Reading "/app/app/api/admin/notifications/route.ts"
2025-10-27T00:10:38.314395Z  INFO tailwindcss_oxide::scanner: Reading "/app/app/page.tsx"
2025-10-27T00:10:38.314443Z  INFO tailwindcss_oxide::scanner: Reading "/app/app/api/admin/devices/route.ts"
2025-10-27T00:10:38.314442Z  INFO tailwindcss_oxide::scanner: Reading "/app/app/vip/page.tsx"
2025-10-27T00:10:38.314432Z  INFO tailwindcss_oxide::scanner: Reading "/app/components/ui/alert-dialog.tsx"
2025-10-27T00:10:38.314469Z  INFO tailwindcss_oxide::scanner: Reading "/app/app/api/admin/maintenance/route.ts"
2025-10-27T00:10:38.314475Z  INFO tailwindcss_oxide::scanner: Reading "/app/app/maintenance/page.tsx"
2025-10-27T00:10:38.314463Z  INFO tailwindcss_oxide::scanner: Reading "/app/app/boss/loading.tsx"
2025-10-27T00:10:38.314501Z  INFO tailwindcss_oxide::scanner: Reading "/app/app/api/admin/queries/route.ts"
2025-10-27T00:10:38.314586Z  INFO tailwindcss_oxide::scanner: Reading "/app/app/api/admin/active/route.ts"
2025-10-27T00:10:38.314592Z  INFO tailwindcss_oxide::scanner: Reading "/app/app/api/admin/logs/route.ts"
2025-10-27T00:10:38.314606Z  INFO tailwindcss_oxide::scanner: Reading "/app/app/boss/page.tsx"
2025-10-27T00:10:38.314629Z  INFO tailwindcss_oxide::scanner: Reading "/app/app/api/diag/route.ts"
2025-10-27T00:10:38.314653Z  INFO tailwindcss_oxide::scanner: Reading "/app/app/api/maintenance-check/route.ts"
2025-10-27T00:10:38.314652Z  INFO tailwindcss_oxide::scanner: Reading "/app/public/placeholder.svg"
2025-10-27T00:10:38.314659Z  INFO tailwindcss_oxide::scanner: Reading "/app/components/ui/scroll-area.tsx"
2025-10-27T00:10:38.314692Z  INFO tailwindcss_oxide::scanner: Reading "/app/components/ui/aspect-ratio.tsx"
2025-10-27T00:10:38.314692Z  INFO tailwindcss_oxide::scanner: Reading "/app/app/boss/login/page.tsx"
2025-10-27T00:10:38.314704Z  INFO tailwindcss_oxide::scanner: Reading "/app/components/ui/button.tsx"
2025-10-27T00:10:38.314720Z  INFO tailwindcss_oxide::scanner: Reading "/app/public/placeholder-logo.svg"
2025-10-27T00:10:38.314722Z  INFO tailwindcss_oxide::scanner: Reading "/app/next.config.mjs"
2025-10-27T00:10:38.314757Z  INFO tailwindcss_oxide::scanner: Reading "/app/components/theme-provider.tsx"
2025-10-27T00:10:38.314760Z  INFO tailwindcss_oxide::scanner: Reading "/app/jules-scratch/verification/full_verification.py"
2025-10-27T00:10:38.314765Z  INFO tailwindcss_oxide::scanner: Reading "/app/components/ui/separator.tsx"
2025-10-27T00:10:38.314779Z  INFO tailwindcss_oxide::scanner: Reading "/app/components/splash-screen.tsx"
2025-10-27T00:10:38.314804Z  INFO tailwindcss_oxide::scanner: Reading "/app/components/ui/toast.tsx"
2025-10-27T00:10:38.314846Z  INFO tailwindcss_oxide::scanner: Reading "/app/components/ui/menubar.tsx"
2025-10-27T00:10:38.314858Z  INFO tailwindcss_oxide::scanner: Reading "/app/components/ui/dropdown-menu.tsx"
2025-10-27T00:10:38.314869Z  INFO tailwindcss_oxide::scanner: Reading "/app/components/ui/hover-card.tsx"
2025-10-27T00:10:38.314874Z  INFO tailwindcss_oxide::scanner: Reading "/app/components/ui/card.tsx"
2025-10-27T00:10:38.314909Z  INFO tailwindcss_oxide::scanner: Reading "/app/components/ui/use-toast.ts"
2025-10-27T00:10:38.314917Z  INFO tailwindcss_oxide::scanner: Reading "/app/components/ui/popover.tsx"
2025-10-27T00:10:38.314950Z  INFO tailwindcss_oxide::scanner: Reading "/app/components/ui/navigation-menu.tsx"
2025-10-27T00:10:38.314956Z  INFO tailwindcss_oxide::scanner: Reading "/app/components/ui/checkbox.tsx"
2025-10-27T00:10:38.314950Z  INFO tailwindcss_oxide::scanner: Reading "/app/components/ui/calendar.tsx"
2025-10-27T00:10:38.314975Z  INFO tailwindcss_oxide::scanner: Reading "/app/components/ui/input-group.tsx"
2025-10-27T00:10:38.315006Z  INFO tailwindcss_oxide::scanner: Reading "/app/components/ui/pagination.tsx"
2025-10-27T00:10:38.315012Z  INFO tailwindcss_oxide::scanner: Reading "/app/components/ui/switch.tsx"
2025-10-27T00:10:38.315030Z  INFO tailwindcss_oxide::scanner: Reading "/app/components/ui/input.tsx"
2025-10-27T00:10:38.315036Z  INFO tailwindcss_oxide::scanner: Reading "/app/components/ui/kbd.tsx"
2025-10-27T00:10:38.315045Z  INFO tailwindcss_oxide::scanner: Reading "/app/components/ui/slider.tsx"
2025-10-27T00:10:38.315037Z  INFO tailwindcss_oxide::scanner: Reading "/app/components/ui/label.tsx"
2025-10-27T00:10:38.315077Z  INFO tailwindcss_oxide::scanner: Reading "/app/components/ui/item.tsx"
2025-10-27T00:10:38.315093Z  INFO tailwindcss_oxide::scanner: Reading "/app/components/ui/tabs.tsx"
2025-10-27T00:10:38.315044Z  INFO tailwindcss_oxide::scanner: Reading "/app/components/ui/dialog.tsx"
2025-10-27T00:10:38.315138Z  INFO tailwindcss_oxide::scanner: Reading "/app/components/ui/toggle.tsx"
2025-10-27T00:10:38.315158Z  INFO tailwindcss_oxide::scanner: Reading "/app/components/ui/badge.tsx"
2025-10-27T00:10:38.315163Z  INFO tailwindcss_oxide::scanner: Reading "/app/components/ui/sonner.tsx"
2025-10-27T00:10:38.315071Z  INFO tailwindcss_oxide::scanner: Reading "/app/components/ui/field.tsx"
2025-10-27T00:10:38.315181Z  INFO tailwindcss_oxide::scanner: Reading "/app/components/ui/button-group.tsx"
2025-10-27T00:10:38.315196Z  INFO tailwindcss_oxide::scanner: Reading "/app/components/ui/avatar.tsx"
2025-10-27T00:10:38.315113Z  INFO tailwindcss_oxide::scanner: Reading "/app/components/ui/progress.tsx"
2025-10-27T00:10:38.315213Z  INFO tailwindcss_oxide::scanner: Reading "/app/components/ui/form.tsx"
2025-10-27T00:10:38.315233Z  INFO tailwindcss_oxide::scanner: Reading "/app/components/ui/alert.tsx"
2025-10-27T00:10:38.315236Z  INFO tailwindcss_oxide::scanner: Reading "/app/components/ui/collapsible.tsx"
2025-10-27T00:10:38.315247Z  INFO tailwindcss_oxide::scanner: Reading "/app/components/ui/resizable.tsx"
2025-10-27T00:10:38.315172Z  INFO tailwindcss_oxide::scanner: Reading "/app/components/ui/empty.tsx"
2025-10-27T00:10:38.315237Z  INFO tailwindcss_oxide::scanner: Reading "/app/components/ui/sidebar.tsx"
2025-10-27T00:10:38.315304Z  INFO tailwindcss_oxide::scanner: Reading "/app/components/ui/tooltip.tsx"
2025-10-27T00:10:38.315261Z  INFO tailwindcss_oxide::scanner: Reading "/app/components/ui/toggle-group.tsx"
2025-10-27T00:10:38.315345Z  INFO tailwindcss_oxide::scanner: Reading "/app/components/ui/chart.tsx"
2025-10-27T00:10:38.315351Z  INFO tailwindcss_oxide::scanner: Reading "/app/components/ui/toaster.tsx"
2025-10-27T00:10:38.315331Z  INFO tailwindcss_oxide::scanner: Reading "/app/components/ui/context-menu.tsx"
2025-10-27T00:10:38.315377Z  INFO tailwindcss_oxide::scanner: Reading "/app/components/ui/drawer.tsx"
2025-10-27T00:10:38.315385Z  INFO tailwindcss_oxide::scanner: Reading "/app/components/ui/sheet.tsx"
2025-10-27T00:10:38.315399Z  INFO tailwindcss_oxide::scanner: Reading "/app/components/ui/input-otp.tsx"
2025-10-27T00:10:38.315413Z  INFO tailwindcss_oxide::scanner: Reading "/app/components/ui/select.tsx"
2025-10-27T00:10:38.315416Z  INFO tailwindcss_oxide::scanner: Reading "/app/components/ui/skeleton.tsx"
2025-10-27T00:10:38.315428Z  INFO tailwindcss_oxide::scanner: Reading "/app/components/ui/radio-group.tsx"
2025-10-27T00:10:38.315438Z  INFO tailwindcss_oxide::scanner: Reading "/app/components/ui/spinner.tsx"
2025-10-27T00:10:38.315442Z  INFO tailwindcss_oxide::scanner: Reading "/app/components/ui/table.tsx"
2025-10-27T00:10:38.315446Z  INFO tailwindcss_oxide::scanner: Reading "/app/components/maintenance-page.tsx"
2025-10-27T00:10:38.315454Z  INFO tailwindcss_oxide::scanner: Reading "/app/components/ui/command.tsx"
2025-10-27T00:10:38.315457Z  INFO tailwindcss_oxide::scanner: Reading "/app/components/ui/accordion.tsx"
2025-10-27T00:10:38.315469Z  INFO tailwindcss_oxide::scanner: Reading "/app/components/ui/carousel.tsx"
2025-10-27T00:10:38.315478Z  INFO tailwindcss_oxide::scanner: Reading "/app/components/login-form.tsx"
2025-10-27T00:10:38.315478Z  INFO tailwindcss_oxide::scanner: Reading "/app/tsconfig.json"
2025-10-27T00:10:38.315482Z  INFO tailwindcss_oxide::scanner: Reading "/app/components/query-interface.tsx"
2025-10-27T00:10:38.315488Z  INFO tailwindcss_oxide::scanner: Reading "/app/hooks/use-toast.ts"
2025-10-27T00:10:38.315506Z  INFO tailwindcss_oxide::scanner: Reading "/app/components.json"
2025-10-27T00:10:38.315512Z  INFO tailwindcss_oxide::scanner: Reading "/app/hooks/use-mobile.ts"
2025-10-27T00:10:38.315552Z  INFO tailwindcss_oxide::scanner: Reading "/app/components/query-result.tsx"
2025-10-27T00:10:38.315703Z  INFO extract_candidates:read_all_files: tailwindcss_oxide::scanner: exit
2025-10-27T00:10:38.315715Z  INFO extract_candidates:parse_all_blobs: tailwindcss_oxide::scanner: enter
2025-10-27T00:10:38.315719Z  INFO extract_candidates:parse_all_blobs:extract: tailwindcss_oxide::scanner: enter
2025-10-27T00:10:38.319784Z  INFO extract_candidates:parse_all_blobs:extract: tailwindcss_oxide::scanner: exit
2025-10-27T00:10:38.319816Z  INFO extract_candidates:parse_all_blobs: tailwindcss_oxide::scanner: exit
2025-10-27T00:10:38.319822Z  INFO extract_candidates:read_all_files: tailwindcss_oxide::scanner: enter
2025-10-27T00:10:38.319825Z  INFO extract_candidates:read_all_files: tailwindcss_oxide::scanner: Reading 2 file(s)
2025-10-27T00:10:38.319942Z  INFO tailwindcss_oxide::scanner: Reading "/app/app/globals.css"
2025-10-27T00:10:38.319959Z  INFO tailwindcss_oxide::scanner: Reading "/app/styles/globals.css"
2025-10-27T00:10:38.319978Z  INFO extract_candidates:read_all_files: tailwindcss_oxide::scanner: exit
2025-10-27T00:10:38.319984Z  INFO extract_candidates:extract_css_variables: tailwindcss_oxide::scanner: enter
2025-10-27T00:10:38.319989Z  INFO extract_candidates:extract_css_variables:extract: tailwindcss_oxide::scanner: enter
2025-10-27T00:10:38.320112Z  INFO extract_candidates:extract_css_variables:extract: tailwindcss_oxide::scanner: exit
2025-10-27T00:10:38.320121Z  INFO extract_candidates:extract_css_variables: tailwindcss_oxide::scanner: exit
2025-10-27T00:10:38.321243Z  INFO extract_candidates: tailwindcss_oxide::scanner: exit
2025-10-27T00:10:38.322804Z  INFO get_files: tailwindcss_oxide::scanner: enter
2025-10-27T00:10:38.322823Z  INFO get_files:scan_sources: tailwindcss_oxide::scanner: enter
2025-10-27T00:10:38.323227Z  INFO get_files:scan_sources: tailwindcss_oxide::scanner: Discovering "/app/lib"
2025-10-27T00:10:38.323379Z  INFO get_files:scan_sources: tailwindcss_oxide::scanner: Discovering "/app/app"
2025-10-27T00:10:38.323433Z  INFO get_files:scan_sources: tailwindcss_oxide::scanner: Discovering "/app/app/maintenance"
2025-10-27T00:10:38.323474Z  INFO get_files:scan_sources: tailwindcss_oxide::scanner: Discovering "/app/app/api"
2025-10-27T00:10:38.323506Z  INFO get_files:scan_sources: tailwindcss_oxide::scanner: Discovering "/app/app/api/user-profile"
2025-10-27T00:10:38.323591Z  INFO get_files:scan_sources: tailwindcss_oxide::scanner: Discovering "/app/app/api/query"
2025-10-27T00:10:38.323636Z  INFO get_files:scan_sources: tailwindcss_oxide::scanner: Discovering "/app/app/api/user-activity"
2025-10-27T00:10:38.323679Z  INFO get_files:scan_sources: tailwindcss_oxide::scanner: Discovering "/app/app/api/verify-token"
2025-10-27T00:10:38.323719Z  INFO get_files:scan_sources: tailwindcss_oxide::scanner: Discovering "/app/app/api/heartbeat"
2025-10-27T00:10:38.323756Z  INFO get_files:scan_sources: tailwindcss_oxide::scanner: Discovering "/app/app/api/admin"
2025-10-27T00:10:38.323788Z  INFO get_files:scan_sources: tailwindcss_oxide::scanner: Discovering "/app/app/api/admin/users"
2025-10-27T00:10:38.323829Z  INFO get_files:scan_sources: tailwindcss_oxide::scanner: Discovering "/app/app/api/admin/notifications"
2025-10-27T00:10:38.323870Z  INFO get_files:scan_sources: tailwindcss_oxide::scanner: Discovering "/app/app/api/admin/devices"
2025-10-27T00:10:38.323909Z  INFO get_files:scan_sources: tailwindcss_oxide::scanner: Discovering "/app/app/api/admin/maintenance"
2025-10-27T00:10:38.323947Z  INFO get_files:scan_sources: tailwindcss_oxide::scanner: Discovering "/app/app/api/admin/active"
2025-10-27T00:10:38.323985Z  INFO get_files:scan_sources: tailwindcss_oxide::scanner: Discovering "/app/app/api/admin/queries"
2025-10-27T00:10:38.324022Z  INFO get_files:scan_sources: tailwindcss_oxide::scanner: Discovering "/app/app/api/admin/logs"
2025-10-27T00:10:38.324064Z  INFO get_files:scan_sources: tailwindcss_oxide::scanner: Discovering "/app/app/api/diag"
2025-10-27T00:10:38.324163Z  INFO get_files:scan_sources: tailwindcss_oxide::scanner: Discovering "/app/app/api/maintenance-check"
2025-10-27T00:10:38.324208Z  INFO get_files:scan_sources: tailwindcss_oxide::scanner: Discovering "/app/app/api/test-firebase"
2025-10-27T00:10:38.324252Z  INFO get_files:scan_sources: tailwindcss_oxide::scanner: Discovering "/app/app/settings"
2025-10-27T00:10:38.324301Z  INFO get_files:scan_sources: tailwindcss_oxide::scanner: Discovering "/app/app/profile"
2025-10-27T00:10:38.324353Z  INFO get_files:scan_sources: tailwindcss_oxide::scanner: Discovering "/app/app/vip"
2025-10-27T00:10:38.324396Z  INFO get_files:scan_sources: tailwindcss_oxide::scanner: Discovering "/app/app/boss"
2025-10-27T00:10:38.324435Z  INFO get_files:scan_sources: tailwindcss_oxide::scanner: Discovering "/app/app/boss/login"
2025-10-27T00:10:38.324480Z  INFO get_files:scan_sources: tailwindcss_oxide::scanner: Discovering "/app/styles"
2025-10-27T00:10:38.324603Z  INFO get_files:scan_sources: tailwindcss_oxide::scanner: Discovering "/app/jules-scratch"
2025-10-27T00:10:38.324635Z  INFO get_files:scan_sources: tailwindcss_oxide::scanner: Discovering "/app/jules-scratch/verification"
2025-10-27T00:10:38.324686Z  INFO get_files:scan_sources: tailwindcss_oxide::scanner: Discovering "/app/public"
2025-10-27T00:10:38.324743Z  INFO get_files:scan_sources: tailwindcss_oxide::scanner: Discovering "/app/components"
2025-10-27T00:10:38.324784Z  INFO get_files:scan_sources: tailwindcss_oxide::scanner: Discovering "/app/components/ui"
2025-10-27T00:10:38.325174Z  INFO get_files:scan_sources: tailwindcss_oxide::scanner: Discovering "/app/hooks"
2025-10-27T00:10:38.325235Z  INFO get_files:scan_sources: tailwindcss_oxide::scanner: exit
2025-10-27T00:10:38.325414Z  INFO get_files: tailwindcss_oxide::scanner: exit
2025-10-27T00:10:38.325785Z  INFO get_globs: tailwindcss_oxide::scanner: enter
2025-10-27T00:10:38.325799Z  INFO get_globs:scan_sources: tailwindcss_oxide::scanner: enter
2025-10-27T00:10:38.326184Z  INFO get_globs:scan_sources: tailwindcss_oxide::scanner: Discovering "/app/lib"
2025-10-27T00:10:38.326311Z  INFO get_globs:scan_sources: tailwindcss_oxide::scanner: Discovering "/app/app"
2025-10-27T00:10:38.326372Z  INFO get_globs:scan_sources: tailwindcss_oxide::scanner: Discovering "/app/app/maintenance"
2025-10-27T00:10:38.326414Z  INFO get_globs:scan_sources: tailwindcss_oxide::scanner: Discovering "/app/app/api"
2025-10-27T00:10:38.326445Z  INFO get_globs:scan_sources: tailwindcss_oxide::scanner: Discovering "/app/app/api/user-profile"
2025-10-27T00:10:38.326486Z  INFO get_globs:scan_sources: tailwindcss_oxide::scanner: Discovering "/app/app/api/query"
2025-10-27T00:10:38.326560Z  INFO get_globs:scan_sources: tailwindcss_oxide::scanner: Discovering "/app/app/api/user-activity"
2025-10-27T00:10:38.326612Z  INFO get_globs:scan_sources: tailwindcss_oxide::scanner: Discovering "/app/app/api/verify-token"
2025-10-27T00:10:38.326652Z  INFO get_globs:scan_sources: tailwindcss_oxide::scanner: Discovering "/app/app/api/heartbeat"
2025-10-27T00:10:38.326690Z  INFO get_globs:scan_sources: tailwindcss_oxide::scanner: Discovering "/app/app/api/admin"
2025-10-27T00:10:38.326722Z  INFO get_globs:scan_sources: tailwindcss_oxide::scanner: Discovering "/app/app/api/admin/users"
2025-10-27T00:10:38.326764Z  INFO get_globs:scan_sources: tailwindcss_oxide::scanner: Discovering "/app/app/api/admin/notifications"
2025-10-27T00:10:38.326805Z  INFO get_globs:scan_sources: tailwindcss_oxide::scanner: Discovering "/app/app/api/admin/devices"
2025-10-27T00:10:38.326843Z  INFO get_globs:scan_sources: tailwindcss_oxide::scanner: Discovering "/app/app/api/admin/maintenance"
2025-10-27T00:10:38.326881Z  INFO get_globs:scan_sources: tailwindcss_oxide::scanner: Discovering "/app/app/api/admin/active"
2025-10-27T00:10:38.326918Z  INFO get_globs:scan_sources: tailwindcss_oxide::scanner: Discovering "/app/app/api/admin/queries"
2025-10-27T00:10:38.326955Z  INFO get_globs:scan_sources: tailwindcss_oxide::scanner: Discovering "/app/app/api/admin/logs"
2025-10-27T00:10:38.327060Z  INFO get_globs:scan_sources: tailwindcss_oxide::scanner: Discovering "/app/app/api/diag"
2025-10-27T00:10:38.327102Z  INFO get_globs:scan_sources: tailwindcss_oxide::scanner: Discovering "/app/app/api/maintenance-check"
2025-10-27T00:10:38.327143Z  INFO get_globs:scan_sources: tailwindcss_oxide::scanner: Discovering "/app/app/api/test-firebase"
2025-10-27T00:10:38.327187Z  INFO get_globs:scan_sources: tailwindcss_oxide::scanner: Discovering "/app/app/settings"
2025-10-27T00:10:38.327236Z  INFO get_globs:scan_sources: tailwindcss_oxide::scanner: Discovering "/app/app/profile"
2025-10-27T00:10:38.327279Z  INFO get_globs:scan_sources: tailwindcss_oxide::scanner: Discovering "/app/app/vip"
2025-10-27T00:10:38.327321Z  INFO get_globs:scan_sources: tailwindcss_oxide::scanner: Discovering "/app/app/boss"
2025-10-27T00:10:38.327369Z  INFO get_globs:scan_sources: tailwindcss_oxide::scanner: Discovering "/app/app/boss/login"
2025-10-27T00:10:38.327414Z  INFO get_globs:scan_sources: tailwindcss_oxide::scanner: Discovering "/app/styles"
2025-10-27T00:10:38.327500Z  INFO get_globs:scan_sources: tailwindcss_oxide::scanner: Discovering "/app/jules-scratch"
2025-10-27T00:10:38.327558Z  INFO get_globs:scan_sources: tailwindcss_oxide::scanner: Discovering "/app/jules-scratch/verification"
2025-10-27T00:10:38.327616Z  INFO get_globs:scan_sources: tailwindcss_oxide::scanner: Discovering "/app/public"
2025-10-27T00:10:38.327674Z  INFO get_globs:scan_sources: tailwindcss_oxide::scanner: Discovering "/app/components"
2025-10-27T00:10:38.327715Z  INFO get_globs:scan_sources: tailwindcss_oxide::scanner: Discovering "/app/components/ui"
2025-10-27T00:10:38.328096Z  INFO get_globs:scan_sources: tailwindcss_oxide::scanner: Discovering "/app/hooks"
2025-10-27T00:10:38.328156Z  INFO get_globs:scan_sources: tailwindcss_oxide::scanner: exit
2025-10-27T00:10:38.329327Z  INFO get_globs: tailwindcss_oxide::scanner: exit
2025-10-27T00:11:17.667403Z  INFO scan_sources: tailwindcss_oxide::scanner: enter
2025-10-27T00:11:17.668133Z  INFO scan_sources: tailwindcss_oxide::scanner: Discovering "/app/lib"
2025-10-27T00:11:17.668306Z  INFO scan_sources: tailwindcss_oxide::scanner: Discovering "/app/app"
2025-10-27T00:11:17.668375Z  INFO scan_sources: tailwindcss_oxide::scanner: Discovering "/app/app/maintenance"
2025-10-27T00:11:17.668431Z  INFO scan_sources: tailwindcss_oxide::scanner: Discovering "/app/app/api"
2025-10-27T00:11:17.668475Z  INFO scan_sources: tailwindcss_oxide::scanner: Discovering "/app/app/api/user-profile"
2025-10-27T00:11:17.668533Z  INFO scan_sources: tailwindcss_oxide::scanner: Discovering "/app/app/api/query"
2025-10-27T00:11:17.668586Z  INFO scan_sources: tailwindcss_oxide::scanner: Discovering "/app/app/api/user-activity"
2025-10-27T00:11:17.668640Z  INFO scan_sources: tailwindcss_oxide::scanner: Discovering "/app/app/api/verify-token"
2025-10-27T00:11:17.668693Z  INFO scan_sources: tailwindcss_oxide::scanner: Discovering "/app/app/api/heartbeat"
2025-10-27T00:11:17.668743Z  INFO scan_sources: tailwindcss_oxide::scanner: Discovering "/app/app/api/admin"
2025-10-27T00:11:17.668783Z  INFO scan_sources: tailwindcss_oxide::scanner: Discovering "/app/app/api/admin/users"
2025-10-27T00:11:17.668841Z  INFO scan_sources: tailwindcss_oxide::scanner: Discovering "/app/app/api/admin/notifications"
2025-10-27T00:11:17.668961Z  INFO scan_sources: tailwindcss_oxide::scanner: Discovering "/app/app/api/admin/devices"
2025-10-27T00:11:17.669024Z  INFO scan_sources: tailwindcss_oxide::scanner: Discovering "/app/app/api/admin/maintenance"
2025-10-27T00:11:17.669076Z  INFO scan_sources: tailwindcss_oxide::scanner: Discovering "/app/app/api/admin/active"
2025-10-27T00:11:17.669127Z  INFO scan_sources: tailwindcss_oxide::scanner: Discovering "/app/app/api/admin/queries"
2025-10-27T00:11:17.669176Z  INFO scan_sources: tailwindcss_oxide::scanner: Discovering "/app/app/api/admin/logs"
2025-10-27T00:11:17.669233Z  INFO scan_sources: tailwindcss_oxide::scanner: Discovering "/app/app/api/diag"
2025-10-27T00:11:17.669296Z  INFO scan_sources: tailwindcss_oxide::scanner: Discovering "/app/app/api/maintenance-check"
2025-10-27T00:11:17.669345Z  INFO scan_sources: tailwindcss_oxide::scanner: Discovering "/app/app/api/test-firebase"
2025-10-27T00:11:17.669406Z  INFO scan_sources: tailwindcss_oxide::scanner: Discovering "/app/app/settings"
2025-10-27T00:11:17.669467Z  INFO scan_sources: tailwindcss_oxide::scanner: Discovering "/app/app/profile"
2025-10-27T00:11:17.669521Z  INFO scan_sources: tailwindcss_oxide::scanner: Discovering "/app/app/vip"
2025-10-27T00:11:17.669574Z  INFO scan_sources: tailwindcss_oxide::scanner: Discovering "/app/app/boss"
2025-10-27T00:11:17.669679Z  INFO scan_sources: tailwindcss_oxide::scanner: Discovering "/app/app/boss/login"
2025-10-27T00:11:17.669751Z  INFO scan_sources: tailwindcss_oxide::scanner: Discovering "/app/styles"
2025-10-27T00:11:17.669868Z  INFO scan_sources: tailwindcss_oxide::scanner: Discovering "/app/jules-scratch"
2025-10-27T00:11:17.669976Z  INFO scan_sources: tailwindcss_oxide::scanner: Discovering "/app/jules-scratch/verification"
2025-10-27T00:11:17.670052Z  INFO scan_sources: tailwindcss_oxide::scanner: Discovering "/app/public"
2025-10-27T00:11:17.670126Z  INFO scan_sources: tailwindcss_oxide::scanner: Discovering "/app/components"
2025-10-27T00:11:17.670180Z  INFO scan_sources: tailwindcss_oxide::scanner: Discovering "/app/components/ui"
2025-10-27T00:11:17.670637Z  INFO scan_sources: tailwindcss_oxide::scanner: Discovering "/app/hooks"
2025-10-27T00:11:17.670731Z  INFO scan_sources: tailwindcss_oxide::scanner: exit
2025-10-27T00:11:17.670740Z  INFO extract_candidates: tailwindcss_oxide::scanner: enter
2025-10-27T00:11:17.670745Z  INFO extract_candidates:read_all_files: tailwindcss_oxide::scanner: enter
2025-10-27T00:11:17.670749Z  INFO extract_candidates:read_all_files: tailwindcss_oxide::scanner: Reading 0 file(s)
2025-10-27T00:11:17.670754Z  INFO extract_candidates:read_all_files: tailwindcss_oxide::scanner: exit
2025-10-27T00:11:17.670759Z  INFO extract_candidates:parse_all_blobs: tailwindcss_oxide::scanner: enter
2025-10-27T00:11:17.670764Z  INFO extract_candidates:parse_all_blobs:extract: tailwindcss_oxide::scanner: enter
2025-10-27T00:11:17.670769Z  INFO extract_candidates:parse_all_blobs:extract: tailwindcss_oxide::scanner: exit
2025-10-27T00:11:17.670773Z  INFO extract_candidates:parse_all_blobs: tailwindcss_oxide::scanner: exit
2025-10-27T00:11:17.670778Z  INFO extract_candidates: tailwindcss_oxide::scanner: exit
2025-10-27T00:11:17.673653Z  INFO get_files: tailwindcss_oxide::scanner: enter
2025-10-27T00:11:17.673677Z  INFO get_files:scan_sources: tailwindcss_oxide::scanner: enter
2025-10-27T00:11:17.674254Z  INFO get_files:scan_sources: tailwindcss_oxide::scanner: Discovering "/app/lib"
2025-10-27T00:11:17.674402Z  INFO get_files:scan_sources: tailwindcss_oxide::scanner: Discovering "/app/app"
2025-10-27T00:11:17.674462Z  INFO get_files:scan_sources: tailwindcss_oxide::scanner: Discovering "/app/app/maintenance"
2025-10-27T00:11:17.674511Z  INFO get_files:scan_sources: tailwindcss_oxide::scanner: Discovering "/app/app/api"
2025-10-27T00:11:17.674549Z  INFO get_files:scan_sources: tailwindcss_oxide::scanner: Discovering "/app/app/api/user-profile"
2025-10-27T00:11:17.674601Z  INFO get_files:scan_sources: tailwindcss_oxide::scanner: Discovering "/app/app/api/query"
2025-10-27T00:11:17.674650Z  INFO get_files:scan_sources: tailwindcss_oxide::scanner: Discovering "/app/app/api/user-activity"
2025-10-27T00:11:17.674699Z  INFO get_files:scan_sources: tailwindcss_oxide::scanner: Discovering "/app/app/api/verify-token"
2025-10-27T00:11:17.674747Z  INFO get_files:scan_sources: tailwindcss_oxide::scanner: Discovering "/app/app/api/heartbeat"
2025-10-27T00:11:17.674792Z  INFO get_files:scan_sources: tailwindcss_oxide::scanner: Discovering "/app/app/api/admin"
2025-10-27T00:11:17.674829Z  INFO get_files:scan_sources: tailwindcss_oxide::scanner: Discovering "/app/app/api/admin/users"
2025-10-27T00:11:17.674945Z  INFO get_files:scan_sources: tailwindcss_oxide::scanner: Discovering "/app/app/api/admin/notifications"
2025-10-27T00:11:17.675021Z  INFO get_files:scan_sources: tailwindcss_oxide::scanner: Discovering "/app/app/api/admin/devices"
2025-10-27T00:11:17.675069Z  INFO get_files:scan_sources: tailwindcss_oxide::scanner: Discovering "/app/app/api/admin/maintenance"
2025-10-27T00:11:17.675115Z  INFO get_files:scan_sources: tailwindcss_oxide::scanner: Discovering "/app/app/api/admin/active"
2025-10-27T00:11:17.675160Z  INFO get_files:scan_sources: tailwindcss_oxide::scanner: Discovering "/app/app/api/admin/queries"
2025-10-27T00:11:17.675206Z  INFO get_files:scan_sources: tailwindcss_oxide::scanner: Discovering "/app/app/api/admin/logs"
2025-10-27T00:11:17.675256Z  INFO get_files:scan_sources: tailwindcss_oxide::scanner: Discovering "/app/app/api/diag"
2025-10-27T00:11:17.675302Z  INFO get_files:scan_sources: tailwindcss_oxide::scanner: Discovering "/app/app/api/maintenance-check"
2025-10-27T00:11:17.675348Z  INFO get_files:scan_sources: tailwindcss_oxide::scanner: Discovering "/app/app/api/test-firebase"
2025-10-27T00:11:17.675399Z  INFO get_files:scan_sources: tailwindcss_oxide::scanner: Discovering "/app/app/settings"
2025-10-27T00:11:17.675455Z  INFO get_files:scan_sources: tailwindcss_oxide::scanner: Discovering "/app/app/profile"
2025-10-27T00:11:17.675506Z  INFO get_files:scan_sources: tailwindcss_oxide::scanner: Discovering "/app/app/vip"
2025-10-27T00:11:17.675555Z  INFO get_files:scan_sources: tailwindcss_oxide::scanner: Discovering "/app/app/boss"
2025-10-27T00:11:17.675601Z  INFO get_files:scan_sources: tailwindcss_oxide::scanner: Discovering "/app/app/boss/login"
2025-10-27T00:11:17.675654Z  INFO get_files:scan_sources: tailwindcss_oxide::scanner: Discovering "/app/styles"
2025-10-27T00:11:17.675759Z  INFO get_files:scan_sources: tailwindcss_oxide::scanner: Discovering "/app/jules-scratch"
2025-10-27T00:11:17.675793Z  INFO get_files:scan_sources: tailwindcss_oxide::scanner: Discovering "/app/jules-scratch/verification"
2025-10-27T00:11:17.675852Z  INFO get_files:scan_sources: tailwindcss_oxide::scanner: Discovering "/app/public"
2025-10-27T00:11:17.675975Z  INFO get_files:scan_sources: tailwindcss_oxide::scanner: Discovering "/app/components"
2025-10-27T00:11:17.676028Z  INFO get_files:scan_sources: tailwindcss_oxide::scanner: Discovering "/app/components/ui"
2025-10-27T00:11:17.676446Z  INFO get_files:scan_sources: tailwindcss_oxide::scanner: Discovering "/app/hooks"
2025-10-27T00:11:17.676521Z  INFO get_files:scan_sources: tailwindcss_oxide::scanner: exit
2025-10-27T00:11:17.677760Z  INFO get_files: tailwindcss_oxide::scanner: exit
2025-10-27T00:11:17.678427Z  INFO get_globs: tailwindcss_oxide::scanner: enter
2025-10-27T00:11:17.678446Z  INFO get_globs: tailwindcss_oxide::scanner: exit
