2025-10-26T23:22:04.496706Z  INFO tailwindcss_oxide::scanner: Provided sources:
2025-10-26T23:22:04.496860Z  INFO tailwindcss_oxide::scanner: Source: PublicSourceEntry { base: "/app", pattern: "**/*", negated: false }
2025-10-26T23:22:04.496902Z  INFO tailwindcss_oxide::scanner: Optimized sources:
2025-10-26T23:22:04.496906Z  INFO tailwindcss_oxide::scanner: Source: Auto { base: "/app" }
2025-10-26T23:22:04.499334Z  INFO scan_sources: tailwindcss_oxide::scanner: enter
2025-10-26T23:22:04.500289Z  INFO scan_sources: tailwindcss_oxide::scanner: Discovering "/app/eslint.config.js"
2025-10-26T23:22:04.500324Z  INFO scan_sources: tailwindcss_oxide::scanner: Discovering "/app/next-env.d.ts"
2025-10-26T23:22:04.500690Z  INFO scan_sources: tailwindcss_oxide::scanner: Discovering "/app/lib"
2025-10-26T23:22:04.500774Z  INFO scan_sources: tailwindcss_oxide::scanner: Discovering "/app/lib/firebase-admin.ts"
2025-10-26T23:22:04.500802Z  INFO scan_sources: tailwindcss_oxide::scanner: Discovering "/app/lib/auth.ts"
2025-10-26T23:22:04.500835Z  INFO scan_sources: tailwindcss_oxide::scanner: Discovering "/app/lib/utils.ts"
2025-10-26T23:22:04.500867Z  INFO scan_sources: tailwindcss_oxide::scanner: Discovering "/app/lib/firebase.ts"
2025-10-26T23:22:04.500923Z  INFO scan_sources: tailwindcss_oxide::scanner: Discovering "/app/postcss.config.mjs"
2025-10-26T23:22:04.500955Z  INFO scan_sources: tailwindcss_oxide::scanner: Discovering "/app/package.json"
2025-10-26T23:22:04.501043Z  INFO scan_sources: tailwindcss_oxide::scanner: Discovering "/app/README.md"
2025-10-26T23:22:04.501086Z  INFO scan_sources: tailwindcss_oxide::scanner: Discovering "/app/app"
2025-10-26T23:22:04.501162Z  INFO scan_sources: tailwindcss_oxide::scanner: Discovering "/app/app/FirebaseProvider.tsx"
2025-10-26T23:22:04.501188Z  INFO scan_sources: tailwindcss_oxide::scanner: Discovering "/app/app/page.tsx"
2025-10-26T23:22:04.501215Z  INFO scan_sources: tailwindcss_oxide::scanner: Discovering "/app/app/globals.css"
2025-10-26T23:22:04.501257Z  INFO scan_sources: tailwindcss_oxide::scanner: Discovering "/app/app/maintenance"
2025-10-26T23:22:04.501320Z  INFO scan_sources: tailwindcss_oxide::scanner: Discovering "/app/app/maintenance/page.tsx"
2025-10-26T23:22:04.501414Z  INFO scan_sources: tailwindcss_oxide::scanner: Discovering "/app/app/api"
2025-10-26T23:22:04.501500Z  INFO scan_sources: tailwindcss_oxide::scanner: Discovering "/app/app/api/user-profile"
2025-10-26T23:22:04.501567Z  INFO scan_sources: tailwindcss_oxide::scanner: Discovering "/app/app/api/user-profile/route.ts"
2025-10-26T23:22:04.501664Z  INFO scan_sources: tailwindcss_oxide::scanner: Discovering "/app/app/api/query"
2025-10-26T23:22:04.501733Z  INFO scan_sources: tailwindcss_oxide::scanner: Discovering "/app/app/api/query/route.ts"
2025-10-26T23:22:04.501784Z  INFO scan_sources: tailwindcss_oxide::scanner: Discovering "/app/app/api/user-activity"
2025-10-26T23:22:04.501837Z  INFO scan_sources: tailwindcss_oxide::scanner: Discovering "/app/app/api/user-activity/route.ts"
2025-10-26T23:22:04.501883Z  INFO scan_sources: tailwindcss_oxide::scanner: Discovering "/app/app/api/verify-token"
2025-10-26T23:22:04.501948Z  INFO scan_sources: tailwindcss_oxide::scanner: Discovering "/app/app/api/verify-token/route.ts"
2025-10-26T23:22:04.501997Z  INFO scan_sources: tailwindcss_oxide::scanner: Discovering "/app/app/api/heartbeat"
2025-10-26T23:22:04.502030Z  INFO scan_sources: tailwindcss_oxide::scanner: Discovering "/app/app/api/heartbeat/route.ts"
2025-10-26T23:22:04.502090Z  INFO scan_sources: tailwindcss_oxide::scanner: Discovering "/app/app/api/admin"
2025-10-26T23:22:04.502206Z  INFO scan_sources: tailwindcss_oxide::scanner: Discovering "/app/app/api/admin/users"
2025-10-26T23:22:04.502275Z  INFO scan_sources: tailwindcss_oxide::scanner: Discovering "/app/app/api/admin/users/route.ts"
2025-10-26T23:22:04.502331Z  INFO scan_sources: tailwindcss_oxide::scanner: Discovering "/app/app/api/admin/notifications"
2025-10-26T23:22:04.502536Z  INFO scan_sources: tailwindcss_oxide::scanner: Discovering "/app/app/api/admin/notifications/route.ts"
2025-10-26T23:22:04.502753Z  INFO scan_sources: tailwindcss_oxide::scanner: Discovering "/app/app/api/admin/devices"
2025-10-26T23:22:04.502820Z  INFO scan_sources: tailwindcss_oxide::scanner: Discovering "/app/app/api/admin/devices/route.ts"
2025-10-26T23:22:04.502866Z  INFO scan_sources: tailwindcss_oxide::scanner: Discovering "/app/app/api/admin/maintenance"
2025-10-26T23:22:04.502927Z  INFO scan_sources: tailwindcss_oxide::scanner: Discovering "/app/app/api/admin/maintenance/route.ts"
2025-10-26T23:22:04.502977Z  INFO scan_sources: tailwindcss_oxide::scanner: Discovering "/app/app/api/admin/active"
2025-10-26T23:22:04.503025Z  INFO scan_sources: tailwindcss_oxide::scanner: Discovering "/app/app/api/admin/active/route.ts"
2025-10-26T23:22:04.503069Z  INFO scan_sources: tailwindcss_oxide::scanner: Discovering "/app/app/api/admin/queries"
2025-10-26T23:22:04.503135Z  INFO scan_sources: tailwindcss_oxide::scanner: Discovering "/app/app/api/admin/queries/route.ts"
2025-10-26T23:22:04.503171Z  INFO scan_sources: tailwindcss_oxide::scanner: Discovering "/app/app/api/admin/logs"
2025-10-26T23:22:04.503233Z  INFO scan_sources: tailwindcss_oxide::scanner: Discovering "/app/app/api/admin/logs/route.ts"
2025-10-26T23:22:04.503291Z  INFO scan_sources: tailwindcss_oxide::scanner: Discovering "/app/app/api/maintenance-check"
2025-10-26T23:22:04.503353Z  INFO scan_sources: tailwindcss_oxide::scanner: Discovering "/app/app/api/maintenance-check/route.ts"
2025-10-26T23:22:04.503421Z  INFO scan_sources: tailwindcss_oxide::scanner: Discovering "/app/app/api/test-firebase"
2025-10-26T23:22:04.503457Z  INFO scan_sources: tailwindcss_oxide::scanner: Discovering "/app/app/api/test-firebase/route.ts"
2025-10-26T23:22:04.503490Z  INFO scan_sources: tailwindcss_oxide::scanner: Discovering "/app/app/settings"
2025-10-26T23:22:04.503520Z  INFO scan_sources: tailwindcss_oxide::scanner: Discovering "/app/app/settings/loading.tsx"
2025-10-26T23:22:04.503538Z  INFO scan_sources: tailwindcss_oxide::scanner: Discovering "/app/app/settings/page.tsx"
2025-10-26T23:22:04.503555Z  INFO scan_sources: tailwindcss_oxide::scanner: Discovering "/app/app/layout.tsx"
2025-10-26T23:22:04.503572Z  INFO scan_sources: tailwindcss_oxide::scanner: Discovering "/app/app/profile"
2025-10-26T23:22:04.503600Z  INFO scan_sources: tailwindcss_oxide::scanner: Discovering "/app/app/profile/loading.tsx"
2025-10-26T23:22:04.503614Z  INFO scan_sources: tailwindcss_oxide::scanner: Discovering "/app/app/profile/page.tsx"
2025-10-26T23:22:04.503639Z  INFO scan_sources: tailwindcss_oxide::scanner: Discovering "/app/app/vip"
2025-10-26T23:22:04.503666Z  INFO scan_sources: tailwindcss_oxide::scanner: Discovering "/app/app/vip/loading.tsx"
2025-10-26T23:22:04.503679Z  INFO scan_sources: tailwindcss_oxide::scanner: Discovering "/app/app/vip/page.tsx"
2025-10-26T23:22:04.503701Z  INFO scan_sources: tailwindcss_oxide::scanner: Discovering "/app/app/boss"
2025-10-26T23:22:04.503730Z  INFO scan_sources: tailwindcss_oxide::scanner: Discovering "/app/app/boss/loading.tsx"
2025-10-26T23:22:04.503743Z  INFO scan_sources: tailwindcss_oxide::scanner: Discovering "/app/app/boss/page.tsx"
2025-10-26T23:22:04.503760Z  INFO scan_sources: tailwindcss_oxide::scanner: Discovering "/app/app/boss/login"
2025-10-26T23:22:04.503789Z  INFO scan_sources: tailwindcss_oxide::scanner: Discovering "/app/app/boss/login/page.tsx"
2025-10-26T23:22:04.503820Z  INFO scan_sources: tailwindcss_oxide::scanner: Discovering "/app/styles"
2025-10-26T23:22:04.503848Z  INFO scan_sources: tailwindcss_oxide::scanner: Discovering "/app/styles/globals.css"
2025-10-26T23:22:04.503894Z  INFO scan_sources: tailwindcss_oxide::scanner: Discovering "/app/next.config.mjs"
2025-10-26T23:22:04.504058Z  INFO scan_sources: tailwindcss_oxide::scanner: Discovering "/app/jules-scratch"
2025-10-26T23:22:04.504158Z  INFO scan_sources: tailwindcss_oxide::scanner: Discovering "/app/jules-scratch/verification"
2025-10-26T23:22:04.504343Z  INFO scan_sources: tailwindcss_oxide::scanner: Discovering "/app/jules-scratch/verification/full_verification.py"
2025-10-26T23:22:04.504637Z  INFO scan_sources: tailwindcss_oxide::scanner: Discovering "/app/jules-scratch/verification/trigger_query.py"
2025-10-26T23:22:04.504727Z  INFO scan_sources: tailwindcss_oxide::scanner: Discovering "/app/public"
2025-10-26T23:22:04.504818Z  INFO scan_sources: tailwindcss_oxide::scanner: Discovering "/app/public/placeholder.svg"
2025-10-26T23:22:04.504843Z  INFO scan_sources: tailwindcss_oxide::scanner: Discovering "/app/public/placeholder-logo.svg"
2025-10-26T23:22:04.504902Z  INFO scan_sources: tailwindcss_oxide::scanner: Discovering "/app/components"
2025-10-26T23:22:04.504988Z  INFO scan_sources: tailwindcss_oxide::scanner: Discovering "/app/components/theme-provider.tsx"
2025-10-26T23:22:04.505072Z  INFO scan_sources: tailwindcss_oxide::scanner: Discovering "/app/components/splash-screen.tsx"
2025-10-26T23:22:04.505138Z  INFO scan_sources: tailwindcss_oxide::scanner: Discovering "/app/components/ui"
2025-10-26T23:22:04.505238Z  INFO scan_sources: tailwindcss_oxide::scanner: Discovering "/app/components/ui/hover-card.tsx"
2025-10-26T23:22:04.505261Z  INFO scan_sources: tailwindcss_oxide::scanner: Discovering "/app/components/ui/use-toast.ts"
2025-10-26T23:22:04.505276Z  INFO scan_sources: tailwindcss_oxide::scanner: Discovering "/app/components/ui/calendar.tsx"
2025-10-26T23:22:04.505294Z  INFO scan_sources: tailwindcss_oxide::scanner: Discovering "/app/components/ui/pagination.tsx"
2025-10-26T23:22:04.505349Z  INFO scan_sources: tailwindcss_oxide::scanner: Discovering "/app/components/ui/input.tsx"
2025-10-26T23:22:04.505424Z  INFO scan_sources: tailwindcss_oxide::scanner: Discovering "/app/components/ui/dialog.tsx"
2025-10-26T23:22:04.505469Z  INFO scan_sources: tailwindcss_oxide::scanner: Discovering "/app/components/ui/sonner.tsx"
2025-10-26T23:22:04.505508Z  INFO scan_sources: tailwindcss_oxide::scanner: Discovering "/app/components/ui/button-group.tsx"
2025-10-26T23:22:04.505548Z  INFO scan_sources: tailwindcss_oxide::scanner: Discovering "/app/components/ui/avatar.tsx"
2025-10-26T23:22:04.505565Z  INFO scan_sources: tailwindcss_oxide::scanner: Discovering "/app/components/ui/form.tsx"
2025-10-26T23:22:04.505604Z  INFO scan_sources: tailwindcss_oxide::scanner: Discovering "/app/components/ui/breadcrumb.tsx"
2025-10-26T23:22:04.505630Z  INFO scan_sources: tailwindcss_oxide::scanner: Discovering "/app/components/ui/use-mobile.tsx"
2025-10-26T23:22:04.505651Z  INFO scan_sources: tailwindcss_oxide::scanner: Discovering "/app/components/ui/textarea.tsx"
2025-10-26T23:22:04.505676Z  INFO scan_sources: tailwindcss_oxide::scanner: Discovering "/app/components/ui/alert-dialog.tsx"
2025-10-26T23:22:04.505702Z  INFO scan_sources: tailwindcss_oxide::scanner: Discovering "/app/components/ui/scroll-area.tsx"
2025-10-26T23:22:04.505728Z  INFO scan_sources: tailwindcss_oxide::scanner: Discovering "/app/components/ui/aspect-ratio.tsx"
2025-10-26T23:22:04.505754Z  INFO scan_sources: tailwindcss_oxide::scanner: Discovering "/app/components/ui/menubar.tsx"
2025-10-26T23:22:04.505778Z  INFO scan_sources: tailwindcss_oxide::scanner: Discovering "/app/components/ui/input-group.tsx"
2025-10-26T23:22:04.505802Z  INFO scan_sources: tailwindcss_oxide::scanner: Discovering "/app/components/ui/label.tsx"
2025-10-26T23:22:04.505829Z  INFO scan_sources: tailwindcss_oxide::scanner: Discovering "/app/components/ui/progress.tsx"
2025-10-26T23:22:04.505855Z  INFO scan_sources: tailwindcss_oxide::scanner: Discovering "/app/components/ui/collapsible.tsx"
2025-10-26T23:22:04.505884Z  INFO scan_sources: tailwindcss_oxide::scanner: Discovering "/app/components/ui/chart.tsx"
2025-10-26T23:22:04.505915Z  INFO scan_sources: tailwindcss_oxide::scanner: Discovering "/app/components/ui/accordion.tsx"
2025-10-26T23:22:04.505940Z  INFO scan_sources: tailwindcss_oxide::scanner: Discovering "/app/components/ui/dropdown-menu.tsx"
2025-10-26T23:22:04.505966Z  INFO scan_sources: tailwindcss_oxide::scanner: Discovering "/app/components/ui/popover.tsx"
2025-10-26T23:22:04.505992Z  INFO scan_sources: tailwindcss_oxide::scanner: Discovering "/app/components/ui/navigation-menu.tsx"
2025-10-26T23:22:04.506081Z  INFO scan_sources: tailwindcss_oxide::scanner: Discovering "/app/components/ui/switch.tsx"
2025-10-26T23:22:04.506125Z  INFO scan_sources: tailwindcss_oxide::scanner: Discovering "/app/components/ui/kbd.tsx"
2025-10-26T23:22:04.506151Z  INFO scan_sources: tailwindcss_oxide::scanner: Discovering "/app/components/ui/item.tsx"
2025-10-26T23:22:04.506185Z  INFO scan_sources: tailwindcss_oxide::scanner: Discovering "/app/components/ui/tabs.tsx"
2025-10-26T23:22:04.506209Z  INFO scan_sources: tailwindcss_oxide::scanner: Discovering "/app/components/ui/toggle.tsx"
2025-10-26T23:22:04.506234Z  INFO scan_sources: tailwindcss_oxide::scanner: Discovering "/app/components/ui/badge.tsx"
2025-10-26T23:22:04.506260Z  INFO scan_sources: tailwindcss_oxide::scanner: Discovering "/app/components/ui/empty.tsx"
2025-10-26T23:22:04.506292Z  INFO scan_sources: tailwindcss_oxide::scanner: Discovering "/app/components/ui/alert.tsx"
2025-10-26T23:22:04.506318Z  INFO scan_sources: tailwindcss_oxide::scanner: Discovering "/app/components/ui/resizable.tsx"
2025-10-26T23:22:04.506334Z  INFO scan_sources: tailwindcss_oxide::scanner: Discovering "/app/components/ui/toggle-group.tsx"
2025-10-26T23:22:04.506346Z  INFO scan_sources: tailwindcss_oxide::scanner: Discovering "/app/components/ui/sheet.tsx"
2025-10-26T23:22:04.506422Z  INFO scan_sources: tailwindcss_oxide::scanner: Discovering "/app/components/ui/button.tsx"
2025-10-26T23:22:04.506451Z  INFO scan_sources: tailwindcss_oxide::scanner: Discovering "/app/components/ui/separator.tsx"
2025-10-26T23:22:04.506472Z  INFO scan_sources: tailwindcss_oxide::scanner: Discovering "/app/components/ui/toast.tsx"
2025-10-26T23:22:04.506485Z  INFO scan_sources: tailwindcss_oxide::scanner: Discovering "/app/components/ui/card.tsx"
2025-10-26T23:22:04.506497Z  INFO scan_sources: tailwindcss_oxide::scanner: Discovering "/app/components/ui/checkbox.tsx"
2025-10-26T23:22:04.506509Z  INFO scan_sources: tailwindcss_oxide::scanner: Discovering "/app/components/ui/slider.tsx"
2025-10-26T23:22:04.506536Z  INFO scan_sources: tailwindcss_oxide::scanner: Discovering "/app/components/ui/field.tsx"
2025-10-26T23:22:04.506585Z  INFO scan_sources: tailwindcss_oxide::scanner: Discovering "/app/components/ui/sidebar.tsx"
2025-10-26T23:22:04.506607Z  INFO scan_sources: tailwindcss_oxide::scanner: Discovering "/app/components/ui/toaster.tsx"
2025-10-26T23:22:04.506621Z  INFO scan_sources: tailwindcss_oxide::scanner: Discovering "/app/components/ui/drawer.tsx"
2025-10-26T23:22:04.506683Z  INFO scan_sources: tailwindcss_oxide::scanner: Discovering "/app/components/ui/input-otp.tsx"
2025-10-26T23:22:04.506705Z  INFO scan_sources: tailwindcss_oxide::scanner: Discovering "/app/components/ui/radio-group.tsx"
2025-10-26T23:22:04.506744Z  INFO scan_sources: tailwindcss_oxide::scanner: Discovering "/app/components/ui/skeleton.tsx"
2025-10-26T23:22:04.506759Z  INFO scan_sources: tailwindcss_oxide::scanner: Discovering "/app/components/ui/table.tsx"
2025-10-26T23:22:04.506778Z  INFO scan_sources: tailwindcss_oxide::scanner: Discovering "/app/components/ui/tooltip.tsx"
2025-10-26T23:22:04.506800Z  INFO scan_sources: tailwindcss_oxide::scanner: Discovering "/app/components/ui/context-menu.tsx"
2025-10-26T23:22:04.506821Z  INFO scan_sources: tailwindcss_oxide::scanner: Discovering "/app/components/ui/select.tsx"
2025-10-26T23:22:04.506851Z  INFO scan_sources: tailwindcss_oxide::scanner: Discovering "/app/components/ui/spinner.tsx"
2025-10-26T23:22:04.506884Z  INFO scan_sources: tailwindcss_oxide::scanner: Discovering "/app/components/ui/command.tsx"
2025-10-26T23:22:04.506898Z  INFO scan_sources: tailwindcss_oxide::scanner: Discovering "/app/components/ui/carousel.tsx"
2025-10-26T23:22:04.506970Z  INFO scan_sources: tailwindcss_oxide::scanner: Discovering "/app/components/login-form.tsx"
2025-10-26T23:22:04.506993Z  INFO scan_sources: tailwindcss_oxide::scanner: Discovering "/app/components/maintenance-page.tsx"
2025-10-26T23:22:04.507019Z  INFO scan_sources: tailwindcss_oxide::scanner: Discovering "/app/components/query-interface.tsx"
2025-10-26T23:22:04.507101Z  INFO scan_sources: tailwindcss_oxide::scanner: Discovering "/app/components/query-result.tsx"
2025-10-26T23:22:04.507143Z  INFO scan_sources: tailwindcss_oxide::scanner: Discovering "/app/tsconfig.json"
2025-10-26T23:22:04.507209Z  INFO scan_sources: tailwindcss_oxide::scanner: Discovering "/app/components.json"
2025-10-26T23:22:04.507255Z  INFO scan_sources: tailwindcss_oxide::scanner: Discovering "/app/hooks"
2025-10-26T23:22:04.507318Z  INFO scan_sources: tailwindcss_oxide::scanner: Discovering "/app/hooks/use-toast.ts"
2025-10-26T23:22:04.507351Z  INFO scan_sources: tailwindcss_oxide::scanner: Discovering "/app/hooks/use-mobile.ts"
2025-10-26T23:22:04.507530Z  INFO scan_sources: tailwindcss_oxide::scanner: exit
2025-10-26T23:22:04.507555Z  INFO extract_candidates: tailwindcss_oxide::scanner: enter
2025-10-26T23:22:04.507601Z  INFO extract_candidates:read_all_files: tailwindcss_oxide::scanner: enter
2025-10-26T23:22:04.507614Z  INFO extract_candidates:read_all_files: tailwindcss_oxide::scanner: Reading 108 file(s)
2025-10-26T23:22:04.510008Z  INFO tailwindcss_oxide::scanner: Reading "/app/eslint.config.js"
2025-10-26T23:22:04.510099Z  INFO tailwindcss_oxide::scanner: Reading "/app/next-env.d.ts"
2025-10-26T23:22:04.510015Z  INFO tailwindcss_oxide::scanner: Reading "/app/components/ui/use-mobile.tsx"
2025-10-26T23:22:04.510149Z  INFO tailwindcss_oxide::scanner: Reading "/app/lib/firebase-admin.ts"
2025-10-26T23:22:04.510162Z  INFO tailwindcss_oxide::scanner: Reading "/app/components/ui/textarea.tsx"
2025-10-26T23:22:04.510183Z  INFO tailwindcss_oxide::scanner: Reading "/app/lib/auth.ts"
2025-10-26T23:22:04.510217Z  INFO tailwindcss_oxide::scanner: Reading "/app/lib/utils.ts"
2025-10-26T23:22:04.510237Z  INFO tailwindcss_oxide::scanner: Reading "/app/components/ui/alert-dialog.tsx"
2025-10-26T23:22:04.510242Z  INFO tailwindcss_oxide::scanner: Reading "/app/lib/firebase.ts"
2025-10-26T23:22:04.510282Z  INFO tailwindcss_oxide::scanner: Reading "/app/postcss.config.mjs"
2025-10-26T23:22:04.510315Z  INFO tailwindcss_oxide::scanner: Reading "/app/package.json"
2025-10-26T23:22:04.510315Z  INFO tailwindcss_oxide::scanner: Reading "/app/components/ui/scroll-area.tsx"
2025-10-26T23:22:04.510357Z  INFO tailwindcss_oxide::scanner: Reading "/app/components/ui/aspect-ratio.tsx"
2025-10-26T23:22:04.510406Z  INFO tailwindcss_oxide::scanner: Reading "/app/app/settings/page.tsx"
2025-10-26T23:22:04.510471Z  INFO tailwindcss_oxide::scanner: Reading "/app/components/ui/separator.tsx"
2025-10-26T23:22:04.510520Z  INFO tailwindcss_oxide::scanner: Reading "/app/components/ui/menubar.tsx"
2025-10-26T23:22:04.510537Z  INFO tailwindcss_oxide::scanner: Reading "/app/components/ui/toast.tsx"
2025-10-26T23:22:04.510594Z  INFO tailwindcss_oxide::scanner: Reading "/app/components/ui/card.tsx"
2025-10-26T23:22:04.510626Z  INFO tailwindcss_oxide::scanner: Reading "/app/app/layout.tsx"
2025-10-26T23:22:04.510629Z  INFO tailwindcss_oxide::scanner: Reading "/app/components/ui/input-group.tsx"
2025-10-26T23:22:04.510690Z  INFO tailwindcss_oxide::scanner: Reading "/app/components/ui/checkbox.tsx"
2025-10-26T23:22:04.510737Z  INFO tailwindcss_oxide::scanner: Reading "/app/components/ui/label.tsx"
2025-10-26T23:22:04.510692Z  INFO tailwindcss_oxide::scanner: Reading "/app/app/profile/loading.tsx"
2025-10-26T23:22:04.510769Z  INFO tailwindcss_oxide::scanner: Reading "/app/components/ui/progress.tsx"
2025-10-26T23:22:04.510795Z  INFO tailwindcss_oxide::scanner: Reading "/app/components/ui/collapsible.tsx"
2025-10-26T23:22:04.510808Z  INFO tailwindcss_oxide::scanner: Reading "/app/components/ui/slider.tsx"
2025-10-26T23:22:04.510932Z  INFO tailwindcss_oxide::scanner: Reading "/app/components/ui/chart.tsx"
2025-10-26T23:22:04.510358Z  INFO tailwindcss_oxide::scanner: Reading "/app/README.md"
2025-10-26T23:22:04.511004Z  INFO tailwindcss_oxide::scanner: Reading "/app/app/FirebaseProvider.tsx"
2025-10-26T23:22:04.511027Z  INFO tailwindcss_oxide::scanner: Reading "/app/app/profile/page.tsx"
2025-10-26T23:22:04.511060Z  INFO tailwindcss_oxide::scanner: Reading "/app/app/page.tsx"
2025-10-26T23:22:04.510933Z  INFO tailwindcss_oxide::scanner: Reading "/app/components/ui/field.tsx"
2025-10-26T23:22:04.511169Z  INFO tailwindcss_oxide::scanner: Reading "/app/app/maintenance/page.tsx"
2025-10-26T23:22:04.511273Z  INFO tailwindcss_oxide::scanner: Reading "/app/app/vip/loading.tsx"
2025-10-26T23:22:04.511292Z  INFO tailwindcss_oxide::scanner: Reading "/app/app/api/user-profile/route.ts"
2025-10-26T23:22:04.511070Z  INFO tailwindcss_oxide::scanner: Reading "/app/components/ui/accordion.tsx"
2025-10-26T23:22:04.511347Z  INFO tailwindcss_oxide::scanner: Reading "/app/app/api/query/route.ts"
2025-10-26T23:22:04.511321Z  INFO tailwindcss_oxide::scanner: Reading "/app/app/vip/page.tsx"
2025-10-26T23:22:04.511429Z  INFO tailwindcss_oxide::scanner: Reading "/app/app/boss/loading.tsx"
2025-10-26T23:22:04.511472Z  INFO tailwindcss_oxide::scanner: Reading "/app/components/ui/dropdown-menu.tsx"
2025-10-26T23:22:04.511491Z  INFO tailwindcss_oxide::scanner: Reading "/app/app/api/user-activity/route.ts"
2025-10-26T23:22:04.511514Z  INFO tailwindcss_oxide::scanner: Reading "/app/components/ui/sidebar.tsx"
2025-10-26T23:22:04.511644Z  INFO tailwindcss_oxide::scanner: Reading "/app/app/api/verify-token/route.ts"
2025-10-26T23:22:04.511659Z  INFO tailwindcss_oxide::scanner: Reading "/app/components/ui/popover.tsx"
2025-10-26T23:22:04.511690Z  INFO tailwindcss_oxide::scanner: Reading "/app/app/api/heartbeat/route.ts"
2025-10-26T23:22:04.511705Z  INFO tailwindcss_oxide::scanner: Reading "/app/components/ui/navigation-menu.tsx"
2025-10-26T23:22:04.511734Z  INFO tailwindcss_oxide::scanner: Reading "/app/app/api/admin/users/route.ts"
2025-10-26T23:22:04.511765Z  INFO tailwindcss_oxide::scanner: Reading "/app/components/ui/toaster.tsx"
2025-10-26T23:22:04.511820Z  INFO tailwindcss_oxide::scanner: Reading "/app/app/api/admin/notifications/route.ts"
2025-10-26T23:22:04.511862Z  INFO tailwindcss_oxide::scanner: Reading "/app/components/ui/switch.tsx"
2025-10-26T23:22:04.511833Z  INFO tailwindcss_oxide::scanner: Reading "/app/components/ui/drawer.tsx"
2025-10-26T23:22:04.511889Z  INFO tailwindcss_oxide::scanner: Reading "/app/components/ui/kbd.tsx"
2025-10-26T23:22:04.511898Z  INFO tailwindcss_oxide::scanner: Reading "/app/app/api/admin/devices/route.ts"
2025-10-26T23:22:04.511907Z  INFO tailwindcss_oxide::scanner: Reading "/app/components/ui/item.tsx"
2025-10-26T23:22:04.511906Z  INFO tailwindcss_oxide::scanner: Reading "/app/components/ui/input-otp.tsx"
2025-10-26T23:22:04.511911Z  INFO tailwindcss_oxide::scanner: Reading "/app/app/boss/page.tsx"
2025-10-26T23:22:04.511932Z  INFO tailwindcss_oxide::scanner: Reading "/app/app/api/admin/maintenance/route.ts"
2025-10-26T23:22:04.511934Z  INFO tailwindcss_oxide::scanner: Reading "/app/components/ui/radio-group.tsx"
2025-10-26T23:22:04.511960Z  INFO tailwindcss_oxide::scanner: Reading "/app/components/ui/skeleton.tsx"
2025-10-26T23:22:04.511966Z  INFO tailwindcss_oxide::scanner: Reading "/app/components/ui/tabs.tsx"
2025-10-26T23:22:04.511985Z  INFO tailwindcss_oxide::scanner: Reading "/app/components/ui/table.tsx"
2025-10-26T23:22:04.512024Z  INFO tailwindcss_oxide::scanner: Reading "/app/app/api/admin/active/route.ts"
2025-10-26T23:22:04.512030Z  INFO tailwindcss_oxide::scanner: Reading "/app/components/ui/toggle.tsx"
2025-10-26T23:22:04.512058Z  INFO tailwindcss_oxide::scanner: Reading "/app/app/api/admin/queries/route.ts"
2025-10-26T23:22:04.512032Z  INFO tailwindcss_oxide::scanner: Reading "/app/components/ui/tooltip.tsx"
2025-10-26T23:22:04.512079Z  INFO tailwindcss_oxide::scanner: Reading "/app/components/ui/badge.tsx"
2025-10-26T23:22:04.512098Z  INFO tailwindcss_oxide::scanner: Reading "/app/components/ui/context-menu.tsx"
2025-10-26T23:22:04.512123Z  INFO tailwindcss_oxide::scanner: Reading "/app/app/api/admin/logs/route.ts"
2025-10-26T23:22:04.512161Z  INFO tailwindcss_oxide::scanner: Reading "/app/app/api/maintenance-check/route.ts"
2025-10-26T23:22:04.512177Z  INFO tailwindcss_oxide::scanner: Reading "/app/components/ui/empty.tsx"
2025-10-26T23:22:04.512189Z  INFO tailwindcss_oxide::scanner: Reading "/app/app/api/test-firebase/route.ts"
2025-10-26T23:22:04.512213Z  INFO tailwindcss_oxide::scanner: Reading "/app/components/ui/select.tsx"
2025-10-26T23:22:04.512347Z  INFO tailwindcss_oxide::scanner: Reading "/app/app/settings/loading.tsx"
2025-10-26T23:22:04.512403Z  INFO tailwindcss_oxide::scanner: Reading "/app/app/boss/login/page.tsx"
2025-10-26T23:22:04.512408Z  INFO tailwindcss_oxide::scanner: Reading "/app/components/ui/resizable.tsx"
2025-10-26T23:22:04.512279Z  INFO tailwindcss_oxide::scanner: Reading "/app/components/ui/alert.tsx"
2025-10-26T23:22:04.512436Z  INFO tailwindcss_oxide::scanner: Reading "/app/next.config.mjs"
2025-10-26T23:22:04.512447Z  INFO tailwindcss_oxide::scanner: Reading "/app/components/ui/toggle-group.tsx"
2025-10-26T23:22:04.512466Z  INFO tailwindcss_oxide::scanner: Reading "/app/jules-scratch/verification/full_verification.py"
2025-10-26T23:22:04.512481Z  INFO tailwindcss_oxide::scanner: Reading "/app/components/ui/spinner.tsx"
2025-10-26T23:22:04.512484Z  INFO tailwindcss_oxide::scanner: Reading "/app/components/ui/sheet.tsx"
2025-10-26T23:22:04.512500Z  INFO tailwindcss_oxide::scanner: Reading "/app/jules-scratch/verification/trigger_query.py"
2025-10-26T23:22:04.512512Z  INFO tailwindcss_oxide::scanner: Reading "/app/components/ui/command.tsx"
2025-10-26T23:22:04.512521Z  INFO tailwindcss_oxide::scanner: Reading "/app/components/ui/button.tsx"
2025-10-26T23:22:04.512559Z  INFO tailwindcss_oxide::scanner: Reading "/app/components/ui/input.tsx"
2025-10-26T23:22:04.512621Z  INFO tailwindcss_oxide::scanner: Reading "/app/components/ui/carousel.tsx"
2025-10-26T23:22:04.512645Z  INFO tailwindcss_oxide::scanner: Reading "/app/public/placeholder.svg"
2025-10-26T23:22:04.512648Z  INFO tailwindcss_oxide::scanner: Reading "/app/components/ui/dialog.tsx"
2025-10-26T23:22:04.512658Z  INFO tailwindcss_oxide::scanner: Reading "/app/public/placeholder-logo.svg"
2025-10-26T23:22:04.512689Z  INFO tailwindcss_oxide::scanner: Reading "/app/components/ui/button-group.tsx"
2025-10-26T23:22:04.512700Z  INFO tailwindcss_oxide::scanner: Reading "/app/components/ui/sonner.tsx"
2025-10-26T23:22:04.512715Z  INFO tailwindcss_oxide::scanner: Reading "/app/components/login-form.tsx"
2025-10-26T23:22:04.512723Z  INFO tailwindcss_oxide::scanner: Reading "/app/components/ui/avatar.tsx"
2025-10-26T23:22:04.512729Z  INFO tailwindcss_oxide::scanner: Reading "/app/components/ui/hover-card.tsx"
2025-10-26T23:22:04.512740Z  INFO tailwindcss_oxide::scanner: Reading "/app/components/maintenance-page.tsx"
2025-10-26T23:22:04.512743Z  INFO tailwindcss_oxide::scanner: Reading "/app/components/ui/form.tsx"
2025-10-26T23:22:04.512745Z  INFO tailwindcss_oxide::scanner: Reading "/app/components/ui/use-toast.ts"
2025-10-26T23:22:04.512772Z  INFO tailwindcss_oxide::scanner: Reading "/app/components/ui/breadcrumb.tsx"
2025-10-26T23:22:04.512742Z  INFO tailwindcss_oxide::scanner: Reading "/app/components/theme-provider.tsx"
2025-10-26T23:22:04.512810Z  INFO tailwindcss_oxide::scanner: Reading "/app/components/ui/calendar.tsx"
2025-10-26T23:22:04.512819Z  INFO tailwindcss_oxide::scanner: Reading "/app/components/ui/pagination.tsx"
2025-10-26T23:22:04.512825Z  INFO tailwindcss_oxide::scanner: Reading "/app/components/splash-screen.tsx"
2025-10-26T23:22:04.512846Z  INFO tailwindcss_oxide::scanner: Reading "/app/tsconfig.json"
2025-10-26T23:22:04.512850Z  INFO tailwindcss_oxide::scanner: Reading "/app/hooks/use-toast.ts"
2025-10-26T23:22:04.512853Z  INFO tailwindcss_oxide::scanner: Reading "/app/components.json"
2025-10-26T23:22:04.512867Z  INFO tailwindcss_oxide::scanner: Reading "/app/hooks/use-mobile.ts"
2025-10-26T23:22:04.512952Z  INFO tailwindcss_oxide::scanner: Reading "/app/components/query-interface.tsx"
2025-10-26T23:22:04.513180Z  INFO tailwindcss_oxide::scanner: Reading "/app/components/query-result.tsx"
2025-10-26T23:22:04.513529Z  INFO extract_candidates:read_all_files: tailwindcss_oxide::scanner: exit
2025-10-26T23:22:04.513601Z  INFO extract_candidates:parse_all_blobs: tailwindcss_oxide::scanner: enter
2025-10-26T23:22:04.513608Z  INFO extract_candidates:parse_all_blobs:extract: tailwindcss_oxide::scanner: enter
2025-10-26T23:22:04.520993Z  INFO extract_candidates:parse_all_blobs:extract: tailwindcss_oxide::scanner: exit
2025-10-26T23:22:04.521077Z  INFO extract_candidates:parse_all_blobs: tailwindcss_oxide::scanner: exit
2025-10-26T23:22:04.521093Z  INFO extract_candidates:read_all_files: tailwindcss_oxide::scanner: enter
2025-10-26T23:22:04.521099Z  INFO extract_candidates:read_all_files: tailwindcss_oxide::scanner: Reading 2 file(s)
2025-10-26T23:22:04.521289Z  INFO tailwindcss_oxide::scanner: Reading "/app/app/globals.css"
2025-10-26T23:22:04.521445Z  INFO tailwindcss_oxide::scanner: Reading "/app/styles/globals.css"
2025-10-26T23:22:04.521553Z  INFO extract_candidates:read_all_files: tailwindcss_oxide::scanner: exit
2025-10-26T23:22:04.521574Z  INFO extract_candidates:extract_css_variables: tailwindcss_oxide::scanner: enter
2025-10-26T23:22:04.521580Z  INFO extract_candidates:extract_css_variables:extract: tailwindcss_oxide::scanner: enter
2025-10-26T23:22:04.521948Z  INFO extract_candidates:extract_css_variables:extract: tailwindcss_oxide::scanner: exit
2025-10-26T23:22:04.521969Z  INFO extract_candidates:extract_css_variables: tailwindcss_oxide::scanner: exit
2025-10-26T23:22:04.523659Z  INFO extract_candidates: tailwindcss_oxide::scanner: exit
2025-10-26T23:22:04.525552Z  INFO get_files: tailwindcss_oxide::scanner: enter
2025-10-26T23:22:04.525585Z  INFO get_files:scan_sources: tailwindcss_oxide::scanner: enter
2025-10-26T23:22:04.526236Z  INFO get_files:scan_sources: tailwindcss_oxide::scanner: Discovering "/app/lib"
2025-10-26T23:22:04.526575Z  INFO get_files:scan_sources: tailwindcss_oxide::scanner: Discovering "/app/app"
2025-10-26T23:22:04.526708Z  INFO get_files:scan_sources: tailwindcss_oxide::scanner: Discovering "/app/app/maintenance"
2025-10-26T23:22:04.526778Z  INFO get_files:scan_sources: tailwindcss_oxide::scanner: Discovering "/app/app/api"
2025-10-26T23:22:04.526879Z  INFO get_files:scan_sources: tailwindcss_oxide::scanner: Discovering "/app/app/api/user-profile"
2025-10-26T23:22:04.526973Z  INFO get_files:scan_sources: tailwindcss_oxide::scanner: Discovering "/app/app/api/query"
2025-10-26T23:22:04.527040Z  INFO get_files:scan_sources: tailwindcss_oxide::scanner: Discovering "/app/app/api/user-activity"
2025-10-26T23:22:04.527135Z  INFO get_files:scan_sources: tailwindcss_oxide::scanner: Discovering "/app/app/api/verify-token"
2025-10-26T23:22:04.527185Z  INFO get_files:scan_sources: tailwindcss_oxide::scanner: Discovering "/app/app/api/heartbeat"
2025-10-26T23:22:04.527229Z  INFO get_files:scan_sources: tailwindcss_oxide::scanner: Discovering "/app/app/api/admin"
2025-10-26T23:22:04.527292Z  INFO get_files:scan_sources: tailwindcss_oxide::scanner: Discovering "/app/app/api/admin/users"
2025-10-26T23:22:04.527420Z  INFO get_files:scan_sources: tailwindcss_oxide::scanner: Discovering "/app/app/api/admin/notifications"
2025-10-26T23:22:04.527507Z  INFO get_files:scan_sources: tailwindcss_oxide::scanner: Discovering "/app/app/api/admin/devices"
2025-10-26T23:22:04.527591Z  INFO get_files:scan_sources: tailwindcss_oxide::scanner: Discovering "/app/app/api/admin/maintenance"
2025-10-26T23:22:04.527679Z  INFO get_files:scan_sources: tailwindcss_oxide::scanner: Discovering "/app/app/api/admin/active"
2025-10-26T23:22:04.527727Z  INFO get_files:scan_sources: tailwindcss_oxide::scanner: Discovering "/app/app/api/admin/queries"
2025-10-26T23:22:04.527770Z  INFO get_files:scan_sources: tailwindcss_oxide::scanner: Discovering "/app/app/api/admin/logs"
2025-10-26T23:22:04.527819Z  INFO get_files:scan_sources: tailwindcss_oxide::scanner: Discovering "/app/app/api/maintenance-check"
2025-10-26T23:22:04.527910Z  INFO get_files:scan_sources: tailwindcss_oxide::scanner: Discovering "/app/app/api/test-firebase"
2025-10-26T23:22:04.528049Z  INFO get_files:scan_sources: tailwindcss_oxide::scanner: Discovering "/app/app/settings"
2025-10-26T23:22:04.528292Z  INFO get_files:scan_sources: tailwindcss_oxide::scanner: Discovering "/app/app/profile"
2025-10-26T23:22:04.528477Z  INFO get_files:scan_sources: tailwindcss_oxide::scanner: Discovering "/app/app/vip"
2025-10-26T23:22:04.528658Z  INFO get_files:scan_sources: tailwindcss_oxide::scanner: Discovering "/app/app/boss"
2025-10-26T23:22:04.528782Z  INFO get_files:scan_sources: tailwindcss_oxide::scanner: Discovering "/app/app/boss/login"
2025-10-26T23:22:04.528882Z  INFO get_files:scan_sources: tailwindcss_oxide::scanner: Discovering "/app/styles"
2025-10-26T23:22:04.529088Z  INFO get_files:scan_sources: tailwindcss_oxide::scanner: Discovering "/app/jules-scratch"
2025-10-26T23:22:04.529160Z  INFO get_files:scan_sources: tailwindcss_oxide::scanner: Discovering "/app/jules-scratch/verification"
2025-10-26T23:22:04.529288Z  INFO get_files:scan_sources: tailwindcss_oxide::scanner: Discovering "/app/public"
2025-10-26T23:22:04.529474Z  INFO get_files:scan_sources: tailwindcss_oxide::scanner: Discovering "/app/components"
2025-10-26T23:22:04.529592Z  INFO get_files:scan_sources: tailwindcss_oxide::scanner: Discovering "/app/components/ui"
2025-10-26T23:22:04.530586Z  INFO get_files:scan_sources: tailwindcss_oxide::scanner: Discovering "/app/hooks"
2025-10-26T23:22:04.530767Z  INFO get_files:scan_sources: tailwindcss_oxide::scanner: exit
2025-10-26T23:22:04.531194Z  INFO get_files: tailwindcss_oxide::scanner: exit
2025-10-26T23:22:04.532019Z  INFO get_globs: tailwindcss_oxide::scanner: enter
2025-10-26T23:22:04.532043Z  INFO get_globs:scan_sources: tailwindcss_oxide::scanner: enter
2025-10-26T23:22:04.533216Z  INFO get_globs:scan_sources: tailwindcss_oxide::scanner: Discovering "/app/lib"
2025-10-26T23:22:04.533514Z  INFO get_globs:scan_sources: tailwindcss_oxide::scanner: Discovering "/app/app"
2025-10-26T23:22:04.533674Z  INFO get_globs:scan_sources: tailwindcss_oxide::scanner: Discovering "/app/app/maintenance"
2025-10-26T23:22:04.533776Z  INFO get_globs:scan_sources: tailwindcss_oxide::scanner: Discovering "/app/app/api"
2025-10-26T23:22:04.533877Z  INFO get_globs:scan_sources: tailwindcss_oxide::scanner: Discovering "/app/app/api/user-profile"
2025-10-26T23:22:04.533969Z  INFO get_globs:scan_sources: tailwindcss_oxide::scanner: Discovering "/app/app/api/query"
2025-10-26T23:22:04.534089Z  INFO get_globs:scan_sources: tailwindcss_oxide::scanner: Discovering "/app/app/api/user-activity"
2025-10-26T23:22:04.534188Z  INFO get_globs:scan_sources: tailwindcss_oxide::scanner: Discovering "/app/app/api/verify-token"
2025-10-26T23:22:04.534260Z  INFO get_globs:scan_sources: tailwindcss_oxide::scanner: Discovering "/app/app/api/heartbeat"
2025-10-26T23:22:04.534482Z  INFO get_globs:scan_sources: tailwindcss_oxide::scanner: Discovering "/app/app/api/admin"
2025-10-26T23:22:04.534523Z  INFO get_globs:scan_sources: tailwindcss_oxide::scanner: Discovering "/app/app/api/admin/users"
2025-10-26T23:22:04.534679Z  INFO get_globs:scan_sources: tailwindcss_oxide::scanner: Discovering "/app/app/api/admin/notifications"
2025-10-26T23:22:04.534739Z  INFO get_globs:scan_sources: tailwindcss_oxide::scanner: Discovering "/app/app/api/admin/devices"
2025-10-26T23:22:04.534784Z  INFO get_globs:scan_sources: tailwindcss_oxide::scanner: Discovering "/app/app/api/admin/maintenance"
2025-10-26T23:22:04.534825Z  INFO get_globs:scan_sources: tailwindcss_oxide::scanner: Discovering "/app/app/api/admin/active"
2025-10-26T23:22:04.534942Z  INFO get_globs:scan_sources: tailwindcss_oxide::scanner: Discovering "/app/app/api/admin/queries"
2025-10-26T23:22:04.534988Z  INFO get_globs:scan_sources: tailwindcss_oxide::scanner: Discovering "/app/app/api/admin/logs"
2025-10-26T23:22:04.535036Z  INFO get_globs:scan_sources: tailwindcss_oxide::scanner: Discovering "/app/app/api/maintenance-check"
2025-10-26T23:22:04.535079Z  INFO get_globs:scan_sources: tailwindcss_oxide::scanner: Discovering "/app/app/api/test-firebase"
2025-10-26T23:22:04.535136Z  INFO get_globs:scan_sources: tailwindcss_oxide::scanner: Discovering "/app/app/settings"
2025-10-26T23:22:04.535289Z  INFO get_globs:scan_sources: tailwindcss_oxide::scanner: Discovering "/app/app/profile"
2025-10-26T23:22:04.535476Z  INFO get_globs:scan_sources: tailwindcss_oxide::scanner: Discovering "/app/app/vip"
2025-10-26T23:22:04.535542Z  INFO get_globs:scan_sources: tailwindcss_oxide::scanner: Discovering "/app/app/boss"
2025-10-26T23:22:04.535595Z  INFO get_globs:scan_sources: tailwindcss_oxide::scanner: Discovering "/app/app/boss/login"
2025-10-26T23:22:04.535650Z  INFO get_globs:scan_sources: tailwindcss_oxide::scanner: Discovering "/app/styles"
2025-10-26T23:22:04.535818Z  INFO get_globs:scan_sources: tailwindcss_oxide::scanner: Discovering "/app/jules-scratch"
2025-10-26T23:22:04.535879Z  INFO get_globs:scan_sources: tailwindcss_oxide::scanner: Discovering "/app/jules-scratch/verification"
2025-10-26T23:22:04.535996Z  INFO get_globs:scan_sources: tailwindcss_oxide::scanner: Discovering "/app/public"
2025-10-26T23:22:04.536136Z  INFO get_globs:scan_sources: tailwindcss_oxide::scanner: Discovering "/app/components"
2025-10-26T23:22:04.536212Z  INFO get_globs:scan_sources: tailwindcss_oxide::scanner: Discovering "/app/components/ui"
2025-10-26T23:22:04.537498Z  INFO get_globs:scan_sources: tailwindcss_oxide::scanner: Discovering "/app/hooks"
2025-10-26T23:22:04.537702Z  INFO get_globs:scan_sources: tailwindcss_oxide::scanner: exit
2025-10-26T23:22:04.539911Z  INFO get_globs: tailwindcss_oxide::scanner: exit
2025-10-26T23:22:48.600925Z  INFO scan_sources: tailwindcss_oxide::scanner: enter
2025-10-26T23:22:48.601757Z  INFO scan_sources: tailwindcss_oxide::scanner: Discovering "/app/lib"
2025-10-26T23:22:48.601909Z  INFO scan_sources: tailwindcss_oxide::scanner: Discovering "/app/app"
2025-10-26T23:22:48.601970Z  INFO scan_sources: tailwindcss_oxide::scanner: Discovering "/app/app/maintenance"
2025-10-26T23:22:48.602019Z  INFO scan_sources: tailwindcss_oxide::scanner: Discovering "/app/app/api"
2025-10-26T23:22:48.602067Z  INFO scan_sources: tailwindcss_oxide::scanner: Discovering "/app/app/api/user-profile"
2025-10-26T23:22:48.602124Z  INFO scan_sources: tailwindcss_oxide::scanner: Discovering "/app/app/api/query"
2025-10-26T23:22:48.602174Z  INFO scan_sources: tailwindcss_oxide::scanner: Discovering "/app/app/api/user-activity"
2025-10-26T23:22:48.602223Z  INFO scan_sources: tailwindcss_oxide::scanner: Discovering "/app/app/api/verify-token"
2025-10-26T23:22:48.602273Z  INFO scan_sources: tailwindcss_oxide::scanner: Discovering "/app/app/api/heartbeat"
2025-10-26T23:22:48.602361Z  INFO scan_sources: tailwindcss_oxide::scanner: Discovering "/app/app/api/admin"
2025-10-26T23:22:48.602403Z  INFO scan_sources: tailwindcss_oxide::scanner: Discovering "/app/app/api/admin/users"
2025-10-26T23:22:48.602460Z  INFO scan_sources: tailwindcss_oxide::scanner: Discovering "/app/app/api/admin/notifications"
2025-10-26T23:22:48.602509Z  INFO scan_sources: tailwindcss_oxide::scanner: Discovering "/app/app/api/admin/devices"
2025-10-26T23:22:48.602554Z  INFO scan_sources: tailwindcss_oxide::scanner: Discovering "/app/app/api/admin/maintenance"
2025-10-26T23:22:48.602599Z  INFO scan_sources: tailwindcss_oxide::scanner: Discovering "/app/app/api/admin/active"
2025-10-26T23:22:48.602644Z  INFO scan_sources: tailwindcss_oxide::scanner: Discovering "/app/app/api/admin/queries"
2025-10-26T23:22:48.602688Z  INFO scan_sources: tailwindcss_oxide::scanner: Discovering "/app/app/api/admin/logs"
2025-10-26T23:22:48.602741Z  INFO scan_sources: tailwindcss_oxide::scanner: Discovering "/app/app/api/maintenance-check"
2025-10-26T23:22:48.602787Z  INFO scan_sources: tailwindcss_oxide::scanner: Discovering "/app/app/api/test-firebase"
2025-10-26T23:22:48.602837Z  INFO scan_sources: tailwindcss_oxide::scanner: Discovering "/app/app/settings"
2025-10-26T23:22:48.602895Z  INFO scan_sources: tailwindcss_oxide::scanner: Discovering "/app/app/profile"
2025-10-26T23:22:48.602946Z  INFO scan_sources: tailwindcss_oxide::scanner: Discovering "/app/app/vip"
2025-10-26T23:22:48.602996Z  INFO scan_sources: tailwindcss_oxide::scanner: Discovering "/app/app/boss"
2025-10-26T23:22:48.603062Z  INFO scan_sources: tailwindcss_oxide::scanner: Discovering "/app/app/boss/login"
2025-10-26T23:22:48.603118Z  INFO scan_sources: tailwindcss_oxide::scanner: Discovering "/app/styles"
2025-10-26T23:22:48.603234Z  INFO scan_sources: tailwindcss_oxide::scanner: Discovering "/app/jules-scratch"
2025-10-26T23:22:48.603268Z  INFO scan_sources: tailwindcss_oxide::scanner: Discovering "/app/jules-scratch/verification"
2025-10-26T23:22:48.603372Z  INFO scan_sources: tailwindcss_oxide::scanner: Discovering "/app/public"
2025-10-26T23:22:48.603442Z  INFO scan_sources: tailwindcss_oxide::scanner: Discovering "/app/components"
2025-10-26T23:22:48.603495Z  INFO scan_sources: tailwindcss_oxide::scanner: Discovering "/app/components/ui"
2025-10-26T23:22:48.603952Z  INFO scan_sources: tailwindcss_oxide::scanner: Discovering "/app/hooks"
2025-10-26T23:22:48.604062Z  INFO scan_sources: tailwindcss_oxide::scanner: exit
2025-10-26T23:22:48.604071Z  INFO extract_candidates: tailwindcss_oxide::scanner: enter
2025-10-26T23:22:48.604076Z  INFO extract_candidates:read_all_files: tailwindcss_oxide::scanner: enter
2025-10-26T23:22:48.604080Z  INFO extract_candidates:read_all_files: tailwindcss_oxide::scanner: Reading 0 file(s)
2025-10-26T23:22:48.604085Z  INFO extract_candidates:read_all_files: tailwindcss_oxide::scanner: exit
2025-10-26T23:22:48.604089Z  INFO extract_candidates:parse_all_blobs: tailwindcss_oxide::scanner: enter
2025-10-26T23:22:48.604093Z  INFO extract_candidates:parse_all_blobs:extract: tailwindcss_oxide::scanner: enter
2025-10-26T23:22:48.604098Z  INFO extract_candidates:parse_all_blobs:extract: tailwindcss_oxide::scanner: exit
2025-10-26T23:22:48.604101Z  INFO extract_candidates:parse_all_blobs: tailwindcss_oxide::scanner: exit
2025-10-26T23:22:48.604106Z  INFO extract_candidates: tailwindcss_oxide::scanner: exit
2025-10-26T23:22:48.605811Z  INFO get_files: tailwindcss_oxide::scanner: enter
2025-10-26T23:22:48.605838Z  INFO get_files:scan_sources: tailwindcss_oxide::scanner: enter
2025-10-26T23:22:48.606422Z  INFO get_files:scan_sources: tailwindcss_oxide::scanner: Discovering "/app/lib"
2025-10-26T23:22:48.606559Z  INFO get_files:scan_sources: tailwindcss_oxide::scanner: Discovering "/app/app"
2025-10-26T23:22:48.606616Z  INFO get_files:scan_sources: tailwindcss_oxide::scanner: Discovering "/app/app/maintenance"
2025-10-26T23:22:48.606662Z  INFO get_files:scan_sources: tailwindcss_oxide::scanner: Discovering "/app/app/api"
2025-10-26T23:22:48.606696Z  INFO get_files:scan_sources: tailwindcss_oxide::scanner: Discovering "/app/app/api/user-profile"
2025-10-26T23:22:48.606743Z  INFO get_files:scan_sources: tailwindcss_oxide::scanner: Discovering "/app/app/api/query"
2025-10-26T23:22:48.606786Z  INFO get_files:scan_sources: tailwindcss_oxide::scanner: Discovering "/app/app/api/user-activity"
2025-10-26T23:22:48.606831Z  INFO get_files:scan_sources: tailwindcss_oxide::scanner: Discovering "/app/app/api/verify-token"
2025-10-26T23:22:48.606874Z  INFO get_files:scan_sources: tailwindcss_oxide::scanner: Discovering "/app/app/api/heartbeat"
2025-10-26T23:22:48.606914Z  INFO get_files:scan_sources: tailwindcss_oxide::scanner: Discovering "/app/app/api/admin"
2025-10-26T23:22:48.606948Z  INFO get_files:scan_sources: tailwindcss_oxide::scanner: Discovering "/app/app/api/admin/users"
2025-10-26T23:22:48.606997Z  INFO get_files:scan_sources: tailwindcss_oxide::scanner: Discovering "/app/app/api/admin/notifications"
2025-10-26T23:22:48.607041Z  INFO get_files:scan_sources: tailwindcss_oxide::scanner: Discovering "/app/app/api/admin/devices"
2025-10-26T23:22:48.607092Z  INFO get_files:scan_sources: tailwindcss_oxide::scanner: Discovering "/app/app/api/admin/maintenance"
2025-10-26T23:22:48.607133Z  INFO get_files:scan_sources: tailwindcss_oxide::scanner: Discovering "/app/app/api/admin/active"
2025-10-26T23:22:48.607174Z  INFO get_files:scan_sources: tailwindcss_oxide::scanner: Discovering "/app/app/api/admin/queries"
2025-10-26T23:22:48.607215Z  INFO get_files:scan_sources: tailwindcss_oxide::scanner: Discovering "/app/app/api/admin/logs"
2025-10-26T23:22:48.607273Z  INFO get_files:scan_sources: tailwindcss_oxide::scanner: Discovering "/app/app/api/maintenance-check"
2025-10-26T23:22:48.607351Z  INFO get_files:scan_sources: tailwindcss_oxide::scanner: Discovering "/app/app/api/test-firebase"
2025-10-26T23:22:48.607403Z  INFO get_files:scan_sources: tailwindcss_oxide::scanner: Discovering "/app/app/settings"
2025-10-26T23:22:48.607458Z  INFO get_files:scan_sources: tailwindcss_oxide::scanner: Discovering "/app/app/profile"
2025-10-26T23:22:48.607507Z  INFO get_files:scan_sources: tailwindcss_oxide::scanner: Discovering "/app/app/vip"
2025-10-26T23:22:48.607553Z  INFO get_files:scan_sources: tailwindcss_oxide::scanner: Discovering "/app/app/boss"
2025-10-26T23:22:48.607597Z  INFO get_files:scan_sources: tailwindcss_oxide::scanner: Discovering "/app/app/boss/login"
2025-10-26T23:22:48.607646Z  INFO get_files:scan_sources: tailwindcss_oxide::scanner: Discovering "/app/styles"
2025-10-26T23:22:48.607748Z  INFO get_files:scan_sources: tailwindcss_oxide::scanner: Discovering "/app/jules-scratch"
2025-10-26T23:22:48.607778Z  INFO get_files:scan_sources: tailwindcss_oxide::scanner: Discovering "/app/jules-scratch/verification"
2025-10-26T23:22:48.607841Z  INFO get_files:scan_sources: tailwindcss_oxide::scanner: Discovering "/app/public"
2025-10-26T23:22:48.607901Z  INFO get_files:scan_sources: tailwindcss_oxide::scanner: Discovering "/app/components"
2025-10-26T23:22:48.607947Z  INFO get_files:scan_sources: tailwindcss_oxide::scanner: Discovering "/app/components/ui"
2025-10-26T23:22:48.608420Z  INFO get_files:scan_sources: tailwindcss_oxide::scanner: Discovering "/app/hooks"
2025-10-26T23:22:48.608512Z  INFO get_files:scan_sources: tailwindcss_oxide::scanner: exit
2025-10-26T23:22:48.608850Z  INFO get_files: tailwindcss_oxide::scanner: exit
2025-10-26T23:22:48.609568Z  INFO get_globs: tailwindcss_oxide::scanner: enter
2025-10-26T23:22:48.609589Z  INFO get_globs: tailwindcss_oxide::scanner: exit
